#-----------------------------------------------------------
# Vivado v2021.1 (64-bit)
# SW Build 3247384 on Thu Jun 10 19:36:07 MDT 2021
# IP Build 3246043 on Fri Jun 11 00:30:35 MDT 2021
# Start of session at: Fri Jul 14 23:37:22 2023
# Process ID: 19800
# Current directory: /home/aaa/Desktop/all_testcases/Design_7
# Command line: vivado -mode tcl -so place_route.tcl
# Log file: /home/aaa/Desktop/all_testcases/Design_7/vivado.log
# Journal file: /home/aaa/Desktop/all_testcases/Design_7/vivado.jou
#-----------------------------------------------------------
source place_route.tcl
# open_checkpoint ./design.dcp
Command: open_checkpoint ./design.dcp

Starting open_checkpoint Task

Time (s): cpu = 00:00:00.13 ; elapsed = 00:00:00.07 . Memory (MB): peak = 2533.020 ; gain = 0.000 ; free physical = 6221 ; free virtual = 25227
INFO: [Device 21-403] Loading part xcvu3p-ffvc1517-1-i
Netlist sorting complete. Time (s): cpu = 00:00:02 ; elapsed = 00:00:03 . Memory (MB): peak = 3258.129 ; gain = 0.000 ; free physical = 4594 ; free virtual = 23681
INFO: [Netlist 29-17] Analyzing 2100 Unisim elements for replacement
INFO: [Netlist 29-28] Unisim Transformation completed in 17 CPU seconds
WARNING: [Netlist 29-43] Netlist 'Design_1_70_STDB' is not ideal for floorplanning, since the cellview 'Design_1_70_STDB' defined in file 'Design_1_70_STDB.v' contains large number of primitives.  Please consider enabling hierarchy in synthesis if you want to do floorplanning.
INFO: [Project 1-479] Netlist was created with Vivado 2021.1
INFO: [Project 1-570] Preparing netlist for logic optimization
INFO: [Timing 38-478] Restoring timing data from binary archive.
INFO: [Timing 38-479] Binary timing data restore complete.
INFO: [Project 1-856] Restoring constraints from binary archive.
INFO: [Constraints 18-5170] The checkpoint was created with non-default parameter values which do not match the current Vivado settings.  Mismatching parameters are:
  general.maxThreads
INFO: [Project 1-853] Binary constraint restore complete.
Netlist sorting complete. Time (s): cpu = 00:00:00.07 ; elapsed = 00:00:00.08 . Memory (MB): peak = 4340.590 ; gain = 0.000 ; free physical = 3843 ; free virtual = 22931
INFO: [Project 1-111] Unisim Transformation Summary:
  A total of 2100 instances were transformed.
  DSP48E2 => DSP48E2 (DSP_ALU, DSP_A_B_DATA, DSP_C_DATA, DSP_MULTIPLIER, DSP_M_DATA, DSP_OUTPUT, DSP_PREADD, DSP_PREADD_DATA): 1824 instances
  IBUF => IBUF (IBUFCTRL, INBUF): 276 instances

INFO: [Project 1-604] Checkpoint was created with Vivado v2021.1 (64-bit) build 3247384
open_checkpoint: Time (s): cpu = 00:01:43 ; elapsed = 00:01:52 . Memory (MB): peak = 4340.590 ; gain = 1807.570 ; free physical = 3843 ; free virtual = 22931
# set_param place.timingDriven false
# place_design  -macro_placement macroplacement.pl -verbose
Command: place_design -macro_placement macroplacement.pl -verbose
Attempting to get a license for feature 'Implementation' and/or device 'xcvu3p'
INFO: [Common 17-349] Got license for feature 'Implementation' and/or device 'xcvu3p'
INFO: [Timing 38-35] Done setting XDC timing constraints.
INFO: [DRC 23-27] Running DRC with 8 threads
INFO: [Vivado_Tcl 4-198] DRC finished with 0 Errors
INFO: [Vivado_Tcl 4-199] Please refer to the DRC report (report_drc) for more information.
Running DRC as a precondition to command place_design
INFO: [DRC 23-27] Running DRC with 8 threads
INFO: [Vivado_Tcl 4-198] DRC finished with 0 Errors
INFO: [Vivado_Tcl 4-199] Please refer to the DRC report (report_drc) for more information.

Starting Placer Task
INFO: [Place 30-611] Multithreading enabled for place_design using a maximum of 8 CPUs

Phase 1 Placer Initialization

Phase 1.1 Placer Initialization Netlist Sorting
Netlist sorting complete. Time (s): cpu = 00:00:00.07 ; elapsed = 00:00:00.06 . Memory (MB): peak = 6746.824 ; gain = 0.000 ; free physical = 1471 ; free virtual = 20560
Phase 1.1 Placer Initialization Netlist Sorting | Checksum: 98a9573b

Time (s): cpu = 00:00:00.16 ; elapsed = 00:00:00.16 . Memory (MB): peak = 6746.824 ; gain = 0.000 ; free physical = 1471 ; free virtual = 20560
Netlist sorting complete. Time (s): cpu = 00:00:00.06 ; elapsed = 00:00:00.06 . Memory (MB): peak = 6746.824 ; gain = 0.000 ; free physical = 1471 ; free virtual = 20560

Phase 1.2 IO Placement/ Clock Placement/ Build Placer Device
Phase 1.2 IO Placement/ Clock Placement/ Build Placer Device | Checksum: 1b21c5f8f

Time (s): cpu = 00:02:32 ; elapsed = 00:02:23 . Memory (MB): peak = 6882.781 ; gain = 135.957 ; free physical = 1400 ; free virtual = 20488

Phase 1.3 Build Placer Netlist Model
Phase 1.3 Build Placer Netlist Model | Checksum: 230c25ea8

Time (s): cpu = 00:02:54 ; elapsed = 00:02:45 . Memory (MB): peak = 7286.422 ; gain = 539.598 ; free physical = 966 ; free virtual = 20054

Phase 1.4 Constrain Clocks/Macros
Phase 1.4 Constrain Clocks/Macros | Checksum: 230c25ea8

Time (s): cpu = 00:02:55 ; elapsed = 00:02:46 . Memory (MB): peak = 7286.422 ; gain = 539.598 ; free physical = 960 ; free virtual = 20049
Phase 1 Placer Initialization | Checksum: 230c25ea8

Time (s): cpu = 00:02:56 ; elapsed = 00:02:47 . Memory (MB): peak = 7286.422 ; gain = 539.598 ; free physical = 925 ; free virtual = 20013

Phase 2 Global Placement

Phase 2.1 Floorplanning

Phase 2.1.1 Partition Driven Placement

Phase 2.1.1.1 PBP: Partition Driven Placement
Phase 2.1.1.1 PBP: Partition Driven Placement | Checksum: 2884fa329

Time (s): cpu = 00:13:05 ; elapsed = 00:07:07 . Memory (MB): peak = 8162.859 ; gain = 1416.035 ; free physical = 583 ; free virtual = 19460

Phase 2.1.1.2 PBP: Clock Region Placement
Phase 2.1.1.2 PBP: Clock Region Placement | Checksum: 19e5f8db6

Time (s): cpu = 00:13:31 ; elapsed = 00:07:34 . Memory (MB): peak = 8162.859 ; gain = 1416.035 ; free physical = 497 ; free virtual = 19374

Phase 2.1.1.3 PBP: Discrete Incremental
Phase 2.1.1.3 PBP: Discrete Incremental | Checksum: 14a0af6fa

Time (s): cpu = 00:13:39 ; elapsed = 00:07:42 . Memory (MB): peak = 8162.859 ; gain = 1416.035 ; free physical = 483 ; free virtual = 19360

Phase 2.1.1.4 PBP: Compute Congestion
Phase 2.1.1.4 PBP: Compute Congestion | Checksum: 14a0af6fa

Time (s): cpu = 00:13:48 ; elapsed = 00:07:47 . Memory (MB): peak = 8194.875 ; gain = 1448.051 ; free physical = 452 ; free virtual = 19329

Phase 2.1.1.5 PBP: Macro Placement
Phase 2.1.1.5 PBP: Macro Placement | Checksum: 1dc71cae0

Time (s): cpu = 00:14:12 ; elapsed = 00:08:11 . Memory (MB): peak = 8194.875 ; gain = 1448.051 ; free physical = 281 ; free virtual = 19158

Phase 2.1.1.6 PBP: Add part constraints
Phase 2.1.1.6 PBP: Add part constraints | Checksum: 1dc71cae0

Time (s): cpu = 00:14:16 ; elapsed = 00:08:15 . Memory (MB): peak = 8194.875 ; gain = 1448.051 ; free physical = 170 ; free virtual = 19047
Phase 2.1.1 Partition Driven Placement | Checksum: 1dc71cae0

Time (s): cpu = 00:14:18 ; elapsed = 00:08:17 . Memory (MB): peak = 8194.875 ; gain = 1448.051 ; free physical = 514 ; free virtual = 19392
Phase 2.1 Floorplanning | Checksum: 1dc71cae0

Time (s): cpu = 00:14:20 ; elapsed = 00:08:19 . Memory (MB): peak = 8194.875 ; gain = 1448.051 ; free physical = 509 ; free virtual = 19386

Phase 2.2 Update Timing before SLR Path Opt
Phase 2.2 Update Timing before SLR Path Opt | Checksum: 1dc71cae0

Time (s): cpu = 00:14:21 ; elapsed = 00:08:20 . Memory (MB): peak = 8194.875 ; gain = 1448.051 ; free physical = 507 ; free virtual = 19384

Phase 2.3 Post-Processing in Floorplanning
Phase 2.3 Post-Processing in Floorplanning | Checksum: 1dc71cae0

Time (s): cpu = 00:14:23 ; elapsed = 00:08:22 . Memory (MB): peak = 8194.875 ; gain = 1448.051 ; free physical = 505 ; free virtual = 19382
INFO: [Place 30-2096]  
INFO: [Place 30-950] Reading placement information from file: macroplacement.pl.
INFO: [Place 30-949] Number of instances to place 2320.
CRITICAL WARNING: [Place 30-943] Failed to place instances in site 'DSP48E2_X0Y0'. DSP_CASCADE_7_inst_b/your_instance_name1/U0/i_synth/i_synth_option.i_synth_model/opt_8series.i_uniwrap/i_primitive/DSP_ALU_INST Instance DSP_CASCADE_7_inst_b/your_instance_name1/U0/i_synth/i_synth_option.i_synth_model/opt_8series.i_uniwrap/i_primitive/DSP_ALU_INST can not be placed in DSP_ALU of site DSP48E2_X0Y0 because the bel is occupied by DSP_CASCADE_7_inst_z/your_instance_name1/U0/i_synth/i_synth_option.i_synth_model/opt_8series.i_uniwrap/i_primitive/DSP_ALU_INST. This could be caused by bel constraint conflict. The instances in this site are: i_primitive, i_primitive, i_primitive, i_primitive, i_primitive, i_primitive, i_primitive, i_primitive, my_dsp, .
CRITICAL WARNING: [Place 30-943] Failed to place instances in site 'DSP48E2_X11Y22'. DSP_config_DSP_inst192_inst_bhvz/my_dsp/DSP_ALU_INST placed on site DSP48E2_X11Y22 rpm (2152, 114)  tile (362, 253) DSP_X59Y55 is outside its area constraints.
. The instances in this site are: my_dsp, .
CRITICAL WARNING: [Place 30-943] Failed to place instances in site 'DSP48E2_X11Y23'. DSP_config_DSP_inst192_inst_bhvv/my_dsp/DSP_ALU_INST placed on site DSP48E2_X11Y23 rpm (2152, 115)  tile (362, 253) DSP_X59Y55 is outside its area constraints.
. The instances in this site are: my_dsp, .
CRITICAL WARNING: [Place 30-943] Failed to place instances in site 'DSP48E2_X11Y24'. DSP_config_DSP_inst192_inst_bhvs/my_dsp/DSP_ALU_INST placed on site DSP48E2_X11Y24 rpm (2152, 126)  tile (362, 247) DSP_X59Y60 is outside its area constraints.
. The instances in this site are: my_dsp, .
CRITICAL WARNING: [Place 30-943] Failed to place instances in site 'DSP48E2_X11Y25'. DSP_config_DSP_inst192_inst_bhvo/my_dsp/DSP_ALU_INST placed on site DSP48E2_X11Y25 rpm (2152, 127)  tile (362, 247) DSP_X59Y60 is outside its area constraints.
. The instances in this site are: my_dsp, .
CRITICAL WARNING: [Place 30-943] Failed to place instances in site 'DSP48E2_X11Y26'. DSP_config_DSP_inst192_inst_bhvm/my_dsp/DSP_ALU_INST placed on site DSP48E2_X11Y26 rpm (2152, 136)  tile (362, 242) DSP_X59Y65 is outside its area constraints.
. The instances in this site are: my_dsp, .
CRITICAL WARNING: [Place 30-943] Failed to place instances in site 'DSP48E2_X11Y27'. DSP_config_DSP_inst192_inst_bhvl/my_dsp/DSP_ALU_INST placed on site DSP48E2_X11Y27 rpm (2152, 137)  tile (362, 242) DSP_X59Y65 is outside its area constraints.
. The instances in this site are: my_dsp, .
CRITICAL WARNING: [Place 30-943] Failed to place instances in site 'DSP48E2_X11Y28'. DSP_config_DSP_inst192_inst_bhvh/my_dsp/DSP_ALU_INST placed on site DSP48E2_X11Y28 rpm (2152, 146)  tile (362, 237) DSP_X59Y70 is outside its area constraints.
. The instances in this site are: my_dsp, .
CRITICAL WARNING: [Place 30-943] Failed to place instances in site 'DSP48E2_X11Y29'. DSP_config_DSP_inst192_inst_bhvf/my_dsp/DSP_ALU_INST placed on site DSP48E2_X11Y29 rpm (2152, 147)  tile (362, 237) DSP_X59Y70 is outside its area constraints.
. The instances in this site are: my_dsp, .
CRITICAL WARNING: [Place 30-943] Failed to place instances in site 'DSP48E2_X11Y30'. DSP_config_DSP_inst192_inst_bhve/my_dsp/DSP_ALU_INST placed on site DSP48E2_X11Y30 rpm (2152, 156)  tile (362, 232) DSP_X59Y75 is outside its area constraints.
. The instances in this site are: my_dsp, .
CRITICAL WARNING: [Place 30-943] Failed to place instances in site 'DSP48E2_X11Y31'. DSP_config_DSP_inst192_inst_bhvb/my_dsp/DSP_ALU_INST placed on site DSP48E2_X11Y31 rpm (2152, 157)  tile (362, 232) DSP_X59Y75 is outside its area constraints.
. The instances in this site are: my_dsp, .
CRITICAL WARNING: [Place 30-943] Failed to place instances in site 'DSP48E2_X11Y33'. DSP_config_DSP_inst192_inst_bhsz/my_dsp/DSP_ALU_INST placed on site DSP48E2_X11Y33 rpm (2152, 167)  tile (362, 227) DSP_X59Y80 is outside its area constraints.
. The instances in this site are: my_dsp, .
CRITICAL WARNING: [Place 30-943] Failed to place instances in site 'DSP48E2_X11Y34'. DSP_config_DSP_inst192_inst_bhsv/my_dsp/DSP_ALU_INST placed on site DSP48E2_X11Y34 rpm (2152, 176)  tile (362, 222) DSP_X59Y85 is outside its area constraints.
. The instances in this site are: my_dsp, .
CRITICAL WARNING: [Place 30-943] Failed to place instances in site 'DSP48E2_X11Y35'. DSP_config_DSP_inst192_inst_bhss/my_dsp/DSP_ALU_INST placed on site DSP48E2_X11Y35 rpm (2152, 177)  tile (362, 222) DSP_X59Y85 is outside its area constraints.
. The instances in this site are: my_dsp, .
CRITICAL WARNING: [Place 30-943] Failed to place instances in site 'DSP48E2_X11Y36'. DSP_config_DSP_inst192_inst_bhso/my_dsp/DSP_ALU_INST placed on site DSP48E2_X11Y36 rpm (2152, 188)  tile (362, 216) DSP_X59Y90 is outside its area constraints.
. The instances in this site are: my_dsp, .
CRITICAL WARNING: [Place 30-943] Failed to place instances in site 'DSP48E2_X11Y37'. DSP_config_DSP_inst192_inst_bhsm/my_dsp/DSP_ALU_INST placed on site DSP48E2_X11Y37 rpm (2152, 189)  tile (362, 216) DSP_X59Y90 is outside its area constraints.
. The instances in this site are: my_dsp, .
CRITICAL WARNING: [Place 30-943] Failed to place instances in site 'DSP48E2_X11Y38'. DSP_config_DSP_inst192_inst_bhsl/my_dsp/DSP_ALU_INST placed on site DSP48E2_X11Y38 rpm (2152, 198)  tile (362, 211) DSP_X59Y95 is outside its area constraints.
. The instances in this site are: my_dsp, .
CRITICAL WARNING: [Place 30-943] Failed to place instances in site 'DSP48E2_X11Y39'. DSP_config_DSP_inst192_inst_bhsh/my_dsp/DSP_ALU_INST placed on site DSP48E2_X11Y39 rpm (2152, 199)  tile (362, 211) DSP_X59Y95 is outside its area constraints.
. The instances in this site are: my_dsp, .
CRITICAL WARNING: [Place 30-943] Failed to place instances in site 'DSP48E2_X11Y40'. DSP_config_DSP_inst192_inst_bhsf/my_dsp/DSP_ALU_INST placed on site DSP48E2_X11Y40 rpm (2152, 208)  tile (362, 206) DSP_X59Y100 is outside its area constraints.
. The instances in this site are: my_dsp, .
CRITICAL WARNING: [Place 30-943] Failed to place instances in site 'DSP48E2_X11Y41'. DSP_config_DSP_inst192_inst_bhse/my_dsp/DSP_ALU_INST placed on site DSP48E2_X11Y41 rpm (2152, 209)  tile (362, 206) DSP_X59Y100 is outside its area constraints.
. The instances in this site are: my_dsp, .
CRITICAL WARNING: [Place 30-943] Failed to place instances in site 'DSP48E2_X11Y42'. DSP_config_DSP_inst192_inst_bhsb/my_dsp/DSP_ALU_INST placed on site DSP48E2_X11Y42 rpm (2152, 218)  tile (362, 201) DSP_X59Y105 is outside its area constraints.
. The instances in this site are: my_dsp, .
CRITICAL WARNING: [Place 30-943] Failed to place instances in site 'DSP48E2_X13Y0'. DSP_config_DSP_inst192_inst_bezf/my_dsp/DSP_ALU_INST placed on site DSP48E2_X13Y0 rpm (2496, 2)  tile (405, 309) DSP_X69Y0 is outside its area constraints.
. The instances in this site are: my_dsp, .
CRITICAL WARNING: [Place 30-943] Failed to place instances in site 'DSP48E2_X13Y1'. DSP_config_DSP_inst192_inst_beze/my_dsp/DSP_ALU_INST placed on site DSP48E2_X13Y1 rpm (2496, 3)  tile (405, 309) DSP_X69Y0 is outside its area constraints.
. The instances in this site are: my_dsp, .
CRITICAL WARNING: [Place 30-943] Failed to place instances in site 'DSP48E2_X13Y2'. DSP_config_DSP_inst192_inst_bezb/my_dsp/DSP_ALU_INST placed on site DSP48E2_X13Y2 rpm (2496, 12)  tile (405, 304) DSP_X69Y5 is outside its area constraints.
. The instances in this site are: my_dsp, .
CRITICAL WARNING: [Place 30-943] Failed to place instances in site 'DSP48E2_X2Y105'. DSP_config_DSP_inst192_inst_mvz/my_dsp/DSP_ALU_INST placed on site DSP48E2_X2Y105 rpm (576, 539)  tile (119, 41) DSP_X14Y260 is outside its area constraints.
. The instances in this site are: my_dsp, .
CRITICAL WARNING: [Place 30-943] Failed to place instances in site 'DSP48E2_X2Y106'. DSP_config_DSP_inst192_inst_mvv/my_dsp/DSP_ALU_INST placed on site DSP48E2_X2Y106 rpm (576, 548)  tile (119, 36) DSP_X14Y265 is outside its area constraints.
. The instances in this site are: my_dsp, .
CRITICAL WARNING: [Place 30-943] Failed to place instances in site 'DSP48E2_X2Y107'. DSP_config_DSP_inst192_inst_mvs/my_dsp/DSP_ALU_INST placed on site DSP48E2_X2Y107 rpm (576, 549)  tile (119, 36) DSP_X14Y265 is outside its area constraints.
. The instances in this site are: my_dsp, .
CRITICAL WARNING: [Place 30-943] Failed to place instances in site 'DSP48E2_X2Y108'. DSP_config_DSP_inst192_inst_mvo/my_dsp/DSP_ALU_INST placed on site DSP48E2_X2Y108 rpm (576, 560)  tile (119, 30) DSP_X14Y270 is outside its area constraints.
. The instances in this site are: my_dsp, .
CRITICAL WARNING: [Place 30-943] Failed to place instances in site 'DSP48E2_X2Y109'. DSP_config_DSP_inst192_inst_mvm/my_dsp/DSP_ALU_INST placed on site DSP48E2_X2Y109 rpm (576, 561)  tile (119, 30) DSP_X14Y270 is outside its area constraints.
. The instances in this site are: my_dsp, .
CRITICAL WARNING: [Place 30-943] Failed to place instances in site 'DSP48E2_X2Y110'. DSP_config_DSP_inst192_inst_mvl/my_dsp/DSP_ALU_INST placed on site DSP48E2_X2Y110 rpm (576, 570)  tile (119, 25) DSP_X14Y275 is outside its area constraints.
. The instances in this site are: my_dsp, .
CRITICAL WARNING: [Place 30-943] Failed to place instances in site 'DSP48E2_X2Y111'. DSP_config_DSP_inst192_inst_mvh/my_dsp/DSP_ALU_INST placed on site DSP48E2_X2Y111 rpm (576, 571)  tile (119, 25) DSP_X14Y275 is outside its area constraints.
. The instances in this site are: my_dsp, .
CRITICAL WARNING: [Place 30-943] Failed to place instances in site 'DSP48E2_X2Y112'. DSP_config_DSP_inst192_inst_mvf/my_dsp/DSP_ALU_INST placed on site DSP48E2_X2Y112 rpm (576, 580)  tile (119, 20) DSP_X14Y280 is outside its area constraints.
. The instances in this site are: my_dsp, .
CRITICAL WARNING: [Place 30-943] Failed to place instances in site 'DSP48E2_X2Y113'. DSP_config_DSP_inst192_inst_mve/my_dsp/DSP_ALU_INST placed on site DSP48E2_X2Y113 rpm (576, 581)  tile (119, 20) DSP_X14Y280 is outside its area constraints.
. The instances in this site are: my_dsp, .
CRITICAL WARNING: [Place 30-943] Failed to place instances in site 'DSP48E2_X2Y114'. DSP_config_DSP_inst192_inst_mvb/my_dsp/DSP_ALU_INST placed on site DSP48E2_X2Y114 rpm (576, 590)  tile (119, 15) DSP_X14Y285 is outside its area constraints.
. The instances in this site are: my_dsp, .
CRITICAL WARNING: [Place 30-943] Failed to place instances in site 'DSP48E2_X2Y116'. DSP_config_DSP_inst192_inst_msz/my_dsp/DSP_ALU_INST placed on site DSP48E2_X2Y116 rpm (576, 600)  tile (119, 10) DSP_X14Y290 is outside its area constraints.
. The instances in this site are: my_dsp, .
CRITICAL WARNING: [Place 30-943] Failed to place instances in site 'DSP48E2_X2Y117'. DSP_config_DSP_inst192_inst_msv/my_dsp/DSP_ALU_INST placed on site DSP48E2_X2Y117 rpm (576, 601)  tile (119, 10) DSP_X14Y290 is outside its area constraints.
. The instances in this site are: my_dsp, .
CRITICAL WARNING: [Place 30-943] Failed to place instances in site 'DSP48E2_X2Y118'. DSP_config_DSP_inst192_inst_mss/my_dsp/DSP_ALU_INST placed on site DSP48E2_X2Y118 rpm (576, 610)  tile (119, 5) DSP_X14Y295 is outside its area constraints.
. The instances in this site are: my_dsp, .
CRITICAL WARNING: [Place 30-943] Failed to place instances in site 'DSP48E2_X2Y119'. DSP_config_DSP_inst192_inst_mso/my_dsp/DSP_ALU_INST placed on site DSP48E2_X2Y119 rpm (576, 611)  tile (119, 5) DSP_X14Y295 is outside its area constraints.
. The instances in this site are: my_dsp, .
CRITICAL WARNING: [Place 30-943] Failed to place instances in site 'DSP48E2_X3Y29'. DSP_config_DSP_inst192_inst_mlz/my_dsp/DSP_ALU_INST placed on site DSP48E2_X3Y29 rpm (648, 147)  tile (128, 237) DSP_X16Y70 is outside its area constraints.
. The instances in this site are: my_dsp, .
CRITICAL WARNING: [Place 30-943] Failed to place instances in site 'DSP48E2_X3Y30'. DSP_config_DSP_inst192_inst_mlv/my_dsp/DSP_ALU_INST placed on site DSP48E2_X3Y30 rpm (648, 156)  tile (128, 232) DSP_X16Y75 is outside its area constraints.
. The instances in this site are: my_dsp, .
CRITICAL WARNING: [Place 30-943] Failed to place instances in site 'DSP48E2_X3Y31'. DSP_config_DSP_inst192_inst_mls/my_dsp/DSP_ALU_INST placed on site DSP48E2_X3Y31 rpm (648, 157)  tile (128, 232) DSP_X16Y75 is outside its area constraints.
. The instances in this site are: my_dsp, .
CRITICAL WARNING: [Place 30-943] Failed to place instances in site 'DSP48E2_X3Y32'. DSP_config_DSP_inst192_inst_mlo/my_dsp/DSP_ALU_INST placed on site DSP48E2_X3Y32 rpm (648, 166)  tile (128, 227) DSP_X16Y80 is outside its area constraints.
. The instances in this site are: my_dsp, .
CRITICAL WARNING: [Place 30-943] Failed to place instances in site 'DSP48E2_X3Y33'. DSP_config_DSP_inst192_inst_mlm/my_dsp/DSP_ALU_INST placed on site DSP48E2_X3Y33 rpm (648, 167)  tile (128, 227) DSP_X16Y80 is outside its area constraints.
. The instances in this site are: my_dsp, .
CRITICAL WARNING: [Place 30-943] Failed to place instances in site 'DSP48E2_X3Y34'. DSP_config_DSP_inst192_inst_mll/my_dsp/DSP_ALU_INST placed on site DSP48E2_X3Y34 rpm (648, 176)  tile (128, 222) DSP_X16Y85 is outside its area constraints.
. The instances in this site are: my_dsp, .
CRITICAL WARNING: [Place 30-943] Failed to place instances in site 'DSP48E2_X3Y35'. DSP_config_DSP_inst192_inst_mlh/my_dsp/DSP_ALU_INST placed on site DSP48E2_X3Y35 rpm (648, 177)  tile (128, 222) DSP_X16Y85 is outside its area constraints.
. The instances in this site are: my_dsp, .
CRITICAL WARNING: [Place 30-943] Failed to place instances in site 'DSP48E2_X3Y36'. DSP_config_DSP_inst192_inst_mlf/my_dsp/DSP_ALU_INST placed on site DSP48E2_X3Y36 rpm (648, 188)  tile (128, 216) DSP_X16Y90 is outside its area constraints.
. The instances in this site are: my_dsp, .
CRITICAL WARNING: [Place 30-943] Failed to place instances in site 'DSP48E2_X3Y37'. DSP_config_DSP_inst192_inst_mle/my_dsp/DSP_ALU_INST placed on site DSP48E2_X3Y37 rpm (648, 189)  tile (128, 216) DSP_X16Y90 is outside its area constraints.
. The instances in this site are: my_dsp, .
CRITICAL WARNING: [Place 30-943] Failed to place instances in site 'DSP48E2_X3Y38'. DSP_config_DSP_inst192_inst_mlb/my_dsp/DSP_ALU_INST placed on site DSP48E2_X3Y38 rpm (648, 198)  tile (128, 211) DSP_X16Y95 is outside its area constraints.
. The instances in this site are: my_dsp, .
CRITICAL WARNING: [Place 30-943] Failed to place instances in site 'DSP48E2_X3Y40'. DSP_config_DSP_inst192_inst_mhz/my_dsp/DSP_ALU_INST placed on site DSP48E2_X3Y40 rpm (648, 208)  tile (128, 206) DSP_X16Y100 is outside its area constraints.
. The instances in this site are: my_dsp, .
CRITICAL WARNING: [Place 30-943] Failed to place instances in site 'DSP48E2_X3Y41'. DSP_config_DSP_inst192_inst_mhv/my_dsp/DSP_ALU_INST placed on site DSP48E2_X3Y41 rpm (648, 209)  tile (128, 206) DSP_X16Y100 is outside its area constraints.
. The instances in this site are: my_dsp, .
CRITICAL WARNING: [Place 30-943] Failed to place instances in site 'DSP48E2_X3Y42'. DSP_config_DSP_inst192_inst_mhs/my_dsp/DSP_ALU_INST placed on site DSP48E2_X3Y42 rpm (648, 218)  tile (128, 201) DSP_X16Y105 is outside its area constraints.
. The instances in this site are: my_dsp, .
CRITICAL WARNING: [Place 30-943] Failed to place instances in site 'DSP48E2_X3Y43'. DSP_config_DSP_inst192_inst_mho/my_dsp/DSP_ALU_INST placed on site DSP48E2_X3Y43 rpm (648, 219)  tile (128, 201) DSP_X16Y105 is outside its area constraints.
. The instances in this site are: my_dsp, .
CRITICAL WARNING: [Place 30-943] Failed to place instances in site 'DSP48E2_X3Y44'. DSP_config_DSP_inst192_inst_mhm/my_dsp/DSP_ALU_INST placed on site DSP48E2_X3Y44 rpm (648, 228)  tile (128, 196) DSP_X16Y110 is outside its area constraints.
. The instances in this site are: my_dsp, .
CRITICAL WARNING: [Place 30-943] Failed to place instances in site 'DSP48E2_X3Y45'. DSP_config_DSP_inst192_inst_mhl/my_dsp/DSP_ALU_INST placed on site DSP48E2_X3Y45 rpm (648, 229)  tile (128, 196) DSP_X16Y110 is outside its area constraints.
. The instances in this site are: my_dsp, .
CRITICAL WARNING: [Place 30-943] Failed to place instances in site 'DSP48E2_X3Y46'. DSP_config_DSP_inst192_inst_mhh/my_dsp/DSP_ALU_INST placed on site DSP48E2_X3Y46 rpm (648, 238)  tile (128, 191) DSP_X16Y115 is outside its area constraints.
. The instances in this site are: my_dsp, .
CRITICAL WARNING: [Place 30-943] Failed to place instances in site 'DSP48E2_X3Y47'. DSP_config_DSP_inst192_inst_mhf/my_dsp/DSP_ALU_INST placed on site DSP48E2_X3Y47 rpm (648, 239)  tile (128, 191) DSP_X16Y115 is outside its area constraints.
. The instances in this site are: my_dsp, .
CRITICAL WARNING: [Place 30-943] Failed to place instances in site 'DSP48E2_X3Y48'. DSP_config_DSP_inst192_inst_mhe/my_dsp/DSP_ALU_INST placed on site DSP48E2_X3Y48 rpm (648, 250)  tile (128, 185) DSP_X16Y120 is outside its area constraints.
. The instances in this site are: my_dsp, .
CRITICAL WARNING: [Place 30-943] Failed to place instances in site 'DSP48E2_X3Y49'. DSP_config_DSP_inst192_inst_mhb/my_dsp/DSP_ALU_INST placed on site DSP48E2_X3Y49 rpm (648, 251)  tile (128, 185) DSP_X16Y120 is outside its area constraints.
. The instances in this site are: my_dsp, .
CRITICAL WARNING: [Place 30-943] Failed to place instances in site 'DSP48E2_X3Y52'. DSP_config_DSP_inst192_inst_mfv/my_dsp/DSP_ALU_INST placed on site DSP48E2_X3Y52 rpm (648, 270)  tile (128, 175) DSP_X16Y130 is outside its area constraints.
. The instances in this site are: my_dsp, .
CRITICAL WARNING: [Place 30-943] Failed to place instances in site 'DSP48E2_X3Y53'. DSP_config_DSP_inst192_inst_mfs/my_dsp/DSP_ALU_INST placed on site DSP48E2_X3Y53 rpm (648, 271)  tile (128, 175) DSP_X16Y130 is outside its area constraints.
. The instances in this site are: my_dsp, .
CRITICAL WARNING: [Place 30-943] Failed to place instances in site 'DSP48E2_X3Y54'. DSP_config_DSP_inst192_inst_mfo/my_dsp/DSP_ALU_INST placed on site DSP48E2_X3Y54 rpm (648, 280)  tile (128, 170) DSP_X16Y135 is outside its area constraints.
. The instances in this site are: my_dsp, .
CRITICAL WARNING: [Place 30-943] Failed to place instances in site 'DSP48E2_X3Y56'. DSP_config_DSP_inst192_inst_mfl/my_dsp/DSP_ALU_INST placed on site DSP48E2_X3Y56 rpm (648, 290)  tile (128, 165) DSP_X16Y140 is outside its area constraints.
. The instances in this site are: my_dsp, .
CRITICAL WARNING: [Place 30-943] Failed to place instances in site 'DSP48E2_X3Y57'. DSP_config_DSP_inst192_inst_mfh/my_dsp/DSP_ALU_INST placed on site DSP48E2_X3Y57 rpm (648, 291)  tile (128, 165) DSP_X16Y140 is outside its area constraints.
. The instances in this site are: my_dsp, .
CRITICAL WARNING: [Place 30-943] Failed to place instances in site 'DSP48E2_X3Y59'. DSP_config_DSP_inst192_inst_mfe/my_dsp/DSP_ALU_INST placed on site DSP48E2_X3Y59 rpm (648, 301)  tile (128, 160) DSP_X16Y145 is outside its area constraints.
. The instances in this site are: my_dsp, .
CRITICAL WARNING: [Place 30-943] Failed to place instances in site 'DSP48E2_X3Y62'. DSP_config_DSP_inst192_inst_mez/my_dsp/DSP_ALU_INST placed on site DSP48E2_X3Y62 rpm (648, 322)  tile (128, 149) DSP_X16Y155 is outside its area constraints.
. The instances in this site are: my_dsp, .
CRITICAL WARNING: [Place 30-943] Failed to place instances in site 'DSP48E2_X3Y63'. DSP_config_DSP_inst192_inst_mev/my_dsp/DSP_ALU_INST placed on site DSP48E2_X3Y63 rpm (648, 323)  tile (128, 149) DSP_X16Y155 is outside its area constraints.
. The instances in this site are: my_dsp, .
CRITICAL WARNING: [Place 30-943] Failed to place instances in site 'DSP48E2_X3Y64'. DSP_config_DSP_inst192_inst_mes/my_dsp/DSP_ALU_INST placed on site DSP48E2_X3Y64 rpm (648, 332)  tile (128, 144) DSP_X16Y160 is outside its area constraints.
. The instances in this site are: my_dsp, .
CRITICAL WARNING: [Place 30-943] Failed to place instances in site 'DSP48E2_X3Y65'. DSP_config_DSP_inst192_inst_meo/my_dsp/DSP_ALU_INST placed on site DSP48E2_X3Y65 rpm (648, 333)  tile (128, 144) DSP_X16Y160 is outside its area constraints.
. The instances in this site are: my_dsp, .
CRITICAL WARNING: [Place 30-943] Failed to place instances in site 'DSP48E2_X3Y66'. DSP_config_DSP_inst192_inst_mem/my_dsp/DSP_ALU_INST placed on site DSP48E2_X3Y66 rpm (648, 342)  tile (128, 139) DSP_X16Y165 is outside its area constraints.
. The instances in this site are: my_dsp, .
CRITICAL WARNING: [Place 30-943] Failed to place instances in site 'DSP48E2_X3Y67'. DSP_config_DSP_inst192_inst_mel/my_dsp/DSP_ALU_INST placed on site DSP48E2_X3Y67 rpm (648, 343)  tile (128, 139) DSP_X16Y165 is outside its area constraints.
. The instances in this site are: my_dsp, .
CRITICAL WARNING: [Place 30-943] Failed to place instances in site 'DSP48E2_X3Y68'. DSP_config_DSP_inst192_inst_meh/my_dsp/DSP_ALU_INST placed on site DSP48E2_X3Y68 rpm (648, 352)  tile (128, 134) DSP_X16Y170 is outside its area constraints.
. The instances in this site are: my_dsp, .
CRITICAL WARNING: [Place 30-943] Failed to place instances in site 'DSP48E2_X3Y69'. DSP_config_DSP_inst192_inst_mef/my_dsp/DSP_ALU_INST placed on site DSP48E2_X3Y69 rpm (648, 353)  tile (128, 134) DSP_X16Y170 is outside its area constraints.
. The instances in this site are: my_dsp, .
CRITICAL WARNING: [Place 30-943] Failed to place instances in site 'DSP48E2_X3Y70'. DSP_config_DSP_inst192_inst_mee/my_dsp/DSP_ALU_INST placed on site DSP48E2_X3Y70 rpm (648, 362)  tile (128, 129) DSP_X16Y175 is outside its area constraints.
. The instances in this site are: my_dsp, .
CRITICAL WARNING: [Place 30-943] Failed to place instances in site 'DSP48E2_X3Y71'. DSP_config_DSP_inst192_inst_meb/my_dsp/DSP_ALU_INST placed on site DSP48E2_X3Y71 rpm (648, 363)  tile (128, 129) DSP_X16Y175 is outside its area constraints.
. The instances in this site are: my_dsp, .
CRITICAL WARNING: [Place 30-943] Failed to place instances in site 'DSP48E2_X5Y67'. DSP_config_DSP_inst192_inst_fzz/my_dsp/DSP_ALU_INST placed on site DSP48E2_X5Y67 rpm (896, 343)  tile (159, 139) DSP_X23Y165 is outside its area constraints.
. The instances in this site are: my_dsp, .
CRITICAL WARNING: [Place 30-943] Failed to place instances in site 'DSP48E2_X5Y70'. DSP_config_DSP_inst192_inst_fzo/my_dsp/DSP_ALU_INST placed on site DSP48E2_X5Y70 rpm (896, 362)  tile (159, 129) DSP_X23Y175 is outside its area constraints.
. The instances in this site are: my_dsp, .
CRITICAL WARNING: [Place 30-943] Failed to place instances in site 'DSP48E2_X5Y71'. DSP_config_DSP_inst192_inst_fzm/my_dsp/DSP_ALU_INST placed on site DSP48E2_X5Y71 rpm (896, 363)  tile (159, 129) DSP_X23Y175 is outside its area constraints.
. The instances in this site are: my_dsp, .
CRITICAL WARNING: [Place 30-943] Failed to place instances in site 'DSP48E2_X5Y73'. DSP_config_DSP_inst192_inst_fzh/my_dsp/DSP_ALU_INST placed on site DSP48E2_X5Y73 rpm (896, 375)  tile (159, 123) DSP_X23Y180 is outside its area constraints.
. The instances in this site are: my_dsp, .
CRITICAL WARNING: [Place 30-943] Failed to place instances in site 'DSP48E2_X5Y74'. DSP_config_DSP_inst192_inst_fzf/my_dsp/DSP_ALU_INST placed on site DSP48E2_X5Y74 rpm (896, 384)  tile (159, 118) DSP_X23Y185 is outside its area constraints.
. The instances in this site are: my_dsp, .
CRITICAL WARNING: [Place 30-943] Failed to place instances in site 'DSP48E2_X5Y75'. DSP_config_DSP_inst192_inst_fze/my_dsp/DSP_ALU_INST placed on site DSP48E2_X5Y75 rpm (896, 385)  tile (159, 118) DSP_X23Y185 is outside its area constraints.
. The instances in this site are: my_dsp, .
CRITICAL WARNING: [Place 30-943] Failed to place instances in site 'DSP48E2_X5Y76'. DSP_config_DSP_inst192_inst_fzb/my_dsp/DSP_ALU_INST placed on site DSP48E2_X5Y76 rpm (896, 394)  tile (159, 113) DSP_X23Y190 is outside its area constraints.
. The instances in this site are: my_dsp, .
CRITICAL WARNING: [Place 30-943] Failed to place instances in site 'DSP48E2_X6Y100'. DSP_config_DSP_inst192_inst_eob/my_dsp/DSP_ALU_INST placed on site DSP48E2_X6Y100 rpm (1064, 518)  tile (180, 51) DSP_X28Y250 is outside its area constraints.
. The instances in this site are: my_dsp, .
CRITICAL WARNING: [Place 30-943] Failed to place instances in site 'DSP48E2_X6Y103'. DSP_config_DSP_inst192_inst_emv/my_dsp/DSP_ALU_INST placed on site DSP48E2_X6Y103 rpm (1064, 529)  tile (180, 46) DSP_X28Y255 is outside its area constraints.
. The instances in this site are: my_dsp, .
CRITICAL WARNING: [Place 30-943] Failed to place instances in site 'DSP48E2_X6Y104'. DSP_config_DSP_inst192_inst_ems/my_dsp/DSP_ALU_INST placed on site DSP48E2_X6Y104 rpm (1064, 538)  tile (180, 41) DSP_X28Y260 is outside its area constraints.
. The instances in this site are: my_dsp, .
CRITICAL WARNING: [Place 30-943] Failed to place instances in site 'DSP48E2_X6Y107'. DSP_config_DSP_inst192_inst_eml/my_dsp/DSP_ALU_INST placed on site DSP48E2_X6Y107 rpm (1064, 549)  tile (180, 36) DSP_X28Y265 is outside its area constraints.
. The instances in this site are: my_dsp, .
CRITICAL WARNING: [Place 30-943] Failed to place instances in site 'DSP48E2_X6Y113'. DSP_config_DSP_inst192_inst_elz/my_dsp/DSP_ALU_INST placed on site DSP48E2_X6Y113 rpm (1064, 581)  tile (180, 20) DSP_X28Y280 is outside its area constraints.
. The instances in this site are: my_dsp, .
CRITICAL WARNING: [Place 30-943] Failed to place instances in site 'DSP48E2_X6Y114'. DSP_config_DSP_inst192_inst_elv/my_dsp/DSP_ALU_INST placed on site DSP48E2_X6Y114 rpm (1064, 590)  tile (180, 15) DSP_X28Y285 is outside its area constraints.
. The instances in this site are: my_dsp, .
CRITICAL WARNING: [Place 30-943] Failed to place instances in site 'DSP48E2_X6Y115'. DSP_config_DSP_inst192_inst_els/my_dsp/DSP_ALU_INST placed on site DSP48E2_X6Y115 rpm (1064, 591)  tile (180, 15) DSP_X28Y285 is outside its area constraints.
. The instances in this site are: my_dsp, .
CRITICAL WARNING: [Place 30-943] Failed to place instances in site 'DSP48E2_X6Y116'. DSP_config_DSP_inst192_inst_elo/my_dsp/DSP_ALU_INST placed on site DSP48E2_X6Y116 rpm (1064, 600)  tile (180, 10) DSP_X28Y290 is outside its area constraints.
. The instances in this site are: my_dsp, .
CRITICAL WARNING: [Place 30-943] Failed to place instances in site 'DSP48E2_X6Y117'. DSP_config_DSP_inst192_inst_elm/my_dsp/DSP_ALU_INST placed on site DSP48E2_X6Y117 rpm (1064, 601)  tile (180, 10) DSP_X28Y290 is outside its area constraints.
. The instances in this site are: my_dsp, .
CRITICAL WARNING: [Place 30-943] Failed to place instances in site 'DSP48E2_X6Y118'. DSP_config_DSP_inst192_inst_ell/my_dsp/DSP_ALU_INST placed on site DSP48E2_X6Y118 rpm (1064, 610)  tile (180, 5) DSP_X28Y295 is outside its area constraints.
. The instances in this site are: my_dsp, .
CRITICAL WARNING: [Place 30-943] Failed to place instances in site 'DSP48E2_X6Y119'. DSP_config_DSP_inst192_inst_elh/my_dsp/DSP_ALU_INST placed on site DSP48E2_X6Y119 rpm (1064, 611)  tile (180, 5) DSP_X28Y295 is outside its area constraints.
. The instances in this site are: my_dsp, .
CRITICAL WARNING: [Place 30-943] Failed to place instances in site 'DSP48E2_X6Y69'. DSP_config_DSP_inst192_inst_evz/my_dsp/DSP_ALU_INST placed on site DSP48E2_X6Y69 rpm (1064, 353)  tile (180, 134) DSP_X28Y170 is outside its area constraints.
. The instances in this site are: my_dsp, .
CRITICAL WARNING: [Place 30-943] Failed to place instances in site 'DSP48E2_X6Y70'. DSP_config_DSP_inst192_inst_evv/my_dsp/DSP_ALU_INST placed on site DSP48E2_X6Y70 rpm (1064, 362)  tile (180, 129) DSP_X28Y175 is outside its area constraints.
. The instances in this site are: my_dsp, .
CRITICAL WARNING: [Place 30-943] Failed to place instances in site 'DSP48E2_X6Y71'. DSP_config_DSP_inst192_inst_evs/my_dsp/DSP_ALU_INST placed on site DSP48E2_X6Y71 rpm (1064, 363)  tile (180, 129) DSP_X28Y175 is outside its area constraints.
. The instances in this site are: my_dsp, .
CRITICAL WARNING: [Place 30-943] Failed to place instances in site 'DSP48E2_X6Y72'. DSP_config_DSP_inst192_inst_evo/my_dsp/DSP_ALU_INST placed on site DSP48E2_X6Y72 rpm (1064, 374)  tile (180, 123) DSP_X28Y180 is outside its area constraints.
. The instances in this site are: my_dsp, .
CRITICAL WARNING: [Place 30-943] Failed to place instances in site 'DSP48E2_X6Y73'. DSP_config_DSP_inst192_inst_evm/my_dsp/DSP_ALU_INST placed on site DSP48E2_X6Y73 rpm (1064, 375)  tile (180, 123) DSP_X28Y180 is outside its area constraints.
. The instances in this site are: my_dsp, .
CRITICAL WARNING: [Place 30-943] Failed to place instances in site 'DSP48E2_X6Y74'. DSP_config_DSP_inst192_inst_evl/my_dsp/DSP_ALU_INST placed on site DSP48E2_X6Y74 rpm (1064, 384)  tile (180, 118) DSP_X28Y185 is outside its area constraints.
. The instances in this site are: my_dsp, .
CRITICAL WARNING: [Place 30-943] Failed to place instances in site 'DSP48E2_X6Y75'. DSP_config_DSP_inst192_inst_evh/my_dsp/DSP_ALU_INST placed on site DSP48E2_X6Y75 rpm (1064, 385)  tile (180, 118) DSP_X28Y185 is outside its area constraints.
. The instances in this site are: my_dsp, .
CRITICAL WARNING: [Place 30-943] Failed to place instances in site 'DSP48E2_X6Y76'. DSP_config_DSP_inst192_inst_evf/my_dsp/DSP_ALU_INST placed on site DSP48E2_X6Y76 rpm (1064, 394)  tile (180, 113) DSP_X28Y190 is outside its area constraints.
. The instances in this site are: my_dsp, .
CRITICAL WARNING: [Place 30-943] Failed to place instances in site 'DSP48E2_X6Y77'. DSP_config_DSP_inst192_inst_eve/my_dsp/DSP_ALU_INST placed on site DSP48E2_X6Y77 rpm (1064, 395)  tile (180, 113) DSP_X28Y190 is outside its area constraints.
. The instances in this site are: my_dsp, .
CRITICAL WARNING: [Place 30-943] Failed to place instances in site 'DSP48E2_X6Y78'. DSP_config_DSP_inst192_inst_evb/my_dsp/DSP_ALU_INST placed on site DSP48E2_X6Y78 rpm (1064, 404)  tile (180, 108) DSP_X28Y195 is outside its area constraints.
. The instances in this site are: my_dsp, .
CRITICAL WARNING: [Place 30-943] Failed to place instances in site 'DSP48E2_X6Y80'. DSP_config_DSP_inst192_inst_esz/my_dsp/DSP_ALU_INST placed on site DSP48E2_X6Y80 rpm (1064, 414)  tile (180, 103) DSP_X28Y200 is outside its area constraints.
. The instances in this site are: my_dsp, .
CRITICAL WARNING: [Place 30-943] Failed to place instances in site 'DSP48E2_X6Y81'. DSP_config_DSP_inst192_inst_esv/my_dsp/DSP_ALU_INST placed on site DSP48E2_X6Y81 rpm (1064, 415)  tile (180, 103) DSP_X28Y200 is outside its area constraints.
. The instances in this site are: my_dsp, .
CRITICAL WARNING: [Place 30-943] Failed to place instances in site 'DSP48E2_X6Y82'. DSP_config_DSP_inst192_inst_ess/my_dsp/DSP_ALU_INST placed on site DSP48E2_X6Y82 rpm (1064, 424)  tile (180, 98) DSP_X28Y205 is outside its area constraints.
. The instances in this site are: my_dsp, .
CRITICAL WARNING: [Place 30-943] Failed to place instances in site 'DSP48E2_X6Y83'. DSP_config_DSP_inst192_inst_eso/my_dsp/DSP_ALU_INST placed on site DSP48E2_X6Y83 rpm (1064, 425)  tile (180, 98) DSP_X28Y205 is outside its area constraints.
. The instances in this site are: my_dsp, .
CRITICAL WARNING: [Place 30-943] Failed to place instances in site 'DSP48E2_X6Y84'. DSP_config_DSP_inst192_inst_esm/my_dsp/DSP_ALU_INST placed on site DSP48E2_X6Y84 rpm (1064, 436)  tile (180, 92) DSP_X28Y210 is outside its area constraints.
. The instances in this site are: my_dsp, .
CRITICAL WARNING: [Place 30-943] Failed to place instances in site 'DSP48E2_X6Y85'. DSP_config_DSP_inst192_inst_esl/my_dsp/DSP_ALU_INST placed on site DSP48E2_X6Y85 rpm (1064, 437)  tile (180, 92) DSP_X28Y210 is outside its area constraints.
. The instances in this site are: my_dsp, .
CRITICAL WARNING: [Place 30-943] Failed to place instances in site 'DSP48E2_X6Y86'. DSP_config_DSP_inst192_inst_esh/my_dsp/DSP_ALU_INST placed on site DSP48E2_X6Y86 rpm (1064, 446)  tile (180, 87) DSP_X28Y215 is outside its area constraints.
. The instances in this site are: my_dsp, .
CRITICAL WARNING: [Place 30-943] Failed to place instances in site 'DSP48E2_X6Y87'. DSP_config_DSP_inst192_inst_esf/my_dsp/DSP_ALU_INST placed on site DSP48E2_X6Y87 rpm (1064, 447)  tile (180, 87) DSP_X28Y215 is outside its area constraints.
. The instances in this site are: my_dsp, .
CRITICAL WARNING: [Place 30-943] Failed to place instances in site 'DSP48E2_X6Y88'. DSP_config_DSP_inst192_inst_ese/my_dsp/DSP_ALU_INST placed on site DSP48E2_X6Y88 rpm (1064, 456)  tile (180, 82) DSP_X28Y220 is outside its area constraints.
. The instances in this site are: my_dsp, .
CRITICAL WARNING: [Place 30-943] Failed to place instances in site 'DSP48E2_X6Y89'. DSP_config_DSP_inst192_inst_esb/my_dsp/DSP_ALU_INST placed on site DSP48E2_X6Y89 rpm (1064, 457)  tile (180, 82) DSP_X28Y220 is outside its area constraints.
. The instances in this site are: my_dsp, .
CRITICAL WARNING: [Place 30-943] Failed to place instances in site 'DSP48E2_X6Y91'. DSP_config_DSP_inst192_inst_eoz/my_dsp/DSP_ALU_INST placed on site DSP48E2_X6Y91 rpm (1064, 467)  tile (180, 77) DSP_X28Y225 is outside its area constraints.
. The instances in this site are: my_dsp, .
CRITICAL WARNING: [Place 30-943] Failed to place instances in site 'DSP48E2_X6Y92'. DSP_config_DSP_inst192_inst_eov/my_dsp/DSP_ALU_INST placed on site DSP48E2_X6Y92 rpm (1064, 476)  tile (180, 72) DSP_X28Y230 is outside its area constraints.
. The instances in this site are: my_dsp, .
CRITICAL WARNING: [Place 30-943] Failed to place instances in site 'DSP48E2_X6Y93'. DSP_config_DSP_inst192_inst_eos/my_dsp/DSP_ALU_INST placed on site DSP48E2_X6Y93 rpm (1064, 477)  tile (180, 72) DSP_X28Y230 is outside its area constraints.
. The instances in this site are: my_dsp, .
CRITICAL WARNING: [Place 30-943] Failed to place instances in site 'DSP48E2_X6Y94'. DSP_config_DSP_inst192_inst_eoo/my_dsp/DSP_ALU_INST placed on site DSP48E2_X6Y94 rpm (1064, 486)  tile (180, 67) DSP_X28Y235 is outside its area constraints.
. The instances in this site are: my_dsp, .
CRITICAL WARNING: [Place 30-943] Failed to place instances in site 'DSP48E2_X6Y95'. DSP_config_DSP_inst192_inst_eom/my_dsp/DSP_ALU_INST placed on site DSP48E2_X6Y95 rpm (1064, 487)  tile (180, 67) DSP_X28Y235 is outside its area constraints.
. The instances in this site are: my_dsp, .
CRITICAL WARNING: [Place 30-943] Failed to place instances in site 'DSP48E2_X6Y96'. DSP_config_DSP_inst192_inst_eol/my_dsp/DSP_ALU_INST placed on site DSP48E2_X6Y96 rpm (1064, 498)  tile (180, 61) DSP_X28Y240 is outside its area constraints.
. The instances in this site are: my_dsp, .
CRITICAL WARNING: [Place 30-943] Failed to place instances in site 'DSP48E2_X6Y97'. DSP_config_DSP_inst192_inst_eoh/my_dsp/DSP_ALU_INST placed on site DSP48E2_X6Y97 rpm (1064, 499)  tile (180, 61) DSP_X28Y240 is outside its area constraints.
. The instances in this site are: my_dsp, .
CRITICAL WARNING: [Place 30-943] Failed to place instances in site 'DSP48E2_X6Y98'. DSP_config_DSP_inst192_inst_eof/my_dsp/DSP_ALU_INST placed on site DSP48E2_X6Y98 rpm (1064, 508)  tile (180, 56) DSP_X28Y245 is outside its area constraints.
. The instances in this site are: my_dsp, .
CRITICAL WARNING: [Place 30-943] Failed to place instances in site 'DSP48E2_X6Y99'. DSP_config_DSP_inst192_inst_eoe/my_dsp/DSP_ALU_INST placed on site DSP48E2_X6Y99 rpm (1064, 509)  tile (180, 56) DSP_X28Y245 is outside its area constraints.
. The instances in this site are: my_dsp, .
CRITICAL WARNING: [Place 30-943] Failed to place instances in site 'DSP48E2_X9Y0'. DSP_config_DSP_inst192_inst_bolo/my_dsp/DSP_ALU_INST placed on site DSP48E2_X9Y0 rpm (1872, 2)  tile (327, 309) DSP_X51Y0 is outside its area constraints.
. The instances in this site are: my_dsp, .
CRITICAL WARNING: [Place 30-943] Failed to place instances in site 'DSP48E2_X9Y1'. DSP_config_DSP_inst192_inst_bolm/my_dsp/DSP_ALU_INST placed on site DSP48E2_X9Y1 rpm (1872, 3)  tile (327, 309) DSP_X51Y0 is outside its area constraints.
. The instances in this site are: my_dsp, .
CRITICAL WARNING: [Place 30-943] Failed to place instances in site 'DSP48E2_X9Y10'. DSP_config_DSP_inst192_inst_bohs/my_dsp/DSP_ALU_INST placed on site DSP48E2_X9Y10 rpm (1872, 52)  tile (327, 284) DSP_X51Y25 is outside its area constraints.
. The instances in this site are: my_dsp, .
CRITICAL WARNING: [Place 30-943] Failed to place instances in site 'DSP48E2_X9Y12'. DSP_config_DSP_inst192_inst_bohm/my_dsp/DSP_ALU_INST placed on site DSP48E2_X9Y12 rpm (1872, 64)  tile (327, 278) DSP_X51Y30 is outside its area constraints.
. The instances in this site are: my_dsp, .
CRITICAL WARNING: [Place 30-943] Failed to place instances in site 'DSP48E2_X9Y17'. DSP_config_DSP_inst192_inst_bohb/my_dsp/DSP_ALU_INST placed on site DSP48E2_X9Y17 rpm (1872, 85)  tile (327, 268) DSP_X51Y40 is outside its area constraints.
. The instances in this site are: my_dsp, .
CRITICAL WARNING: [Place 30-943] Failed to place instances in site 'DSP48E2_X9Y19'. DSP_config_DSP_inst192_inst_bofz/my_dsp/DSP_ALU_INST placed on site DSP48E2_X9Y19 rpm (1872, 95)  tile (327, 263) DSP_X51Y45 is outside its area constraints.
. The instances in this site are: my_dsp, .
CRITICAL WARNING: [Place 30-943] Failed to place instances in site 'DSP48E2_X9Y2'. DSP_config_DSP_inst192_inst_boll/my_dsp/DSP_ALU_INST placed on site DSP48E2_X9Y2 rpm (1872, 12)  tile (327, 304) DSP_X51Y5 is outside its area constraints.
. The instances in this site are: my_dsp, .
CRITICAL WARNING: [Place 30-943] Failed to place instances in site 'DSP48E2_X9Y20'. DSP_config_DSP_inst192_inst_bofv/my_dsp/DSP_ALU_INST placed on site DSP48E2_X9Y20 rpm (1872, 104)  tile (327, 258) DSP_X51Y50 is outside its area constraints.
. The instances in this site are: my_dsp, .
CRITICAL WARNING: [Place 30-943] Failed to place instances in site 'DSP48E2_X9Y21'. DSP_config_DSP_inst192_inst_bofs/my_dsp/DSP_ALU_INST placed on site DSP48E2_X9Y21 rpm (1872, 105)  tile (327, 258) DSP_X51Y50 is outside its area constraints.
. The instances in this site are: my_dsp, .
CRITICAL WARNING: [Place 30-943] Failed to place instances in site 'DSP48E2_X9Y22'. DSP_config_DSP_inst192_inst_bofo/my_dsp/DSP_ALU_INST placed on site DSP48E2_X9Y22 rpm (1872, 114)  tile (327, 253) DSP_X51Y55 is outside its area constraints.
. The instances in this site are: my_dsp, .
CRITICAL WARNING: [Place 30-943] Failed to place instances in site 'DSP48E2_X9Y23'. DSP_config_DSP_inst192_inst_bofm/my_dsp/DSP_ALU_INST placed on site DSP48E2_X9Y23 rpm (1872, 115)  tile (327, 253) DSP_X51Y55 is outside its area constraints.
. The instances in this site are: my_dsp, .
CRITICAL WARNING: [Place 30-943] Failed to place instances in site 'DSP48E2_X9Y24'. DSP_config_DSP_inst192_inst_bofl/my_dsp/DSP_ALU_INST placed on site DSP48E2_X9Y24 rpm (1872, 126)  tile (327, 247) DSP_X51Y60 is outside its area constraints.
. The instances in this site are: my_dsp, .
CRITICAL WARNING: [Place 30-943] Failed to place instances in site 'DSP48E2_X9Y25'. DSP_config_DSP_inst192_inst_bofh/my_dsp/DSP_ALU_INST placed on site DSP48E2_X9Y25 rpm (1872, 127)  tile (327, 247) DSP_X51Y60 is outside its area constraints.
. The instances in this site are: my_dsp, .
CRITICAL WARNING: [Place 30-943] Failed to place instances in site 'DSP48E2_X9Y26'. DSP_config_DSP_inst192_inst_boff/my_dsp/DSP_ALU_INST placed on site DSP48E2_X9Y26 rpm (1872, 136)  tile (327, 242) DSP_X51Y65 is outside its area constraints.
. The instances in this site are: my_dsp, .
CRITICAL WARNING: [Place 30-943] Failed to place instances in site 'DSP48E2_X9Y27'. DSP_config_DSP_inst192_inst_bofe/my_dsp/DSP_ALU_INST placed on site DSP48E2_X9Y27 rpm (1872, 137)  tile (327, 242) DSP_X51Y65 is outside its area constraints.
. The instances in this site are: my_dsp, .
CRITICAL WARNING: [Place 30-943] Failed to place instances in site 'DSP48E2_X9Y28'. DSP_config_DSP_inst192_inst_bofb/my_dsp/DSP_ALU_INST placed on site DSP48E2_X9Y28 rpm (1872, 146)  tile (327, 237) DSP_X51Y70 is outside its area constraints.
. The instances in this site are: my_dsp, .
CRITICAL WARNING: [Place 30-943] Failed to place instances in site 'DSP48E2_X9Y3'. DSP_config_DSP_inst192_inst_bolh/my_dsp/DSP_ALU_INST placed on site DSP48E2_X9Y3 rpm (1872, 13)  tile (327, 304) DSP_X51Y5 is outside its area constraints.
. The instances in this site are: my_dsp, .
CRITICAL WARNING: [Place 30-943] Failed to place instances in site 'DSP48E2_X9Y4'. DSP_config_DSP_inst192_inst_bolf/my_dsp/DSP_ALU_INST placed on site DSP48E2_X9Y4 rpm (1872, 22)  tile (327, 299) DSP_X51Y10 is outside its area constraints.
. The instances in this site are: my_dsp, .
CRITICAL WARNING: [Place 30-943] Failed to place instances in site 'DSP48E2_X9Y41'. DSP_config_DSP_inst192_inst_bobz/my_dsp/DSP_ALU_INST placed on site DSP48E2_X9Y41 rpm (1872, 209)  tile (327, 206) DSP_X51Y100 is outside its area constraints.
. The instances in this site are: my_dsp, .
CRITICAL WARNING: [Place 30-943] Failed to place instances in site 'DSP48E2_X9Y42'. DSP_config_DSP_inst192_inst_bobv/my_dsp/DSP_ALU_INST placed on site DSP48E2_X9Y42 rpm (1872, 218)  tile (327, 201) DSP_X51Y105 is outside its area constraints.
. The instances in this site are: my_dsp, .
CRITICAL WARNING: [Place 30-943] Failed to place instances in site 'DSP48E2_X9Y43'. DSP_config_DSP_inst192_inst_bobs/my_dsp/DSP_ALU_INST placed on site DSP48E2_X9Y43 rpm (1872, 219)  tile (327, 201) DSP_X51Y105 is outside its area constraints.
. The instances in this site are: my_dsp, .
CRITICAL WARNING: [Place 30-943] Failed to place instances in site 'DSP48E2_X9Y44'. DSP_config_DSP_inst192_inst_bobo/my_dsp/DSP_ALU_INST placed on site DSP48E2_X9Y44 rpm (1872, 228)  tile (327, 196) DSP_X51Y110 is outside its area constraints.
. The instances in this site are: my_dsp, .
CRITICAL WARNING: [Place 30-943] Failed to place instances in site 'DSP48E2_X9Y45'. DSP_config_DSP_inst192_inst_bobm/my_dsp/DSP_ALU_INST placed on site DSP48E2_X9Y45 rpm (1872, 229)  tile (327, 196) DSP_X51Y110 is outside its area constraints.
. The instances in this site are: my_dsp, .
CRITICAL WARNING: [Place 30-943] Failed to place instances in site 'DSP48E2_X9Y46'. DSP_config_DSP_inst192_inst_bobl/my_dsp/DSP_ALU_INST placed on site DSP48E2_X9Y46 rpm (1872, 238)  tile (327, 191) DSP_X51Y115 is outside its area constraints.
. The instances in this site are: my_dsp, .
CRITICAL WARNING: [Place 30-943] Failed to place instances in site 'DSP48E2_X9Y47'. DSP_config_DSP_inst192_inst_bobh/my_dsp/DSP_ALU_INST placed on site DSP48E2_X9Y47 rpm (1872, 239)  tile (327, 191) DSP_X51Y115 is outside its area constraints.
. The instances in this site are: my_dsp, .
CRITICAL WARNING: [Place 30-943] Failed to place instances in site 'DSP48E2_X9Y5'. DSP_config_DSP_inst192_inst_bole/my_dsp/DSP_ALU_INST placed on site DSP48E2_X9Y5 rpm (1872, 23)  tile (327, 299) DSP_X51Y10 is outside its area constraints.
. The instances in this site are: my_dsp, .
CRITICAL WARNING: [Place 30-943] Failed to place instances in site 'DSP48E2_X9Y6'. DSP_config_DSP_inst192_inst_bolb/my_dsp/DSP_ALU_INST placed on site DSP48E2_X9Y6 rpm (1872, 32)  tile (327, 294) DSP_X51Y15 is outside its area constraints.
. The instances in this site are: my_dsp, .
CRITICAL WARNING: [Place 30-943] Failed to place instances in site 'DSP48E2_X9Y8'. DSP_config_DSP_inst192_inst_bohz/my_dsp/DSP_ALU_INST placed on site DSP48E2_X9Y8 rpm (1872, 42)  tile (327, 289) DSP_X51Y20 is outside its area constraints.
. The instances in this site are: my_dsp, .
CRITICAL WARNING: [Place 30-943] Failed to place instances in site 'DSP48E2_X9Y9'. DSP_config_DSP_inst192_inst_bohv/my_dsp/DSP_ALU_INST placed on site DSP48E2_X9Y9 rpm (1872, 43)  tile (327, 289) DSP_X51Y20 is outside its area constraints.
. The instances in this site are: my_dsp, .
CRITICAL WARNING: [Place 30-943] Failed to place instances in site 'RAMB36_X0Y0'. BRAM_CASCADE_7_inst_b/RAMB36E2_inst Instance BRAM_CASCADE_7_inst_b/RAMB36E2_inst can not be placed in RAMB36E2 of site RAMB36_X0Y0 because the bel is occupied by BRAM_CASCADE_7_inst_z/RAMB36E2_inst. This could be caused by bel constraint conflict. The instances in this site are: RAMB36E2_inst, RAMB36E2_inst, RAMB36E2_inst, RAMB36E2_inst, RAMB36E2_inst, RAMB36E2_inst, RAMB36E2_inst, RAMB36E2_inst, my_sdpram, .
CRITICAL WARNING: [Place 30-943] Failed to place instances in site 'RAMB36_X0Y12'. BRAM_config_BRAM_SDP_inst634_inst_sz/my_sdpram placed on site RAMB36_X0Y12 rpm (224, 128)  tile (75, 247) BRAM_X6Y60 is outside its area constraints.
. The instances in this site are: my_sdpram, .
CRITICAL WARNING: [Place 30-943] Failed to place instances in site 'RAMB36_X0Y13'. BRAM_config_BRAM_SDP_inst634_inst_sv/my_sdpram placed on site RAMB36_X0Y13 rpm (224, 138)  tile (75, 242) BRAM_X6Y65 is outside its area constraints.
. The instances in this site are: my_sdpram, .
CRITICAL WARNING: [Place 30-943] Failed to place instances in site 'RAMB36_X0Y14'. BRAM_config_BRAM_SDP_inst634_inst_ss/my_sdpram placed on site RAMB36_X0Y14 rpm (224, 148)  tile (75, 237) BRAM_X6Y70 is outside its area constraints.
. The instances in this site are: my_sdpram, .
CRITICAL WARNING: [Place 30-943] Failed to place instances in site 'RAMB36_X0Y15'. BRAM_config_BRAM_SDP_inst634_inst_so/my_sdpram placed on site RAMB36_X0Y15 rpm (224, 158)  tile (75, 232) BRAM_X6Y75 is outside its area constraints.
. The instances in this site are: my_sdpram, .
CRITICAL WARNING: [Place 30-943] Failed to place instances in site 'RAMB36_X0Y16'. BRAM_config_BRAM_SDP_inst634_inst_sm/my_sdpram placed on site RAMB36_X0Y16 rpm (224, 168)  tile (75, 227) BRAM_X6Y80 is outside its area constraints.
. The instances in this site are: my_sdpram, .
CRITICAL WARNING: [Place 30-943] Failed to place instances in site 'RAMB36_X0Y17'. BRAM_config_BRAM_SDP_inst634_inst_sl/my_sdpram placed on site RAMB36_X0Y17 rpm (224, 178)  tile (75, 222) BRAM_X6Y85 is outside its area constraints.
. The instances in this site are: my_sdpram, .
CRITICAL WARNING: [Place 30-943] Failed to place instances in site 'RAMB36_X0Y18'. BRAM_config_BRAM_SDP_inst634_inst_sh/my_sdpram placed on site RAMB36_X0Y18 rpm (224, 190)  tile (75, 216) BRAM_X6Y90 is outside its area constraints.
. The instances in this site are: my_sdpram, .
CRITICAL WARNING: [Place 30-943] Failed to place instances in site 'RAMB36_X0Y19'. BRAM_config_BRAM_SDP_inst634_inst_sf/my_sdpram placed on site RAMB36_X0Y19 rpm (224, 200)  tile (75, 211) BRAM_X6Y95 is outside its area constraints.
. The instances in this site are: my_sdpram, .
CRITICAL WARNING: [Place 30-943] Failed to place instances in site 'RAMB36_X0Y20'. BRAM_config_BRAM_SDP_inst634_inst_se/my_sdpram placed on site RAMB36_X0Y20 rpm (224, 210)  tile (75, 206) BRAM_X6Y100 is outside its area constraints.
. The instances in this site are: my_sdpram, .
CRITICAL WARNING: [Place 30-943] Failed to place instances in site 'RAMB36_X0Y21'. BRAM_config_BRAM_SDP_inst634_inst_sb/my_sdpram placed on site RAMB36_X0Y21 rpm (224, 220)  tile (75, 201) BRAM_X6Y105 is outside its area constraints.
. The instances in this site are: my_sdpram, .
CRITICAL WARNING: [Place 30-943] Failed to place instances in site 'RAMB36_X2Y53'. BRAM_config_BRAM_SDP_inst634_inst_lz/my_sdpram placed on site RAMB36_X2Y53 rpm (720, 550)  tile (137, 36) BRAM_X19Y265 is outside its area constraints.
. The instances in this site are: my_sdpram, .
CRITICAL WARNING: [Place 30-943] Failed to place instances in site 'RAMB36_X2Y54'. BRAM_config_BRAM_SDP_inst634_inst_lv/my_sdpram placed on site RAMB36_X2Y54 rpm (720, 562)  tile (137, 30) BRAM_X19Y270 is outside its area constraints.
. The instances in this site are: my_sdpram, .
CRITICAL WARNING: [Place 30-943] Failed to place instances in site 'RAMB36_X2Y55'. BRAM_config_BRAM_SDP_inst634_inst_ls/my_sdpram placed on site RAMB36_X2Y55 rpm (720, 572)  tile (137, 25) BRAM_X19Y275 is outside its area constraints.
. The instances in this site are: my_sdpram, .
CRITICAL WARNING: [Place 30-943] Failed to place instances in site 'RAMB36_X2Y56'. BRAM_config_BRAM_SDP_inst634_inst_lo/my_sdpram placed on site RAMB36_X2Y56 rpm (720, 582)  tile (137, 20) BRAM_X19Y280 is outside its area constraints.
. The instances in this site are: my_sdpram, .
CRITICAL WARNING: [Place 30-943] Failed to place instances in site 'RAMB36_X2Y57'. BRAM_config_BRAM_SDP_inst634_inst_lm/my_sdpram placed on site RAMB36_X2Y57 rpm (720, 592)  tile (137, 15) BRAM_X19Y285 is outside its area constraints.
. The instances in this site are: my_sdpram, .
CRITICAL WARNING: [Place 30-943] Failed to place instances in site 'RAMB36_X2Y58'. BRAM_config_BRAM_SDP_inst634_inst_ll/my_sdpram placed on site RAMB36_X2Y58 rpm (720, 602)  tile (137, 10) BRAM_X19Y290 is outside its area constraints.
. The instances in this site are: my_sdpram, .
CRITICAL WARNING: [Place 30-943] Failed to place instances in site 'RAMB36_X2Y59'. BRAM_config_BRAM_SDP_inst634_inst_lh/my_sdpram placed on site RAMB36_X2Y59 rpm (720, 612)  tile (137, 5) BRAM_X19Y295 is outside its area constraints.
. The instances in this site are: my_sdpram, .
CRITICAL WARNING: [Place 30-943] Failed to place instances in site 'RAMB36_X4Y0'. BRAM_config_BRAM_SDP_inst634_inst_hlv/my_sdpram placed on site RAMB36_X4Y0 rpm (1400, 4)  tile (268, 309) BRAM_X38Y0 is outside its area constraints.
. The instances in this site are: my_sdpram, .
CRITICAL WARNING: [Place 30-943] Failed to place instances in site 'RAMB36_X4Y1'. BRAM_config_BRAM_SDP_inst634_inst_hls/my_sdpram placed on site RAMB36_X4Y1 rpm (1400, 14)  tile (268, 304) BRAM_X38Y5 is outside its area constraints.
. The instances in this site are: my_sdpram, .
CRITICAL WARNING: [Place 30-943] Failed to place instances in site 'RAMB36_X4Y10'. BRAM_config_BRAM_SDP_inst634_inst_hhz/my_sdpram placed on site RAMB36_X4Y10 rpm (1400, 106)  tile (268, 258) BRAM_X38Y50 is outside its area constraints.
. The instances in this site are: my_sdpram, .
CRITICAL WARNING: [Place 30-943] Failed to place instances in site 'RAMB36_X4Y11'. BRAM_config_BRAM_SDP_inst634_inst_hhv/my_sdpram placed on site RAMB36_X4Y11 rpm (1400, 116)  tile (268, 253) BRAM_X38Y55 is outside its area constraints.
. The instances in this site are: my_sdpram, .
CRITICAL WARNING: [Place 30-943] Failed to place instances in site 'RAMB36_X4Y12'. BRAM_config_BRAM_SDP_inst634_inst_hhs/my_sdpram placed on site RAMB36_X4Y12 rpm (1400, 128)  tile (268, 247) BRAM_X38Y60 is outside its area constraints.
. The instances in this site are: my_sdpram, .
CRITICAL WARNING: [Place 30-943] Failed to place instances in site 'RAMB36_X4Y13'. BRAM_config_BRAM_SDP_inst634_inst_hho/my_sdpram placed on site RAMB36_X4Y13 rpm (1400, 138)  tile (268, 242) BRAM_X38Y65 is outside its area constraints.
. The instances in this site are: my_sdpram, .
CRITICAL WARNING: [Place 30-943] Failed to place instances in site 'RAMB36_X4Y14'. BRAM_config_BRAM_SDP_inst634_inst_hhm/my_sdpram placed on site RAMB36_X4Y14 rpm (1400, 148)  tile (268, 237) BRAM_X38Y70 is outside its area constraints.
. The instances in this site are: my_sdpram, .
CRITICAL WARNING: [Place 30-943] Failed to place instances in site 'RAMB36_X4Y15'. BRAM_config_BRAM_SDP_inst634_inst_hhl/my_sdpram placed on site RAMB36_X4Y15 rpm (1400, 158)  tile (268, 232) BRAM_X38Y75 is outside its area constraints.
. The instances in this site are: my_sdpram, .
CRITICAL WARNING: [Place 30-943] Failed to place instances in site 'RAMB36_X4Y16'. BRAM_config_BRAM_SDP_inst634_inst_hhh/my_sdpram placed on site RAMB36_X4Y16 rpm (1400, 168)  tile (268, 227) BRAM_X38Y80 is outside its area constraints.
. The instances in this site are: my_sdpram, .
CRITICAL WARNING: [Place 30-943] Failed to place instances in site 'RAMB36_X4Y17'. BRAM_config_BRAM_SDP_inst634_inst_hhf/my_sdpram placed on site RAMB36_X4Y17 rpm (1400, 178)  tile (268, 222) BRAM_X38Y85 is outside its area constraints.
. The instances in this site are: my_sdpram, .
CRITICAL WARNING: [Place 30-943] Failed to place instances in site 'RAMB36_X4Y18'. BRAM_config_BRAM_SDP_inst634_inst_hhe/my_sdpram placed on site RAMB36_X4Y18 rpm (1400, 190)  tile (268, 216) BRAM_X38Y90 is outside its area constraints.
. The instances in this site are: my_sdpram, .
CRITICAL WARNING: [Place 30-943] Failed to place instances in site 'RAMB36_X4Y19'. BRAM_config_BRAM_SDP_inst634_inst_hhb/my_sdpram placed on site RAMB36_X4Y19 rpm (1400, 200)  tile (268, 211) BRAM_X38Y95 is outside its area constraints.
. The instances in this site are: my_sdpram, .
CRITICAL WARNING: [Place 30-943] Failed to place instances in site 'RAMB36_X4Y2'. BRAM_config_BRAM_SDP_inst634_inst_hlo/my_sdpram placed on site RAMB36_X4Y2 rpm (1400, 24)  tile (268, 299) BRAM_X38Y10 is outside its area constraints.
. The instances in this site are: my_sdpram, .
CRITICAL WARNING: [Place 30-943] Failed to place instances in site 'RAMB36_X4Y22'. BRAM_config_BRAM_SDP_inst634_inst_hfv/my_sdpram placed on site RAMB36_X4Y22 rpm (1400, 230)  tile (268, 196) BRAM_X38Y110 is outside its area constraints.
. The instances in this site are: my_sdpram, .
CRITICAL WARNING: [Place 30-943] Failed to place instances in site 'RAMB36_X4Y23'. BRAM_config_BRAM_SDP_inst634_inst_hfs/my_sdpram placed on site RAMB36_X4Y23 rpm (1400, 240)  tile (268, 191) BRAM_X38Y115 is outside its area constraints.
. The instances in this site are: my_sdpram, .
CRITICAL WARNING: [Place 30-943] Failed to place instances in site 'RAMB36_X4Y3'. BRAM_config_BRAM_SDP_inst634_inst_hlm/my_sdpram placed on site RAMB36_X4Y3 rpm (1400, 34)  tile (268, 294) BRAM_X38Y15 is outside its area constraints.
. The instances in this site are: my_sdpram, .
CRITICAL WARNING: [Place 30-943] Failed to place instances in site 'RAMB36_X4Y4'. BRAM_config_BRAM_SDP_inst634_inst_hll/my_sdpram placed on site RAMB36_X4Y4 rpm (1400, 44)  tile (268, 289) BRAM_X38Y20 is outside its area constraints.
. The instances in this site are: my_sdpram, .
CRITICAL WARNING: [Place 30-943] Failed to place instances in site 'RAMB36_X4Y5'. BRAM_config_BRAM_SDP_inst634_inst_hlh/my_sdpram placed on site RAMB36_X4Y5 rpm (1400, 54)  tile (268, 284) BRAM_X38Y25 is outside its area constraints.
. The instances in this site are: my_sdpram, .
CRITICAL WARNING: [Place 30-943] Failed to place instances in site 'RAMB36_X4Y6'. BRAM_config_BRAM_SDP_inst634_inst_hlf/my_sdpram placed on site RAMB36_X4Y6 rpm (1400, 66)  tile (268, 278) BRAM_X38Y30 is outside its area constraints.
. The instances in this site are: my_sdpram, .
CRITICAL WARNING: [Place 30-943] Failed to place instances in site 'RAMB36_X4Y7'. BRAM_config_BRAM_SDP_inst634_inst_hle/my_sdpram placed on site RAMB36_X4Y7 rpm (1400, 76)  tile (268, 273) BRAM_X38Y35 is outside its area constraints.
. The instances in this site are: my_sdpram, .
CRITICAL WARNING: [Place 30-943] Failed to place instances in site 'RAMB36_X4Y8'. BRAM_config_BRAM_SDP_inst634_inst_hlb/my_sdpram placed on site RAMB36_X4Y8 rpm (1400, 86)  tile (268, 268) BRAM_X38Y40 is outside its area constraints.
. The instances in this site are: my_sdpram, .
CRITICAL WARNING: [Place 30-943] Failed to place instances in site 'RAMB36_X6Y47'. BRAM_config_BRAM_SDP_inst634_inst_ev/my_sdpram placed on site RAMB36_X6Y47 rpm (1976, 488)  tile (340, 67) BRAM_X55Y235 is outside its area constraints.
. The instances in this site are: my_sdpram, .
CRITICAL WARNING: [Place 30-943] Failed to place instances in site 'RAMB36_X7Y24'. BRAM_config_BRAM_SDP_inst634_inst_bsl/my_sdpram placed on site RAMB36_X7Y24 rpm (2424, 252)  tile (396, 185) BRAM_X68Y120 is outside its area constraints.
. The instances in this site are: my_sdpram, .
CRITICAL WARNING: [Place 30-943] Failed to place instances in site 'RAMB36_X7Y25'. BRAM_config_BRAM_SDP_inst634_inst_bsh/my_sdpram placed on site RAMB36_X7Y25 rpm (2424, 262)  tile (396, 180) BRAM_X68Y125 is outside its area constraints.
. The instances in this site are: my_sdpram, .
CRITICAL WARNING: [Place 30-943] Failed to place instances in site 'RAMB36_X7Y26'. BRAM_config_BRAM_SDP_inst634_inst_bsf/my_sdpram placed on site RAMB36_X7Y26 rpm (2424, 272)  tile (396, 175) BRAM_X68Y130 is outside its area constraints.
. The instances in this site are: my_sdpram, .
CRITICAL WARNING: [Place 30-943] Failed to place instances in site 'RAMB36_X7Y27'. BRAM_config_BRAM_SDP_inst634_inst_bse/my_sdpram placed on site RAMB36_X7Y27 rpm (2424, 282)  tile (396, 170) BRAM_X68Y135 is outside its area constraints.
. The instances in this site are: my_sdpram, .
INFO: [#UNDEF] Number of sites successfully placed '2110'.
INFO: [Place 30-948] Number of instances successfully placed 2110.
INFO: [#UNDEF] Failed to place 210 macros
Phase 2 Global Placement | Checksum: 1f1de71e6

Time (s): cpu = 00:14:44 ; elapsed = 00:08:43 . Memory (MB): peak = 8194.875 ; gain = 1448.051 ; free physical = 373 ; free virtual = 19250
ERROR: [Place 30-99] Placer failed with error: 'Failed to place macro locations.'
Please review all ERROR, CRITICAL WARNING, and WARNING messages during placement to understand the cause for failure.
Ending Placer Task | Checksum: b59c5d1f

Time (s): cpu = 00:14:44 ; elapsed = 00:08:44 . Memory (MB): peak = 8194.875 ; gain = 1448.051 ; free physical = 565 ; free virtual = 19443
INFO: [Common 17-83] Releasing license: Implementation
16 Infos, 0 Warnings, 194 Critical Warnings and 2 Errors encountered.
place_design failed
ERROR: [Common 17-69] Command failed: Placer could not place all instances
exit
INFO: [Common 17-206] Exiting Vivado at Fri Jul 14 23:50:42 2023...
