#-----------------------------------------------------------
# Vivado v2021.1 (64-bit)
# SW Build 3247384 on Thu Jun 10 19:36:07 MDT 2021
# IP Build 3246043 on Fri Jun 11 00:30:35 MDT 2021
# Start of session at: Fri Jul 14 22:07:15 2023
# Process ID: 15898
# Current directory: /home/aaa/Desktop/all_testcases/Design_5
# Command line: vivado -mode tcl -so place_route.tcl
# Log file: /home/aaa/Desktop/all_testcases/Design_5/vivado.log
# Journal file: /home/aaa/Desktop/all_testcases/Design_5/vivado.jou
#-----------------------------------------------------------
source place_route.tcl
# open_checkpoint ./design.dcp
Command: open_checkpoint ./design.dcp

Starting open_checkpoint Task

Time (s): cpu = 00:00:00.10 ; elapsed = 00:00:00.06 . Memory (MB): peak = 2533.020 ; gain = 0.000 ; free physical = 4604 ; free virtual = 10833
INFO: [Device 21-403] Loading part xcvu3p-ffvc1517-1-i
Netlist sorting complete. Time (s): cpu = 00:00:04 ; elapsed = 00:00:04 . Memory (MB): peak = 3347.293 ; gain = 3.000 ; free physical = 2914 ; free virtual = 9233
INFO: [Netlist 29-17] Analyzing 2100 Unisim elements for replacement
INFO: [Netlist 29-28] Unisim Transformation completed in 19 CPU seconds
WARNING: [Netlist 29-43] Netlist 'Design_1_65_TDB' is not ideal for floorplanning, since the cellview 'Design_1_65_TDB' defined in file 'Design_1_65_TDB.v' contains large number of primitives.  Please consider enabling hierarchy in synthesis if you want to do floorplanning.
INFO: [Project 1-479] Netlist was created with Vivado 2021.1
INFO: [Project 1-570] Preparing netlist for logic optimization
INFO: [Timing 38-478] Restoring timing data from binary archive.
INFO: [Timing 38-479] Binary timing data restore complete.
INFO: [Project 1-856] Restoring constraints from binary archive.
INFO: [Constraints 18-5170] The checkpoint was created with non-default parameter values which do not match the current Vivado settings.  Mismatching parameters are:
  general.maxThreads
INFO: [Project 1-853] Binary constraint restore complete.
Netlist sorting complete. Time (s): cpu = 00:00:00.06 ; elapsed = 00:00:00.06 . Memory (MB): peak = 4525.020 ; gain = 0.000 ; free physical = 2074 ; free virtual = 8393
INFO: [Project 1-111] Unisim Transformation Summary:
  A total of 2100 instances were transformed.
  DSP48E2 => DSP48E2 (DSP_ALU, DSP_A_B_DATA, DSP_C_DATA, DSP_MULTIPLIER, DSP_M_DATA, DSP_OUTPUT, DSP_PREADD, DSP_PREADD_DATA): 1824 instances
  IBUF => IBUF (IBUFCTRL, INBUF): 276 instances

INFO: [Project 1-604] Checkpoint was created with Vivado v2021.1 (64-bit) build 3247384
open_checkpoint: Time (s): cpu = 00:01:46 ; elapsed = 00:02:07 . Memory (MB): peak = 4525.020 ; gain = 1992.000 ; free physical = 2074 ; free virtual = 8393
# set_param place.timingDriven false
# place_design  -macro_placement macroplacement.pl -verbose
Command: place_design -macro_placement macroplacement.pl -verbose
Attempting to get a license for feature 'Implementation' and/or device 'xcvu3p'
INFO: [Common 17-349] Got license for feature 'Implementation' and/or device 'xcvu3p'
INFO: [Timing 38-35] Done setting XDC timing constraints.
INFO: [DRC 23-27] Running DRC with 8 threads
INFO: [Vivado_Tcl 4-198] DRC finished with 0 Errors
INFO: [Vivado_Tcl 4-199] Please refer to the DRC report (report_drc) for more information.
Running DRC as a precondition to command place_design
INFO: [DRC 23-27] Running DRC with 8 threads
INFO: [Vivado_Tcl 4-198] DRC finished with 0 Errors
INFO: [Vivado_Tcl 4-199] Please refer to the DRC report (report_drc) for more information.

Starting Placer Task
INFO: [Place 30-611] Multithreading enabled for place_design using a maximum of 8 CPUs

Phase 1 Placer Initialization

Phase 1.1 Placer Initialization Netlist Sorting
Netlist sorting complete. Time (s): cpu = 00:00:00.07 ; elapsed = 00:00:00.06 . Memory (MB): peak = 6953.988 ; gain = 0.000 ; free physical = 246 ; free virtual = 5967
Phase 1.1 Placer Initialization Netlist Sorting | Checksum: f2f481c0

Time (s): cpu = 00:00:00.17 ; elapsed = 00:00:00.18 . Memory (MB): peak = 6953.988 ; gain = 0.000 ; free physical = 246 ; free virtual = 5967
Netlist sorting complete. Time (s): cpu = 00:00:00.07 ; elapsed = 00:00:00.07 . Memory (MB): peak = 6953.988 ; gain = 0.000 ; free physical = 246 ; free virtual = 5968

Phase 1.2 IO Placement/ Clock Placement/ Build Placer Device
Phase 1.2 IO Placement/ Clock Placement/ Build Placer Device | Checksum: 1b69547ed

Time (s): cpu = 00:08:00 ; elapsed = 00:07:52 . Memory (MB): peak = 7088.672 ; gain = 134.684 ; free physical = 345 ; free virtual = 5918

Phase 1.3 Build Placer Netlist Model
Phase 1.3 Build Placer Netlist Model | Checksum: 20ed3753a

Time (s): cpu = 00:08:25 ; elapsed = 00:08:18 . Memory (MB): peak = 7507.227 ; gain = 553.238 ; free physical = 302 ; free virtual = 5491

Phase 1.4 Constrain Clocks/Macros
Phase 1.4 Constrain Clocks/Macros | Checksum: 20ed3753a

Time (s): cpu = 00:08:26 ; elapsed = 00:08:20 . Memory (MB): peak = 7507.227 ; gain = 553.238 ; free physical = 293 ; free virtual = 5482
Phase 1 Placer Initialization | Checksum: 20ed3753a

Time (s): cpu = 00:08:27 ; elapsed = 00:08:20 . Memory (MB): peak = 7507.227 ; gain = 553.238 ; free physical = 261 ; free virtual = 5449

Phase 2 Global Placement

Phase 2.1 Floorplanning

Phase 2.1.1 Partition Driven Placement

Phase 2.1.1.1 PBP: Partition Driven Placement
Phase 2.1.1.1 PBP: Partition Driven Placement | Checksum: 26dbbe6c5

Time (s): cpu = 00:17:50 ; elapsed = 00:12:22 . Memory (MB): peak = 8379.297 ; gain = 1425.309 ; free physical = 632 ; free virtual = 4915

Phase 2.1.1.2 PBP: Clock Region Placement
Phase 2.1.1.2 PBP: Clock Region Placement | Checksum: 27fe401c6

Time (s): cpu = 00:18:12 ; elapsed = 00:12:45 . Memory (MB): peak = 8379.297 ; gain = 1425.309 ; free physical = 540 ; free virtual = 4824

Phase 2.1.1.3 PBP: Discrete Incremental
Phase 2.1.1.3 PBP: Discrete Incremental | Checksum: 1ff6c8072

Time (s): cpu = 00:18:22 ; elapsed = 00:12:55 . Memory (MB): peak = 8379.297 ; gain = 1425.309 ; free physical = 536 ; free virtual = 4820

Phase 2.1.1.4 PBP: Compute Congestion
Phase 2.1.1.4 PBP: Compute Congestion | Checksum: 1ff6c8072

Time (s): cpu = 00:18:30 ; elapsed = 00:13:00 . Memory (MB): peak = 8411.312 ; gain = 1457.324 ; free physical = 522 ; free virtual = 4806

Phase 2.1.1.5 PBP: Macro Placement
Phase 2.1.1.5 PBP: Macro Placement | Checksum: 2882917e7

Time (s): cpu = 00:18:52 ; elapsed = 00:13:22 . Memory (MB): peak = 8411.312 ; gain = 1457.324 ; free physical = 347 ; free virtual = 4631

Phase 2.1.1.6 PBP: Add part constraints
Phase 2.1.1.6 PBP: Add part constraints | Checksum: 2882917e7

Time (s): cpu = 00:18:56 ; elapsed = 00:13:26 . Memory (MB): peak = 8411.312 ; gain = 1457.324 ; free physical = 240 ; free virtual = 4525
Phase 2.1.1 Partition Driven Placement | Checksum: 2882917e7

Time (s): cpu = 00:18:58 ; elapsed = 00:13:29 . Memory (MB): peak = 8411.312 ; gain = 1457.324 ; free physical = 561 ; free virtual = 4845
Phase 2.1 Floorplanning | Checksum: 2882917e7

Time (s): cpu = 00:19:00 ; elapsed = 00:13:30 . Memory (MB): peak = 8411.312 ; gain = 1457.324 ; free physical = 561 ; free virtual = 4845

Phase 2.2 Update Timing before SLR Path Opt
Phase 2.2 Update Timing before SLR Path Opt | Checksum: 2882917e7

Time (s): cpu = 00:19:01 ; elapsed = 00:13:32 . Memory (MB): peak = 8411.312 ; gain = 1457.324 ; free physical = 560 ; free virtual = 4844

Phase 2.3 Post-Processing in Floorplanning
Phase 2.3 Post-Processing in Floorplanning | Checksum: 2882917e7

Time (s): cpu = 00:19:03 ; elapsed = 00:13:33 . Memory (MB): peak = 8411.312 ; gain = 1457.324 ; free physical = 559 ; free virtual = 4844
INFO: [Place 30-2096]  
INFO: [Place 30-950] Reading placement information from file: macroplacement.pl.
INFO: [Place 30-949] Number of instances to place 2048.
CRITICAL WARNING: [Place 30-943] Failed to place instances in site 'DSP48E2_X10Y16'. DSP_config_DSP_inst87_inst_bzf/my_dsp/DSP_ALU_INST placed on site DSP48E2_X10Y16 rpm (2048, 84)  tile (349, 268) DSP_X56Y40 is outside its area constraints.
. The instances in this site are: my_dsp, .
CRITICAL WARNING: [Place 30-943] Failed to place instances in site 'DSP48E2_X10Y27'. DSP_config_DSP_inst87_inst_bze/my_dsp/DSP_ALU_INST placed on site DSP48E2_X10Y27 rpm (2048, 137)  tile (349, 242) DSP_X56Y65 is outside its area constraints.
. The instances in this site are: my_dsp, .
CRITICAL WARNING: [Place 30-943] Failed to place instances in site 'DSP48E2_X10Y38'. DSP_config_DSP_inst87_inst_bzb/my_dsp/DSP_ALU_INST placed on site DSP48E2_X10Y38 rpm (2048, 198)  tile (349, 211) DSP_X56Y95 is outside its area constraints.
. The instances in this site are: my_dsp, .
CRITICAL WARNING: [Place 30-943] Failed to place instances in site 'DSP48E2_X10Y5'. DSP_config_DSP_inst87_inst_bzh/my_dsp/DSP_ALU_INST placed on site DSP48E2_X10Y5 rpm (2048, 23)  tile (349, 299) DSP_X56Y10 is outside its area constraints.
. The instances in this site are: my_dsp, .
CRITICAL WARNING: [Place 30-943] Failed to place instances in site 'DSP48E2_X11Y47'. DSP_config_DSP_inst87_inst_bmz/my_dsp/DSP_ALU_INST placed on site DSP48E2_X11Y47 rpm (2152, 239)  tile (362, 191) DSP_X59Y115 is outside its area constraints.
. The instances in this site are: my_dsp, .
CRITICAL WARNING: [Place 30-943] Failed to place instances in site 'DSP48E2_X12Y15'. DSP_config_DSP_inst87_inst_bme/my_dsp/DSP_ALU_INST placed on site DSP48E2_X12Y15 rpm (2320, 75)  tile (383, 273) DSP_X64Y35 is outside its area constraints.
. The instances in this site are: my_dsp, .
CRITICAL WARNING: [Place 30-943] Failed to place instances in site 'DSP48E2_X12Y26'. DSP_config_DSP_inst87_inst_bmb/my_dsp/DSP_ALU_INST placed on site DSP48E2_X12Y26 rpm (2320, 136)  tile (383, 242) DSP_X64Y65 is outside its area constraints.
. The instances in this site are: my_dsp, .
CRITICAL WARNING: [Place 30-943] Failed to place instances in site 'DSP48E2_X12Y4'. DSP_config_DSP_inst87_inst_bmf/my_dsp/DSP_ALU_INST placed on site DSP48E2_X12Y4 rpm (2320, 22)  tile (383, 299) DSP_X64Y10 is outside its area constraints.
. The instances in this site are: my_dsp, .
CRITICAL WARNING: [Place 30-943] Failed to place instances in site 'DSP48E2_X13Y40'. DSP_config_DSP_inst87_inst_bfz/my_dsp/DSP_ALU_INST placed on site DSP48E2_X13Y40 rpm (2496, 208)  tile (405, 206) DSP_X69Y100 is outside its area constraints.
. The instances in this site are: my_dsp, .
CRITICAL WARNING: [Place 30-943] Failed to place instances in site 'DSP48E2_X14Y19'. DSP_config_DSP_inst87_inst_bfb/my_dsp/DSP_ALU_INST placed on site DSP48E2_X14Y19 rpm (2728, 95)  tile (480, 263) DSP_X75Y45 is outside its area constraints.
. The instances in this site are: my_dsp, .
CRITICAL WARNING: [Place 30-943] Failed to place instances in site 'DSP48E2_X14Y42'. DSP_config_DSP_inst87_inst_bbz/my_dsp/DSP_ALU_INST placed on site DSP48E2_X14Y42 rpm (2728, 218)  tile (480, 201) DSP_X75Y105 is outside its area constraints.
. The instances in this site are: my_dsp, .
CRITICAL WARNING: [Place 30-943] Failed to place instances in site 'DSP48E2_X15Y10'. DSP_config_DSP_inst87_inst_bbe/my_dsp/DSP_ALU_INST placed on site DSP48E2_X15Y10 rpm (3128, 52)  tile (530, 284) DSP_X87Y25 is outside its area constraints.
. The instances in this site are: my_dsp, .
CRITICAL WARNING: [Place 30-943] Failed to place instances in site 'DSP48E2_X15Y21'. DSP_config_DSP_inst87_inst_bbb/my_dsp/DSP_ALU_INST placed on site DSP48E2_X15Y21 rpm (3128, 105)  tile (530, 258) DSP_X87Y50 is outside its area constraints.
. The instances in this site are: my_dsp, .
CRITICAL WARNING: [Place 30-943] Failed to place instances in site 'DSP48E2_X2Y11'. DSP_config_DSP_inst87_inst_vz/my_dsp/DSP_ALU_INST placed on site DSP48E2_X2Y11 rpm (576, 53)  tile (119, 284) DSP_X14Y25 is outside its area constraints.
. The instances in this site are: my_dsp, .
CRITICAL WARNING: [Place 30-943] Failed to place instances in site 'DSP48E2_X2Y12'. DSP_config_DSP_inst87_inst_vvz/my_dsp/DSP_ALU_INST placed on site DSP48E2_X2Y12 rpm (576, 64)  tile (119, 278) DSP_X14Y30 is outside its area constraints.
. The instances in this site are: my_dsp, .
CRITICAL WARNING: [Place 30-943] Failed to place instances in site 'DSP48E2_X2Y13'. DSP_config_DSP_inst87_inst_vvv/my_dsp/DSP_ALU_INST placed on site DSP48E2_X2Y13 rpm (576, 65)  tile (119, 278) DSP_X14Y30 is outside its area constraints.
. The instances in this site are: my_dsp, .
CRITICAL WARNING: [Place 30-943] Failed to place instances in site 'DSP48E2_X2Y14'. DSP_config_DSP_inst87_inst_vvs/my_dsp/DSP_ALU_INST placed on site DSP48E2_X2Y14 rpm (576, 74)  tile (119, 273) DSP_X14Y35 is outside its area constraints.
. The instances in this site are: my_dsp, .
CRITICAL WARNING: [Place 30-943] Failed to place instances in site 'DSP48E2_X2Y15'. DSP_config_DSP_inst87_inst_vvo/my_dsp/DSP_ALU_INST placed on site DSP48E2_X2Y15 rpm (576, 75)  tile (119, 273) DSP_X14Y35 is outside its area constraints.
. The instances in this site are: my_dsp, .
CRITICAL WARNING: [Place 30-943] Failed to place instances in site 'DSP48E2_X2Y16'. DSP_config_DSP_inst87_inst_vvm/my_dsp/DSP_ALU_INST placed on site DSP48E2_X2Y16 rpm (576, 84)  tile (119, 268) DSP_X14Y40 is outside its area constraints.
. The instances in this site are: my_dsp, .
CRITICAL WARNING: [Place 30-943] Failed to place instances in site 'DSP48E2_X2Y17'. DSP_config_DSP_inst87_inst_vvl/my_dsp/DSP_ALU_INST placed on site DSP48E2_X2Y17 rpm (576, 85)  tile (119, 268) DSP_X14Y40 is outside its area constraints.
. The instances in this site are: my_dsp, .
CRITICAL WARNING: [Place 30-943] Failed to place instances in site 'DSP48E2_X2Y18'. DSP_config_DSP_inst87_inst_vvh/my_dsp/DSP_ALU_INST placed on site DSP48E2_X2Y18 rpm (576, 94)  tile (119, 263) DSP_X14Y45 is outside its area constraints.
. The instances in this site are: my_dsp, .
CRITICAL WARNING: [Place 30-943] Failed to place instances in site 'DSP48E2_X2Y19'. DSP_config_DSP_inst87_inst_vvf/my_dsp/DSP_ALU_INST placed on site DSP48E2_X2Y19 rpm (576, 95)  tile (119, 263) DSP_X14Y45 is outside its area constraints.
. The instances in this site are: my_dsp, .
CRITICAL WARNING: [Place 30-943] Failed to place instances in site 'DSP48E2_X2Y20'. DSP_config_DSP_inst87_inst_vve/my_dsp/DSP_ALU_INST placed on site DSP48E2_X2Y20 rpm (576, 104)  tile (119, 258) DSP_X14Y50 is outside its area constraints.
. The instances in this site are: my_dsp, .
CRITICAL WARNING: [Place 30-943] Failed to place instances in site 'DSP48E2_X2Y21'. DSP_config_DSP_inst87_inst_vvb/my_dsp/DSP_ALU_INST placed on site DSP48E2_X2Y21 rpm (576, 105)  tile (119, 258) DSP_X14Y50 is outside its area constraints.
. The instances in this site are: my_dsp, .
CRITICAL WARNING: [Place 30-943] Failed to place instances in site 'DSP48E2_X2Y22'. DSP_config_DSP_inst87_inst_vv/my_dsp/DSP_ALU_INST placed on site DSP48E2_X2Y22 rpm (576, 114)  tile (119, 253) DSP_X14Y55 is outside its area constraints.
. The instances in this site are: my_dsp, .
CRITICAL WARNING: [Place 30-943] Failed to place instances in site 'DSP48E2_X2Y23'. DSP_config_DSP_inst87_inst_vsz/my_dsp/DSP_ALU_INST placed on site DSP48E2_X2Y23 rpm (576, 115)  tile (119, 253) DSP_X14Y55 is outside its area constraints.
. The instances in this site are: my_dsp, .
CRITICAL WARNING: [Place 30-943] Failed to place instances in site 'DSP48E2_X2Y33'. DSP_config_DSP_inst87_inst_vs/my_dsp/DSP_ALU_INST placed on site DSP48E2_X2Y33 rpm (576, 167)  tile (119, 227) DSP_X14Y80 is outside its area constraints.
. The instances in this site are: my_dsp, .
CRITICAL WARNING: [Place 30-943] Failed to place instances in site 'DSP48E2_X2Y44'. DSP_config_DSP_inst87_inst_vo/my_dsp/DSP_ALU_INST placed on site DSP48E2_X2Y44 rpm (576, 228)  tile (119, 196) DSP_X14Y110 is outside its area constraints.
. The instances in this site are: my_dsp, .
CRITICAL WARNING: [Place 30-943] Failed to place instances in site 'DSP48E2_X3Y103'. DSP_config_DSP_inst87_inst_ozz/my_dsp/DSP_ALU_INST placed on site DSP48E2_X3Y103 rpm (648, 529)  tile (128, 46) DSP_X16Y255 is outside its area constraints.
. The instances in this site are: my_dsp, .
CRITICAL WARNING: [Place 30-943] Failed to place instances in site 'DSP48E2_X3Y104'. DSP_config_DSP_inst87_inst_ozv/my_dsp/DSP_ALU_INST placed on site DSP48E2_X3Y104 rpm (648, 538)  tile (128, 41) DSP_X16Y260 is outside its area constraints.
. The instances in this site are: my_dsp, .
CRITICAL WARNING: [Place 30-943] Failed to place instances in site 'DSP48E2_X3Y105'. DSP_config_DSP_inst87_inst_ozs/my_dsp/DSP_ALU_INST placed on site DSP48E2_X3Y105 rpm (648, 539)  tile (128, 41) DSP_X16Y260 is outside its area constraints.
. The instances in this site are: my_dsp, .
CRITICAL WARNING: [Place 30-943] Failed to place instances in site 'DSP48E2_X3Y106'. DSP_config_DSP_inst87_inst_ozo/my_dsp/DSP_ALU_INST placed on site DSP48E2_X3Y106 rpm (648, 548)  tile (128, 36) DSP_X16Y265 is outside its area constraints.
. The instances in this site are: my_dsp, .
CRITICAL WARNING: [Place 30-943] Failed to place instances in site 'DSP48E2_X3Y107'. DSP_config_DSP_inst87_inst_ozm/my_dsp/DSP_ALU_INST placed on site DSP48E2_X3Y107 rpm (648, 549)  tile (128, 36) DSP_X16Y265 is outside its area constraints.
. The instances in this site are: my_dsp, .
CRITICAL WARNING: [Place 30-943] Failed to place instances in site 'DSP48E2_X3Y108'. DSP_config_DSP_inst87_inst_ozl/my_dsp/DSP_ALU_INST placed on site DSP48E2_X3Y108 rpm (648, 560)  tile (128, 30) DSP_X16Y270 is outside its area constraints.
. The instances in this site are: my_dsp, .
CRITICAL WARNING: [Place 30-943] Failed to place instances in site 'DSP48E2_X3Y109'. DSP_config_DSP_inst87_inst_ozh/my_dsp/DSP_ALU_INST placed on site DSP48E2_X3Y109 rpm (648, 561)  tile (128, 30) DSP_X16Y270 is outside its area constraints.
. The instances in this site are: my_dsp, .
CRITICAL WARNING: [Place 30-943] Failed to place instances in site 'DSP48E2_X3Y110'. DSP_config_DSP_inst87_inst_ozf/my_dsp/DSP_ALU_INST placed on site DSP48E2_X3Y110 rpm (648, 570)  tile (128, 25) DSP_X16Y275 is outside its area constraints.
. The instances in this site are: my_dsp, .
CRITICAL WARNING: [Place 30-943] Failed to place instances in site 'DSP48E2_X3Y111'. DSP_config_DSP_inst87_inst_oze/my_dsp/DSP_ALU_INST placed on site DSP48E2_X3Y111 rpm (648, 571)  tile (128, 25) DSP_X16Y275 is outside its area constraints.
. The instances in this site are: my_dsp, .
CRITICAL WARNING: [Place 30-943] Failed to place instances in site 'DSP48E2_X3Y112'. DSP_config_DSP_inst87_inst_ozb/my_dsp/DSP_ALU_INST placed on site DSP48E2_X3Y112 rpm (648, 580)  tile (128, 20) DSP_X16Y280 is outside its area constraints.
. The instances in this site are: my_dsp, .
CRITICAL WARNING: [Place 30-943] Failed to place instances in site 'DSP48E2_X3Y13'. DSP_config_DSP_inst87_inst_sv/my_dsp/DSP_ALU_INST placed on site DSP48E2_X3Y13 rpm (648, 65)  tile (128, 278) DSP_X16Y30 is outside its area constraints.
. The instances in this site are: my_dsp, .
CRITICAL WARNING: [Place 30-943] Failed to place instances in site 'DSP48E2_X3Y2'. DSP_config_DSP_inst87_inst_sz/my_dsp/DSP_ALU_INST placed on site DSP48E2_X3Y2 rpm (648, 12)  tile (128, 304) DSP_X16Y5 is outside its area constraints.
. The instances in this site are: my_dsp, .
CRITICAL WARNING: [Place 30-943] Failed to place instances in site 'DSP48E2_X3Y24'. DSP_config_DSP_inst87_inst_ss/my_dsp/DSP_ALU_INST placed on site DSP48E2_X3Y24 rpm (648, 126)  tile (128, 247) DSP_X16Y60 is outside its area constraints.
. The instances in this site are: my_dsp, .
CRITICAL WARNING: [Place 30-943] Failed to place instances in site 'DSP48E2_X3Y35'. DSP_config_DSP_inst87_inst_so/my_dsp/DSP_ALU_INST placed on site DSP48E2_X3Y35 rpm (648, 177)  tile (128, 222) DSP_X16Y85 is outside its area constraints.
. The instances in this site are: my_dsp, .
CRITICAL WARNING: [Place 30-943] Failed to place instances in site 'DSP48E2_X3Y46'. DSP_config_DSP_inst87_inst_sm/my_dsp/DSP_ALU_INST placed on site DSP48E2_X3Y46 rpm (648, 238)  tile (128, 191) DSP_X16Y115 is outside its area constraints.
. The instances in this site are: my_dsp, .
CRITICAL WARNING: [Place 30-943] Failed to place instances in site 'DSP48E2_X4Y49'. DSP_config_DSP_inst87_inst_ohz/my_dsp/DSP_ALU_INST placed on site DSP48E2_X4Y49 rpm (792, 251)  tile (146, 185) DSP_X20Y120 is outside its area constraints.
. The instances in this site are: my_dsp, .
CRITICAL WARNING: [Place 30-943] Failed to place instances in site 'DSP48E2_X4Y50'. DSP_config_DSP_inst87_inst_ohv/my_dsp/DSP_ALU_INST placed on site DSP48E2_X4Y50 rpm (792, 260)  tile (146, 180) DSP_X20Y125 is outside its area constraints.
. The instances in this site are: my_dsp, .
CRITICAL WARNING: [Place 30-943] Failed to place instances in site 'DSP48E2_X4Y51'. DSP_config_DSP_inst87_inst_ohs/my_dsp/DSP_ALU_INST placed on site DSP48E2_X4Y51 rpm (792, 261)  tile (146, 180) DSP_X20Y125 is outside its area constraints.
. The instances in this site are: my_dsp, .
CRITICAL WARNING: [Place 30-943] Failed to place instances in site 'DSP48E2_X4Y52'. DSP_config_DSP_inst87_inst_oho/my_dsp/DSP_ALU_INST placed on site DSP48E2_X4Y52 rpm (792, 270)  tile (146, 175) DSP_X20Y130 is outside its area constraints.
. The instances in this site are: my_dsp, .
CRITICAL WARNING: [Place 30-943] Failed to place instances in site 'DSP48E2_X4Y53'. DSP_config_DSP_inst87_inst_ohm/my_dsp/DSP_ALU_INST placed on site DSP48E2_X4Y53 rpm (792, 271)  tile (146, 175) DSP_X20Y130 is outside its area constraints.
. The instances in this site are: my_dsp, .
CRITICAL WARNING: [Place 30-943] Failed to place instances in site 'DSP48E2_X4Y54'. DSP_config_DSP_inst87_inst_ohl/my_dsp/DSP_ALU_INST placed on site DSP48E2_X4Y54 rpm (792, 280)  tile (146, 170) DSP_X20Y135 is outside its area constraints.
. The instances in this site are: my_dsp, .
CRITICAL WARNING: [Place 30-943] Failed to place instances in site 'DSP48E2_X4Y55'. DSP_config_DSP_inst87_inst_ohh/my_dsp/DSP_ALU_INST placed on site DSP48E2_X4Y55 rpm (792, 281)  tile (146, 170) DSP_X20Y135 is outside its area constraints.
. The instances in this site are: my_dsp, .
CRITICAL WARNING: [Place 30-943] Failed to place instances in site 'DSP48E2_X4Y56'. DSP_config_DSP_inst87_inst_ohf/my_dsp/DSP_ALU_INST placed on site DSP48E2_X4Y56 rpm (792, 290)  tile (146, 165) DSP_X20Y140 is outside its area constraints.
. The instances in this site are: my_dsp, .
CRITICAL WARNING: [Place 30-943] Failed to place instances in site 'DSP48E2_X4Y57'. DSP_config_DSP_inst87_inst_ohe/my_dsp/DSP_ALU_INST placed on site DSP48E2_X4Y57 rpm (792, 291)  tile (146, 165) DSP_X20Y140 is outside its area constraints.
. The instances in this site are: my_dsp, .
CRITICAL WARNING: [Place 30-943] Failed to place instances in site 'DSP48E2_X4Y58'. DSP_config_DSP_inst87_inst_ohb/my_dsp/DSP_ALU_INST placed on site DSP48E2_X4Y58 rpm (792, 300)  tile (146, 160) DSP_X20Y145 is outside its area constraints.
. The instances in this site are: my_dsp, .
CRITICAL WARNING: [Place 30-943] Failed to place instances in site 'DSP48E2_X4Y60'. DSP_config_DSP_inst87_inst_ofz/my_dsp/DSP_ALU_INST placed on site DSP48E2_X4Y60 rpm (792, 312)  tile (146, 154) DSP_X20Y150 is outside its area constraints.
. The instances in this site are: my_dsp, .
CRITICAL WARNING: [Place 30-943] Failed to place instances in site 'DSP48E2_X4Y61'. DSP_config_DSP_inst87_inst_ofv/my_dsp/DSP_ALU_INST placed on site DSP48E2_X4Y61 rpm (792, 313)  tile (146, 154) DSP_X20Y150 is outside its area constraints.
. The instances in this site are: my_dsp, .
CRITICAL WARNING: [Place 30-943] Failed to place instances in site 'DSP48E2_X4Y62'. DSP_config_DSP_inst87_inst_ofs/my_dsp/DSP_ALU_INST placed on site DSP48E2_X4Y62 rpm (792, 322)  tile (146, 149) DSP_X20Y155 is outside its area constraints.
. The instances in this site are: my_dsp, .
CRITICAL WARNING: [Place 30-943] Failed to place instances in site 'DSP48E2_X4Y63'. DSP_config_DSP_inst87_inst_ofo/my_dsp/DSP_ALU_INST placed on site DSP48E2_X4Y63 rpm (792, 323)  tile (146, 149) DSP_X20Y155 is outside its area constraints.
. The instances in this site are: my_dsp, .
CRITICAL WARNING: [Place 30-943] Failed to place instances in site 'DSP48E2_X4Y64'. DSP_config_DSP_inst87_inst_ofm/my_dsp/DSP_ALU_INST placed on site DSP48E2_X4Y64 rpm (792, 332)  tile (146, 144) DSP_X20Y160 is outside its area constraints.
. The instances in this site are: my_dsp, .
CRITICAL WARNING: [Place 30-943] Failed to place instances in site 'DSP48E2_X4Y65'. DSP_config_DSP_inst87_inst_ofl/my_dsp/DSP_ALU_INST placed on site DSP48E2_X4Y65 rpm (792, 333)  tile (146, 144) DSP_X20Y160 is outside its area constraints.
. The instances in this site are: my_dsp, .
CRITICAL WARNING: [Place 30-943] Failed to place instances in site 'DSP48E2_X4Y66'. DSP_config_DSP_inst87_inst_ofh/my_dsp/DSP_ALU_INST placed on site DSP48E2_X4Y66 rpm (792, 342)  tile (146, 139) DSP_X20Y165 is outside its area constraints.
. The instances in this site are: my_dsp, .
CRITICAL WARNING: [Place 30-943] Failed to place instances in site 'DSP48E2_X4Y67'. DSP_config_DSP_inst87_inst_off/my_dsp/DSP_ALU_INST placed on site DSP48E2_X4Y67 rpm (792, 343)  tile (146, 139) DSP_X20Y165 is outside its area constraints.
. The instances in this site are: my_dsp, .
CRITICAL WARNING: [Place 30-943] Failed to place instances in site 'DSP48E2_X4Y68'. DSP_config_DSP_inst87_inst_ofe/my_dsp/DSP_ALU_INST placed on site DSP48E2_X4Y68 rpm (792, 352)  tile (146, 134) DSP_X20Y170 is outside its area constraints.
. The instances in this site are: my_dsp, .
CRITICAL WARNING: [Place 30-943] Failed to place instances in site 'DSP48E2_X4Y69'. DSP_config_DSP_inst87_inst_ofb/my_dsp/DSP_ALU_INST placed on site DSP48E2_X4Y69 rpm (792, 353)  tile (146, 134) DSP_X20Y170 is outside its area constraints.
. The instances in this site are: my_dsp, .
CRITICAL WARNING: [Place 30-943] Failed to place instances in site 'DSP48E2_X4Y82'. DSP_config_DSP_inst87_inst_obz/my_dsp/DSP_ALU_INST placed on site DSP48E2_X4Y82 rpm (792, 424)  tile (146, 98) DSP_X20Y205 is outside its area constraints.
. The instances in this site are: my_dsp, .
CRITICAL WARNING: [Place 30-943] Failed to place instances in site 'DSP48E2_X4Y83'. DSP_config_DSP_inst87_inst_obv/my_dsp/DSP_ALU_INST placed on site DSP48E2_X4Y83 rpm (792, 425)  tile (146, 98) DSP_X20Y205 is outside its area constraints.
. The instances in this site are: my_dsp, .
CRITICAL WARNING: [Place 30-943] Failed to place instances in site 'DSP48E2_X4Y84'. DSP_config_DSP_inst87_inst_obs/my_dsp/DSP_ALU_INST placed on site DSP48E2_X4Y84 rpm (792, 436)  tile (146, 92) DSP_X20Y210 is outside its area constraints.
. The instances in this site are: my_dsp, .
CRITICAL WARNING: [Place 30-943] Failed to place instances in site 'DSP48E2_X4Y85'. DSP_config_DSP_inst87_inst_obo/my_dsp/DSP_ALU_INST placed on site DSP48E2_X4Y85 rpm (792, 437)  tile (146, 92) DSP_X20Y210 is outside its area constraints.
. The instances in this site are: my_dsp, .
CRITICAL WARNING: [Place 30-943] Failed to place instances in site 'DSP48E2_X4Y86'. DSP_config_DSP_inst87_inst_obm/my_dsp/DSP_ALU_INST placed on site DSP48E2_X4Y86 rpm (792, 446)  tile (146, 87) DSP_X20Y215 is outside its area constraints.
. The instances in this site are: my_dsp, .
CRITICAL WARNING: [Place 30-943] Failed to place instances in site 'DSP48E2_X4Y87'. DSP_config_DSP_inst87_inst_obl/my_dsp/DSP_ALU_INST placed on site DSP48E2_X4Y87 rpm (792, 447)  tile (146, 87) DSP_X20Y215 is outside its area constraints.
. The instances in this site are: my_dsp, .
CRITICAL WARNING: [Place 30-943] Failed to place instances in site 'DSP48E2_X4Y88'. DSP_config_DSP_inst87_inst_obh/my_dsp/DSP_ALU_INST placed on site DSP48E2_X4Y88 rpm (792, 456)  tile (146, 82) DSP_X20Y220 is outside its area constraints.
. The instances in this site are: my_dsp, .
CRITICAL WARNING: [Place 30-943] Failed to place instances in site 'DSP48E2_X4Y89'. DSP_config_DSP_inst87_inst_obf/my_dsp/DSP_ALU_INST placed on site DSP48E2_X4Y89 rpm (792, 457)  tile (146, 82) DSP_X20Y220 is outside its area constraints.
. The instances in this site are: my_dsp, .
CRITICAL WARNING: [Place 30-943] Failed to place instances in site 'DSP48E2_X4Y90'. DSP_config_DSP_inst87_inst_obe/my_dsp/DSP_ALU_INST placed on site DSP48E2_X4Y90 rpm (792, 466)  tile (146, 77) DSP_X20Y225 is outside its area constraints.
. The instances in this site are: my_dsp, .
CRITICAL WARNING: [Place 30-943] Failed to place instances in site 'DSP48E2_X4Y91'. DSP_config_DSP_inst87_inst_obb/my_dsp/DSP_ALU_INST placed on site DSP48E2_X4Y91 rpm (792, 467)  tile (146, 77) DSP_X20Y225 is outside its area constraints.
. The instances in this site are: my_dsp, .
CRITICAL WARNING: [Place 30-943] Failed to place instances in site 'DSP48E2_X6Y19'. DSP_config_DSP_inst87_inst_lm/my_dsp/DSP_ALU_INST placed on site DSP48E2_X6Y19 rpm (1064, 95)  tile (180, 263) DSP_X28Y45 is outside its area constraints.
. The instances in this site are: my_dsp, .
CRITICAL WARNING: [Place 30-943] Failed to place instances in site 'DSP48E2_X6Y30'. DSP_config_DSP_inst87_inst_ll/my_dsp/DSP_ALU_INST placed on site DSP48E2_X6Y30 rpm (1064, 156)  tile (180, 232) DSP_X28Y75 is outside its area constraints.
. The instances in this site are: my_dsp, .
CRITICAL WARNING: [Place 30-943] Failed to place instances in site 'DSP48E2_X6Y41'. DSP_config_DSP_inst87_inst_lh/my_dsp/DSP_ALU_INST placed on site DSP48E2_X6Y41 rpm (1064, 209)  tile (180, 206) DSP_X28Y100 is outside its area constraints.
. The instances in this site are: my_dsp, .
CRITICAL WARNING: [Place 30-943] Failed to place instances in site 'DSP48E2_X6Y8'. DSP_config_DSP_inst87_inst_lo/my_dsp/DSP_ALU_INST placed on site DSP48E2_X6Y8 rpm (1064, 42)  tile (180, 289) DSP_X28Y20 is outside its area constraints.
. The instances in this site are: my_dsp, .
CRITICAL WARNING: [Place 30-943] Failed to place instances in site 'DSP48E2_X6Y88'. DSP_config_DSP_inst87_inst_hvv/my_dsp/DSP_ALU_INST placed on site DSP48E2_X6Y88 rpm (1064, 456)  tile (180, 82) DSP_X28Y220 is outside its area constraints.
. The instances in this site are: my_dsp, .
CRITICAL WARNING: [Place 30-943] Failed to place instances in site 'DSP48E2_X6Y89'. DSP_config_DSP_inst87_inst_hvs/my_dsp/DSP_ALU_INST placed on site DSP48E2_X6Y89 rpm (1064, 457)  tile (180, 82) DSP_X28Y220 is outside its area constraints.
. The instances in this site are: my_dsp, .
CRITICAL WARNING: [Place 30-943] Failed to place instances in site 'DSP48E2_X6Y90'. DSP_config_DSP_inst87_inst_hvo/my_dsp/DSP_ALU_INST placed on site DSP48E2_X6Y90 rpm (1064, 466)  tile (180, 77) DSP_X28Y225 is outside its area constraints.
. The instances in this site are: my_dsp, .
CRITICAL WARNING: [Place 30-943] Failed to place instances in site 'DSP48E2_X6Y91'. DSP_config_DSP_inst87_inst_hvm/my_dsp/DSP_ALU_INST placed on site DSP48E2_X6Y91 rpm (1064, 467)  tile (180, 77) DSP_X28Y225 is outside its area constraints.
. The instances in this site are: my_dsp, .
CRITICAL WARNING: [Place 30-943] Failed to place instances in site 'DSP48E2_X6Y92'. DSP_config_DSP_inst87_inst_hvl/my_dsp/DSP_ALU_INST placed on site DSP48E2_X6Y92 rpm (1064, 476)  tile (180, 72) DSP_X28Y230 is outside its area constraints.
. The instances in this site are: my_dsp, .
CRITICAL WARNING: [Place 30-943] Failed to place instances in site 'DSP48E2_X6Y93'. DSP_config_DSP_inst87_inst_hvh/my_dsp/DSP_ALU_INST placed on site DSP48E2_X6Y93 rpm (1064, 477)  tile (180, 72) DSP_X28Y230 is outside its area constraints.
. The instances in this site are: my_dsp, .
CRITICAL WARNING: [Place 30-943] Failed to place instances in site 'DSP48E2_X6Y94'. DSP_config_DSP_inst87_inst_hvf/my_dsp/DSP_ALU_INST placed on site DSP48E2_X6Y94 rpm (1064, 486)  tile (180, 67) DSP_X28Y235 is outside its area constraints.
. The instances in this site are: my_dsp, .
CRITICAL WARNING: [Place 30-943] Failed to place instances in site 'DSP48E2_X6Y95'. DSP_config_DSP_inst87_inst_hve/my_dsp/DSP_ALU_INST placed on site DSP48E2_X6Y95 rpm (1064, 487)  tile (180, 67) DSP_X28Y235 is outside its area constraints.
. The instances in this site are: my_dsp, .
CRITICAL WARNING: [Place 30-943] Failed to place instances in site 'DSP48E2_X6Y96'. DSP_config_DSP_inst87_inst_hvb/my_dsp/DSP_ALU_INST placed on site DSP48E2_X6Y96 rpm (1064, 498)  tile (180, 61) DSP_X28Y240 is outside its area constraints.
. The instances in this site are: my_dsp, .
CRITICAL WARNING: [Place 30-943] Failed to place instances in site 'DSP48E2_X8Y100'. DSP_config_DSP_inst87_inst_eob/my_dsp/DSP_ALU_INST placed on site DSP48E2_X8Y100 rpm (1472, 518)  tile (277, 51) DSP_X39Y250 is outside its area constraints.
. The instances in this site are: my_dsp, .
CRITICAL WARNING: [Place 30-943] Failed to place instances in site 'DSP48E2_X8Y103'. DSP_config_DSP_inst87_inst_emv/my_dsp/DSP_ALU_INST placed on site DSP48E2_X8Y103 rpm (1472, 529)  tile (277, 46) DSP_X39Y255 is outside its area constraints.
. The instances in this site are: my_dsp, .
CRITICAL WARNING: [Place 30-943] Failed to place instances in site 'DSP48E2_X8Y104'. DSP_config_DSP_inst87_inst_ems/my_dsp/DSP_ALU_INST placed on site DSP48E2_X8Y104 rpm (1472, 538)  tile (277, 41) DSP_X39Y260 is outside its area constraints.
. The instances in this site are: my_dsp, .
CRITICAL WARNING: [Place 30-943] Failed to place instances in site 'DSP48E2_X8Y105'. DSP_config_DSP_inst87_inst_emo/my_dsp/DSP_ALU_INST placed on site DSP48E2_X8Y105 rpm (1472, 539)  tile (277, 41) DSP_X39Y260 is outside its area constraints.
. The instances in this site are: my_dsp, .
CRITICAL WARNING: [Place 30-943] Failed to place instances in site 'DSP48E2_X8Y107'. DSP_config_DSP_inst87_inst_eml/my_dsp/DSP_ALU_INST placed on site DSP48E2_X8Y107 rpm (1472, 549)  tile (277, 36) DSP_X39Y265 is outside its area constraints.
. The instances in this site are: my_dsp, .
CRITICAL WARNING: [Place 30-943] Failed to place instances in site 'DSP48E2_X8Y108'. DSP_config_DSP_inst87_inst_emh/my_dsp/DSP_ALU_INST placed on site DSP48E2_X8Y108 rpm (1472, 560)  tile (277, 30) DSP_X39Y270 is outside its area constraints.
. The instances in this site are: my_dsp, .
CRITICAL WARNING: [Place 30-943] Failed to place instances in site 'DSP48E2_X8Y110'. DSP_config_DSP_inst87_inst_eme/my_dsp/DSP_ALU_INST placed on site DSP48E2_X8Y110 rpm (1472, 570)  tile (277, 25) DSP_X39Y275 is outside its area constraints.
. The instances in this site are: my_dsp, .
CRITICAL WARNING: [Place 30-943] Failed to place instances in site 'DSP48E2_X8Y113'. DSP_config_DSP_inst87_inst_elz/my_dsp/DSP_ALU_INST placed on site DSP48E2_X8Y113 rpm (1472, 581)  tile (277, 20) DSP_X39Y280 is outside its area constraints.
. The instances in this site are: my_dsp, .
CRITICAL WARNING: [Place 30-943] Failed to place instances in site 'DSP48E2_X8Y114'. DSP_config_DSP_inst87_inst_elv/my_dsp/DSP_ALU_INST placed on site DSP48E2_X8Y114 rpm (1472, 590)  tile (277, 15) DSP_X39Y285 is outside its area constraints.
. The instances in this site are: my_dsp, .
CRITICAL WARNING: [Place 30-943] Failed to place instances in site 'DSP48E2_X8Y115'. DSP_config_DSP_inst87_inst_els/my_dsp/DSP_ALU_INST placed on site DSP48E2_X8Y115 rpm (1472, 591)  tile (277, 15) DSP_X39Y285 is outside its area constraints.
. The instances in this site are: my_dsp, .
CRITICAL WARNING: [Place 30-943] Failed to place instances in site 'DSP48E2_X8Y116'. DSP_config_DSP_inst87_inst_elo/my_dsp/DSP_ALU_INST placed on site DSP48E2_X8Y116 rpm (1472, 600)  tile (277, 10) DSP_X39Y290 is outside its area constraints.
. The instances in this site are: my_dsp, .
CRITICAL WARNING: [Place 30-943] Failed to place instances in site 'DSP48E2_X8Y117'. DSP_config_DSP_inst87_inst_elm/my_dsp/DSP_ALU_INST placed on site DSP48E2_X8Y117 rpm (1472, 601)  tile (277, 10) DSP_X39Y290 is outside its area constraints.
. The instances in this site are: my_dsp, .
CRITICAL WARNING: [Place 30-943] Failed to place instances in site 'DSP48E2_X8Y118'. DSP_config_DSP_inst87_inst_ell/my_dsp/DSP_ALU_INST placed on site DSP48E2_X8Y118 rpm (1472, 610)  tile (277, 5) DSP_X39Y295 is outside its area constraints.
. The instances in this site are: my_dsp, .
CRITICAL WARNING: [Place 30-943] Failed to place instances in site 'DSP48E2_X8Y119'. DSP_config_DSP_inst87_inst_elh/my_dsp/DSP_ALU_INST placed on site DSP48E2_X8Y119 rpm (1472, 611)  tile (277, 5) DSP_X39Y295 is outside its area constraints.
. The instances in this site are: my_dsp, .
CRITICAL WARNING: [Place 30-943] Failed to place instances in site 'DSP48E2_X8Y80'. DSP_config_DSP_inst87_inst_esz/my_dsp/DSP_ALU_INST placed on site DSP48E2_X8Y80 rpm (1472, 414)  tile (277, 103) DSP_X39Y200 is outside its area constraints.
. The instances in this site are: my_dsp, .
CRITICAL WARNING: [Place 30-943] Failed to place instances in site 'DSP48E2_X8Y82'. DSP_config_DSP_inst87_inst_ess/my_dsp/DSP_ALU_INST placed on site DSP48E2_X8Y82 rpm (1472, 424)  tile (277, 98) DSP_X39Y205 is outside its area constraints.
. The instances in this site are: my_dsp, .
CRITICAL WARNING: [Place 30-943] Failed to place instances in site 'DSP48E2_X8Y83'. DSP_config_DSP_inst87_inst_eso/my_dsp/DSP_ALU_INST placed on site DSP48E2_X8Y83 rpm (1472, 425)  tile (277, 98) DSP_X39Y205 is outside its area constraints.
. The instances in this site are: my_dsp, .
CRITICAL WARNING: [Place 30-943] Failed to place instances in site 'DSP48E2_X8Y84'. DSP_config_DSP_inst87_inst_esm/my_dsp/DSP_ALU_INST placed on site DSP48E2_X8Y84 rpm (1472, 436)  tile (277, 92) DSP_X39Y210 is outside its area constraints.
. The instances in this site are: my_dsp, .
CRITICAL WARNING: [Place 30-943] Failed to place instances in site 'DSP48E2_X8Y85'. DSP_config_DSP_inst87_inst_esl/my_dsp/DSP_ALU_INST placed on site DSP48E2_X8Y85 rpm (1472, 437)  tile (277, 92) DSP_X39Y210 is outside its area constraints.
. The instances in this site are: my_dsp, .
CRITICAL WARNING: [Place 30-943] Failed to place instances in site 'DSP48E2_X8Y86'. DSP_config_DSP_inst87_inst_esh/my_dsp/DSP_ALU_INST placed on site DSP48E2_X8Y86 rpm (1472, 446)  tile (277, 87) DSP_X39Y215 is outside its area constraints.
. The instances in this site are: my_dsp, .
CRITICAL WARNING: [Place 30-943] Failed to place instances in site 'DSP48E2_X8Y87'. DSP_config_DSP_inst87_inst_esf/my_dsp/DSP_ALU_INST placed on site DSP48E2_X8Y87 rpm (1472, 447)  tile (277, 87) DSP_X39Y215 is outside its area constraints.
. The instances in this site are: my_dsp, .
CRITICAL WARNING: [Place 30-943] Failed to place instances in site 'DSP48E2_X8Y88'. DSP_config_DSP_inst87_inst_ese/my_dsp/DSP_ALU_INST placed on site DSP48E2_X8Y88 rpm (1472, 456)  tile (277, 82) DSP_X39Y220 is outside its area constraints.
. The instances in this site are: my_dsp, .
CRITICAL WARNING: [Place 30-943] Failed to place instances in site 'DSP48E2_X8Y89'. DSP_config_DSP_inst87_inst_esb/my_dsp/DSP_ALU_INST placed on site DSP48E2_X8Y89 rpm (1472, 457)  tile (277, 82) DSP_X39Y220 is outside its area constraints.
. The instances in this site are: my_dsp, .
CRITICAL WARNING: [Place 30-943] Failed to place instances in site 'DSP48E2_X8Y91'. DSP_config_DSP_inst87_inst_eoz/my_dsp/DSP_ALU_INST placed on site DSP48E2_X8Y91 rpm (1472, 467)  tile (277, 77) DSP_X39Y225 is outside its area constraints.
. The instances in this site are: my_dsp, .
CRITICAL WARNING: [Place 30-943] Failed to place instances in site 'DSP48E2_X8Y92'. DSP_config_DSP_inst87_inst_eov/my_dsp/DSP_ALU_INST placed on site DSP48E2_X8Y92 rpm (1472, 476)  tile (277, 72) DSP_X39Y230 is outside its area constraints.
. The instances in this site are: my_dsp, .
CRITICAL WARNING: [Place 30-943] Failed to place instances in site 'DSP48E2_X8Y93'. DSP_config_DSP_inst87_inst_eos/my_dsp/DSP_ALU_INST placed on site DSP48E2_X8Y93 rpm (1472, 477)  tile (277, 72) DSP_X39Y230 is outside its area constraints.
. The instances in this site are: my_dsp, .
CRITICAL WARNING: [Place 30-943] Failed to place instances in site 'DSP48E2_X8Y94'. DSP_config_DSP_inst87_inst_eoo/my_dsp/DSP_ALU_INST placed on site DSP48E2_X8Y94 rpm (1472, 486)  tile (277, 67) DSP_X39Y235 is outside its area constraints.
. The instances in this site are: my_dsp, .
CRITICAL WARNING: [Place 30-943] Failed to place instances in site 'DSP48E2_X8Y95'. DSP_config_DSP_inst87_inst_eom/my_dsp/DSP_ALU_INST placed on site DSP48E2_X8Y95 rpm (1472, 487)  tile (277, 67) DSP_X39Y235 is outside its area constraints.
. The instances in this site are: my_dsp, .
CRITICAL WARNING: [Place 30-943] Failed to place instances in site 'DSP48E2_X8Y96'. DSP_config_DSP_inst87_inst_eol/my_dsp/DSP_ALU_INST placed on site DSP48E2_X8Y96 rpm (1472, 498)  tile (277, 61) DSP_X39Y240 is outside its area constraints.
. The instances in this site are: my_dsp, .
CRITICAL WARNING: [Place 30-943] Failed to place instances in site 'DSP48E2_X8Y97'. DSP_config_DSP_inst87_inst_eoh/my_dsp/DSP_ALU_INST placed on site DSP48E2_X8Y97 rpm (1472, 499)  tile (277, 61) DSP_X39Y240 is outside its area constraints.
. The instances in this site are: my_dsp, .
CRITICAL WARNING: [Place 30-943] Failed to place instances in site 'DSP48E2_X8Y98'. DSP_config_DSP_inst87_inst_eof/my_dsp/DSP_ALU_INST placed on site DSP48E2_X8Y98 rpm (1472, 508)  tile (277, 56) DSP_X39Y245 is outside its area constraints.
. The instances in this site are: my_dsp, .
CRITICAL WARNING: [Place 30-943] Failed to place instances in site 'DSP48E2_X8Y99'. DSP_config_DSP_inst87_inst_eoe/my_dsp/DSP_ALU_INST placed on site DSP48E2_X8Y99 rpm (1472, 509)  tile (277, 56) DSP_X39Y245 is outside its area constraints.
. The instances in this site are: my_dsp, .
CRITICAL WARNING: [Place 30-943] Failed to place instances in site 'DSP48E2_X9Y24'. DSP_config_DSP_inst87_inst_efb/my_dsp/DSP_ALU_INST placed on site DSP48E2_X9Y24 rpm (1872, 126)  tile (327, 247) DSP_X51Y60 is outside its area constraints.
. The instances in this site are: my_dsp, .
CRITICAL WARNING: [Place 30-943] Failed to place instances in site 'DSP48E2_X9Y26'. DSP_config_DSP_inst87_inst_eez/my_dsp/DSP_ALU_INST placed on site DSP48E2_X9Y26 rpm (1872, 136)  tile (327, 242) DSP_X51Y65 is outside its area constraints.
. The instances in this site are: my_dsp, .
CRITICAL WARNING: [Place 30-943] Failed to place instances in site 'DSP48E2_X9Y27'. DSP_config_DSP_inst87_inst_eev/my_dsp/DSP_ALU_INST placed on site DSP48E2_X9Y27 rpm (1872, 137)  tile (327, 242) DSP_X51Y65 is outside its area constraints.
. The instances in this site are: my_dsp, .
CRITICAL WARNING: [Place 30-943] Failed to place instances in site 'DSP48E2_X9Y28'. DSP_config_DSP_inst87_inst_ees/my_dsp/DSP_ALU_INST placed on site DSP48E2_X9Y28 rpm (1872, 146)  tile (327, 237) DSP_X51Y70 is outside its area constraints.
. The instances in this site are: my_dsp, .
CRITICAL WARNING: [Place 30-943] Failed to place instances in site 'DSP48E2_X9Y29'. DSP_config_DSP_inst87_inst_eeo/my_dsp/DSP_ALU_INST placed on site DSP48E2_X9Y29 rpm (1872, 147)  tile (327, 237) DSP_X51Y70 is outside its area constraints.
. The instances in this site are: my_dsp, .
CRITICAL WARNING: [Place 30-943] Failed to place instances in site 'DSP48E2_X9Y30'. DSP_config_DSP_inst87_inst_eem/my_dsp/DSP_ALU_INST placed on site DSP48E2_X9Y30 rpm (1872, 156)  tile (327, 232) DSP_X51Y75 is outside its area constraints.
. The instances in this site are: my_dsp, .
CRITICAL WARNING: [Place 30-943] Failed to place instances in site 'DSP48E2_X9Y31'. DSP_config_DSP_inst87_inst_eel/my_dsp/DSP_ALU_INST placed on site DSP48E2_X9Y31 rpm (1872, 157)  tile (327, 232) DSP_X51Y75 is outside its area constraints.
. The instances in this site are: my_dsp, .
CRITICAL WARNING: [Place 30-943] Failed to place instances in site 'DSP48E2_X9Y32'. DSP_config_DSP_inst87_inst_eeh/my_dsp/DSP_ALU_INST placed on site DSP48E2_X9Y32 rpm (1872, 166)  tile (327, 227) DSP_X51Y80 is outside its area constraints.
. The instances in this site are: my_dsp, .
CRITICAL WARNING: [Place 30-943] Failed to place instances in site 'DSP48E2_X9Y33'. DSP_config_DSP_inst87_inst_eef/my_dsp/DSP_ALU_INST placed on site DSP48E2_X9Y33 rpm (1872, 167)  tile (327, 227) DSP_X51Y80 is outside its area constraints.
. The instances in this site are: my_dsp, .
CRITICAL WARNING: [Place 30-943] Failed to place instances in site 'DSP48E2_X9Y34'. DSP_config_DSP_inst87_inst_eee/my_dsp/DSP_ALU_INST placed on site DSP48E2_X9Y34 rpm (1872, 176)  tile (327, 222) DSP_X51Y85 is outside its area constraints.
. The instances in this site are: my_dsp, .
CRITICAL WARNING: [Place 30-943] Failed to place instances in site 'DSP48E2_X9Y35'. DSP_config_DSP_inst87_inst_eeb/my_dsp/DSP_ALU_INST placed on site DSP48E2_X9Y35 rpm (1872, 177)  tile (327, 222) DSP_X51Y85 is outside its area constraints.
. The instances in this site are: my_dsp, .
CRITICAL WARNING: [Place 30-943] Failed to place instances in site 'RAMB36_X2Y34'. BRAM_config_BRAM_SDP_inst751_inst_mzz/my_sdpram placed on site RAMB36_X2Y34 rpm (720, 354)  tile (137, 134) BRAM_X19Y170 is outside its area constraints.
. The instances in this site are: my_sdpram, .
CRITICAL WARNING: [Place 30-943] Failed to place instances in site 'RAMB36_X2Y38'. BRAM_config_BRAM_SDP_inst751_inst_mzm/my_sdpram placed on site RAMB36_X2Y38 rpm (720, 396)  tile (137, 113) BRAM_X19Y190 is outside its area constraints.
. The instances in this site are: my_sdpram, .
CRITICAL WARNING: [Place 30-943] Failed to place instances in site 'RAMB36_X2Y41'. BRAM_config_BRAM_SDP_inst751_inst_mzf/my_sdpram placed on site RAMB36_X2Y41 rpm (720, 426)  tile (137, 98) BRAM_X19Y205 is outside its area constraints.
. The instances in this site are: my_sdpram, .
CRITICAL WARNING: [Place 30-943] Failed to place instances in site 'RAMB36_X2Y43'. BRAM_config_BRAM_SDP_inst751_inst_mzb/my_sdpram placed on site RAMB36_X2Y43 rpm (720, 448)  tile (137, 87) BRAM_X19Y215 is outside its area constraints.
. The instances in this site are: my_sdpram, .
CRITICAL WARNING: [Place 30-943] Failed to place instances in site 'RAMB36_X3Y0'. BRAM_config_BRAM_SDP_inst751_inst_msm/my_sdpram placed on site RAMB36_X3Y0 rpm (1168, 4)  tile (193, 309) BRAM_X32Y0 is outside its area constraints.
. The instances in this site are: my_sdpram, .
CRITICAL WARNING: [Place 30-943] Failed to place instances in site 'RAMB36_X3Y1'. BRAM_config_BRAM_SDP_inst751_inst_msl/my_sdpram placed on site RAMB36_X3Y1 rpm (1168, 14)  tile (193, 304) BRAM_X32Y5 is outside its area constraints.
. The instances in this site are: my_sdpram, .
CRITICAL WARNING: [Place 30-943] Failed to place instances in site 'RAMB36_X3Y2'. BRAM_config_BRAM_SDP_inst751_inst_msh/my_sdpram placed on site RAMB36_X3Y2 rpm (1168, 24)  tile (193, 299) BRAM_X32Y10 is outside its area constraints.
. The instances in this site are: my_sdpram, .
CRITICAL WARNING: [Place 30-943] Failed to place instances in site 'RAMB36_X3Y3'. BRAM_config_BRAM_SDP_inst751_inst_msf/my_sdpram placed on site RAMB36_X3Y3 rpm (1168, 34)  tile (193, 294) BRAM_X32Y15 is outside its area constraints.
. The instances in this site are: my_sdpram, .
CRITICAL WARNING: [Place 30-943] Failed to place instances in site 'RAMB36_X3Y4'. BRAM_config_BRAM_SDP_inst751_inst_mse/my_sdpram placed on site RAMB36_X3Y4 rpm (1168, 44)  tile (193, 289) BRAM_X32Y20 is outside its area constraints.
. The instances in this site are: my_sdpram, .
CRITICAL WARNING: [Place 30-943] Failed to place instances in site 'RAMB36_X3Y5'. BRAM_config_BRAM_SDP_inst751_inst_msb/my_sdpram placed on site RAMB36_X3Y5 rpm (1168, 54)  tile (193, 284) BRAM_X32Y25 is outside its area constraints.
. The instances in this site are: my_sdpram, .
CRITICAL WARNING: [Place 30-943] Failed to place instances in site 'RAMB36_X3Y6'. BRAM_config_BRAM_SDP_inst751_inst_ms/my_sdpram placed on site RAMB36_X3Y6 rpm (1168, 66)  tile (193, 278) BRAM_X32Y30 is outside its area constraints.
. The instances in this site are: my_sdpram, .
CRITICAL WARNING: [Place 30-943] Failed to place instances in site 'RAMB36_X4Y12'. BRAM_config_BRAM_SDP_inst751_inst_me/my_sdpram placed on site RAMB36_X4Y12 rpm (1400, 128)  tile (268, 247) BRAM_X38Y60 is outside its area constraints.
. The instances in this site are: my_sdpram, .
CRITICAL WARNING: [Place 30-943] Failed to place instances in site 'RAMB36_X5Y6'. BRAM_config_BRAM_SDP_inst751_inst_hm/my_sdpram placed on site RAMB36_X5Y6 rpm (1904, 66)  tile (331, 278) BRAM_X53Y30 is outside its area constraints.
. The instances in this site are: my_sdpram, .
CRITICAL WARNING: [Place 30-943] Failed to place instances in site 'RAMB36_X6Y15'. BRAM_config_BRAM_SDP_inst751_inst_fs/my_sdpram placed on site RAMB36_X6Y15 rpm (1976, 158)  tile (340, 232) BRAM_X55Y75 is outside its area constraints.
. The instances in this site are: my_sdpram, .
CRITICAL WARNING: [Place 30-943] Failed to place instances in site 'RAMB36_X6Y4'. BRAM_config_BRAM_SDP_inst751_inst_fv/my_sdpram placed on site RAMB36_X6Y4 rpm (1976, 44)  tile (340, 289) BRAM_X55Y20 is outside its area constraints.
. The instances in this site are: my_sdpram, .
CRITICAL WARNING: [Place 30-943] Failed to place instances in site 'RAMB36_X7Y10'. BRAM_config_BRAM_SDP_inst751_inst_ff/my_sdpram placed on site RAMB36_X7Y10 rpm (2424, 106)  tile (396, 258) BRAM_X68Y50 is outside its area constraints.
. The instances in this site are: my_sdpram, .
CRITICAL WARNING: [Place 30-943] Failed to place instances in site 'RAMB36_X7Y21'. BRAM_config_BRAM_SDP_inst751_inst_fe/my_sdpram placed on site RAMB36_X7Y21 rpm (2424, 220)  tile (396, 201) BRAM_X68Y105 is outside its area constraints.
. The instances in this site are: my_sdpram, .
CRITICAL WARNING: [Place 30-943] Failed to place instances in site 'RAMB36_X7Y56'. BRAM_config_BRAM_SDP_inst751_inst_bvz/my_sdpram placed on site RAMB36_X7Y56 rpm (2424, 582)  tile (396, 20) BRAM_X68Y280 is outside its area constraints.
. The instances in this site are: my_sdpram, .
CRITICAL WARNING: [Place 30-943] Failed to place instances in site 'RAMB36_X7Y57'. BRAM_config_BRAM_SDP_inst751_inst_bvv/my_sdpram placed on site RAMB36_X7Y57 rpm (2424, 592)  tile (396, 15) BRAM_X68Y285 is outside its area constraints.
. The instances in this site are: my_sdpram, .
CRITICAL WARNING: [Place 30-943] Failed to place instances in site 'RAMB36_X7Y58'. BRAM_config_BRAM_SDP_inst751_inst_bvs/my_sdpram placed on site RAMB36_X7Y58 rpm (2424, 602)  tile (396, 10) BRAM_X68Y290 is outside its area constraints.
. The instances in this site are: my_sdpram, .
CRITICAL WARNING: [Place 30-943] Failed to place instances in site 'RAMB36_X7Y59'. BRAM_config_BRAM_SDP_inst751_inst_bvo/my_sdpram placed on site RAMB36_X7Y59 rpm (2424, 612)  tile (396, 5) BRAM_X68Y295 is outside its area constraints.
. The instances in this site are: my_sdpram, .
CRITICAL WARNING: [Place 30-943] Failed to place instances in site 'RAMB36_X8Y12'. BRAM_config_BRAM_SDP_inst751_inst_bsl/my_sdpram placed on site RAMB36_X8Y12 rpm (2656, 128)  tile (471, 247) BRAM_X74Y60 is outside its area constraints.
. The instances in this site are: my_sdpram, .
CRITICAL WARNING: [Place 30-943] Failed to place instances in site 'RAMB36_X8Y15'. BRAM_config_BRAM_SDP_inst751_inst_bse/my_sdpram placed on site RAMB36_X8Y15 rpm (2656, 158)  tile (471, 232) BRAM_X74Y75 is outside its area constraints.
. The instances in this site are: my_sdpram, .
CRITICAL WARNING: [Place 30-943] Failed to place instances in site 'RAMB36_X8Y24'. BRAM_config_BRAM_SDP_inst751_inst_boh/my_sdpram placed on site RAMB36_X8Y24 rpm (2656, 252)  tile (471, 185) BRAM_X74Y120 is outside its area constraints.
. The instances in this site are: my_sdpram, .
CRITICAL WARNING: [Place 30-943] Failed to place instances in site 'RAMB36_X8Y25'. BRAM_config_BRAM_SDP_inst751_inst_bof/my_sdpram placed on site RAMB36_X8Y25 rpm (2656, 262)  tile (471, 180) BRAM_X74Y125 is outside its area constraints.
. The instances in this site are: my_sdpram, .
CRITICAL WARNING: [Place 30-943] Failed to place instances in site 'RAMB36_X8Y26'. BRAM_config_BRAM_SDP_inst751_inst_boe/my_sdpram placed on site RAMB36_X8Y26 rpm (2656, 272)  tile (471, 175) BRAM_X74Y130 is outside its area constraints.
. The instances in this site are: my_sdpram, .
CRITICAL WARNING: [Place 30-943] Failed to place instances in site 'RAMB36_X8Y27'. BRAM_config_BRAM_SDP_inst751_inst_bob/my_sdpram placed on site RAMB36_X8Y27 rpm (2656, 282)  tile (471, 170) BRAM_X74Y135 is outside its area constraints.
. The instances in this site are: my_sdpram, .
CRITICAL WARNING: [Place 30-943] Failed to place instances in site 'RAMB36_X8Y52'. BRAM_config_BRAM_SDP_inst751_inst_bhv/my_sdpram placed on site RAMB36_X8Y52 rpm (2656, 540)  tile (471, 41) BRAM_X74Y260 is outside its area constraints.
. The instances in this site are: my_sdpram, .
INFO: [#UNDEF] Number of sites successfully placed '1891'.
INFO: [Place 30-948] Number of instances successfully placed 1891.
INFO: [#UNDEF] Failed to place 157 macros
Phase 2 Global Placement | Checksum: 22133a112

Time (s): cpu = 00:19:23 ; elapsed = 00:13:54 . Memory (MB): peak = 8411.312 ; gain = 1457.324 ; free physical = 427 ; free virtual = 4712
ERROR: [Place 30-99] Placer failed with error: 'Failed to place macro locations.'
Please review all ERROR, CRITICAL WARNING, and WARNING messages during placement to understand the cause for failure.
Ending Placer Task | Checksum: ba15457d

Time (s): cpu = 00:19:24 ; elapsed = 00:13:55 . Memory (MB): peak = 8411.312 ; gain = 1457.324 ; free physical = 635 ; free virtual = 4920
INFO: [Common 17-83] Releasing license: Implementation
16 Infos, 0 Warnings, 157 Critical Warnings and 2 Errors encountered.
place_design failed
ERROR: [Common 17-69] Command failed: Placer could not place all instances
exit
INFO: [Common 17-206] Exiting Vivado at Fri Jul 14 22:25:57 2023...
