#-----------------------------------------------------------
# Vivado v2021.1 (64-bit)
# SW Build 3247384 on Thu Jun 10 19:36:07 MDT 2021
# IP Build 3246043 on Fri Jun 11 00:30:35 MDT 2021
# Start of session at: Fri Jul 14 23:22:26 2023
# Process ID: 19192
# Current directory: /home/aaa/Desktop/all_testcases/Design_6
# Command line: vivado -mode tcl -so place_route.tcl
# Log file: /home/aaa/Desktop/all_testcases/Design_6/vivado.log
# Journal file: /home/aaa/Desktop/all_testcases/Design_6/vivado.jou
#-----------------------------------------------------------
source place_route.tcl
# open_checkpoint ./design.dcp
Command: open_checkpoint ./design.dcp

Starting open_checkpoint Task

Time (s): cpu = 00:00:00.05 ; elapsed = 00:00:00.06 . Memory (MB): peak = 2489.422 ; gain = 0.000 ; free physical = 775 ; free virtual = 25084
INFO: [Device 21-403] Loading part xcvu3p-ffvc1517-1-i
Netlist sorting complete. Time (s): cpu = 00:00:02 ; elapsed = 00:00:02 . Memory (MB): peak = 3236.734 ; gain = 0.000 ; free physical = 166 ; free virtual = 23592
INFO: [Netlist 29-17] Analyzing 2100 Unisim elements for replacement
INFO: [Netlist 29-28] Unisim Transformation completed in 17 CPU seconds
WARNING: [Netlist 29-43] Netlist 'Design_1_70' is not ideal for floorplanning, since the cellview 'Design_1_70' defined in file 'Design_1_70.v' contains large number of primitives.  Please consider enabling hierarchy in synthesis if you want to do floorplanning.
INFO: [Project 1-479] Netlist was created with Vivado 2021.1
INFO: [Project 1-570] Preparing netlist for logic optimization
INFO: [Timing 38-478] Restoring timing data from binary archive.
INFO: [Timing 38-479] Binary timing data restore complete.
INFO: [Project 1-856] Restoring constraints from binary archive.
INFO: [Constraints 18-5170] The checkpoint was created with non-default parameter values which do not match the current Vivado settings.  Mismatching parameters are:
  general.maxThreads
INFO: [Project 1-853] Binary constraint restore complete.
Netlist sorting complete. Time (s): cpu = 00:00:00.06 ; elapsed = 00:00:00.06 . Memory (MB): peak = 4298.602 ; gain = 0.000 ; free physical = 472 ; free virtual = 22875
INFO: [Project 1-111] Unisim Transformation Summary:
  A total of 2100 instances were transformed.
  DSP48E2 => DSP48E2 (DSP_ALU, DSP_A_B_DATA, DSP_C_DATA, DSP_MULTIPLIER, DSP_M_DATA, DSP_OUTPUT, DSP_PREADD, DSP_PREADD_DATA): 1824 instances
  IBUF => IBUF (IBUFCTRL, INBUF): 276 instances

INFO: [Project 1-604] Checkpoint was created with Vivado v2021.1 (64-bit) build 3247384
open_checkpoint: Time (s): cpu = 00:01:43 ; elapsed = 00:01:53 . Memory (MB): peak = 4298.602 ; gain = 1809.180 ; free physical = 471 ; free virtual = 22873
# set_param place.timingDriven false
# place_design  -macro_placement macroplacement.pl -verbose
Command: place_design -macro_placement macroplacement.pl -verbose
Attempting to get a license for feature 'Implementation' and/or device 'xcvu3p'
INFO: [Common 17-349] Got license for feature 'Implementation' and/or device 'xcvu3p'
INFO: [Timing 38-35] Done setting XDC timing constraints.
INFO: [DRC 23-27] Running DRC with 8 threads
INFO: [Vivado_Tcl 4-198] DRC finished with 0 Errors
INFO: [Vivado_Tcl 4-199] Please refer to the DRC report (report_drc) for more information.
Running DRC as a precondition to command place_design
INFO: [DRC 23-27] Running DRC with 8 threads
INFO: [Vivado_Tcl 4-198] DRC finished with 0 Errors
INFO: [Vivado_Tcl 4-199] Please refer to the DRC report (report_drc) for more information.

Starting Placer Task
INFO: [Place 30-611] Multithreading enabled for place_design using a maximum of 8 CPUs

Phase 1 Placer Initialization

Phase 1.1 Placer Initialization Netlist Sorting
Netlist sorting complete. Time (s): cpu = 00:00:00.05 ; elapsed = 00:00:00.05 . Memory (MB): peak = 6683.398 ; gain = 0.000 ; free physical = 250 ; free virtual = 20586
Phase 1.1 Placer Initialization Netlist Sorting | Checksum: 9245aff6

Time (s): cpu = 00:00:00.16 ; elapsed = 00:00:00.16 . Memory (MB): peak = 6683.398 ; gain = 0.000 ; free physical = 250 ; free virtual = 20586
Netlist sorting complete. Time (s): cpu = 00:00:00.06 ; elapsed = 00:00:00.06 . Memory (MB): peak = 6683.398 ; gain = 0.000 ; free physical = 251 ; free virtual = 20586

Phase 1.2 IO Placement/ Clock Placement/ Build Placer Device
Phase 1.2 IO Placement/ Clock Placement/ Build Placer Device | Checksum: 1bcdb1a01

Time (s): cpu = 00:02:29 ; elapsed = 00:02:19 . Memory (MB): peak = 6791.051 ; gain = 107.652 ; free physical = 301 ; free virtual = 20514

Phase 1.3 Build Placer Netlist Model
Phase 1.3 Build Placer Netlist Model | Checksum: 22ba87c3e

Time (s): cpu = 00:02:51 ; elapsed = 00:02:41 . Memory (MB): peak = 7220.637 ; gain = 537.238 ; free physical = 283 ; free virtual = 20107

Phase 1.4 Constrain Clocks/Macros
Phase 1.4 Constrain Clocks/Macros | Checksum: 22ba87c3e

Time (s): cpu = 00:02:52 ; elapsed = 00:02:43 . Memory (MB): peak = 7220.637 ; gain = 537.238 ; free physical = 279 ; free virtual = 20103
Phase 1 Placer Initialization | Checksum: 22ba87c3e

Time (s): cpu = 00:02:52 ; elapsed = 00:02:43 . Memory (MB): peak = 7220.637 ; gain = 537.238 ; free physical = 242 ; free virtual = 20066

Phase 2 Global Placement

Phase 2.1 Floorplanning

Phase 2.1.1 Partition Driven Placement

Phase 2.1.1.1 PBP: Partition Driven Placement
Phase 2.1.1.1 PBP: Partition Driven Placement | Checksum: 29cd47ac8

Time (s): cpu = 00:12:47 ; elapsed = 00:06:58 . Memory (MB): peak = 8065.371 ; gain = 1381.973 ; free physical = 550 ; free virtual = 19541

Phase 2.1.1.2 PBP: Clock Region Placement
Phase 2.1.1.2 PBP: Clock Region Placement | Checksum: 13e94020a

Time (s): cpu = 00:13:11 ; elapsed = 00:07:23 . Memory (MB): peak = 8065.371 ; gain = 1381.973 ; free physical = 464 ; free virtual = 19455

Phase 2.1.1.3 PBP: Discrete Incremental
Phase 2.1.1.3 PBP: Discrete Incremental | Checksum: 11af7acec

Time (s): cpu = 00:13:19 ; elapsed = 00:07:31 . Memory (MB): peak = 8065.371 ; gain = 1381.973 ; free physical = 443 ; free virtual = 19442

Phase 2.1.1.4 PBP: Compute Congestion
Phase 2.1.1.4 PBP: Compute Congestion | Checksum: 11af7acec

Time (s): cpu = 00:13:27 ; elapsed = 00:07:36 . Memory (MB): peak = 8097.387 ; gain = 1413.988 ; free physical = 409 ; free virtual = 19408

Phase 2.1.1.5 PBP: Macro Placement
Phase 2.1.1.5 PBP: Macro Placement | Checksum: 220a71359

Time (s): cpu = 00:13:50 ; elapsed = 00:07:59 . Memory (MB): peak = 8097.387 ; gain = 1413.988 ; free physical = 235 ; free virtual = 19234

Phase 2.1.1.6 PBP: Add part constraints
Phase 2.1.1.6 PBP: Add part constraints | Checksum: 220a71359

Time (s): cpu = 00:13:54 ; elapsed = 00:08:03 . Memory (MB): peak = 8097.387 ; gain = 1413.988 ; free physical = 151 ; free virtual = 19136
Phase 2.1.1 Partition Driven Placement | Checksum: 220a71359

Time (s): cpu = 00:13:56 ; elapsed = 00:08:05 . Memory (MB): peak = 8097.387 ; gain = 1413.988 ; free physical = 478 ; free virtual = 19463
Phase 2.1 Floorplanning | Checksum: 220a71359

Time (s): cpu = 00:13:57 ; elapsed = 00:08:07 . Memory (MB): peak = 8097.387 ; gain = 1413.988 ; free physical = 479 ; free virtual = 19464

Phase 2.2 Update Timing before SLR Path Opt
Phase 2.2 Update Timing before SLR Path Opt | Checksum: 220a71359

Time (s): cpu = 00:13:59 ; elapsed = 00:08:08 . Memory (MB): peak = 8097.387 ; gain = 1413.988 ; free physical = 478 ; free virtual = 19463

Phase 2.3 Post-Processing in Floorplanning
Phase 2.3 Post-Processing in Floorplanning | Checksum: 220a71359

Time (s): cpu = 00:14:00 ; elapsed = 00:08:10 . Memory (MB): peak = 8097.387 ; gain = 1413.988 ; free physical = 477 ; free virtual = 19462
INFO: [Place 30-2096]  
INFO: [Place 30-950] Reading placement information from file: macroplacement.pl.
INFO: [Place 30-949] Number of instances to place 2400.
CRITICAL WARNING: [Place 30-943] Failed to place instances in site 'DSP48E2_X10Y100'. DSP_config_DSP_inst229_inst_bls/my_dsp/DSP_ALU_INST placed on site DSP48E2_X10Y100 rpm (2048, 518)  tile (349, 51) DSP_X56Y250 is outside its area constraints.
. The instances in this site are: my_dsp, .
CRITICAL WARNING: [Place 30-943] Failed to place instances in site 'DSP48E2_X10Y111'. DSP_config_DSP_inst229_inst_blo/my_dsp/DSP_ALU_INST placed on site DSP48E2_X10Y111 rpm (2048, 571)  tile (349, 25) DSP_X56Y275 is outside its area constraints.
. The instances in this site are: my_dsp, .
CRITICAL WARNING: [Place 30-943] Failed to place instances in site 'DSP48E2_X10Y78'. DSP_config_DSP_inst229_inst_blz/my_dsp/DSP_ALU_INST placed on site DSP48E2_X10Y78 rpm (2048, 404)  tile (349, 108) DSP_X56Y195 is outside its area constraints.
. The instances in this site are: my_dsp, .
CRITICAL WARNING: [Place 30-943] Failed to place instances in site 'DSP48E2_X10Y89'. DSP_config_DSP_inst229_inst_blv/my_dsp/DSP_ALU_INST placed on site DSP48E2_X10Y89 rpm (2048, 457)  tile (349, 82) DSP_X56Y220 is outside its area constraints.
. The instances in this site are: my_dsp, .
CRITICAL WARNING: [Place 30-943] Failed to place instances in site 'DSP48E2_X11Y100'. DSP_config_DSP_inst229_inst_bhoe/my_dsp/DSP_ALU_INST placed on site DSP48E2_X11Y100 rpm (2152, 518)  tile (362, 51) DSP_X59Y250 is outside its area constraints.
. The instances in this site are: my_dsp, .
CRITICAL WARNING: [Place 30-943] Failed to place instances in site 'DSP48E2_X11Y101'. DSP_config_DSP_inst229_inst_bhob/my_dsp/DSP_ALU_INST placed on site DSP48E2_X11Y101 rpm (2152, 519)  tile (362, 51) DSP_X59Y250 is outside its area constraints.
. The instances in this site are: my_dsp, .
CRITICAL WARNING: [Place 30-943] Failed to place instances in site 'DSP48E2_X11Y114'. DSP_config_DSP_inst229_inst_bhlz/my_dsp/DSP_ALU_INST placed on site DSP48E2_X11Y114 rpm (2152, 590)  tile (362, 15) DSP_X59Y285 is outside its area constraints.
. The instances in this site are: my_dsp, .
CRITICAL WARNING: [Place 30-943] Failed to place instances in site 'DSP48E2_X11Y115'. DSP_config_DSP_inst229_inst_bhlv/my_dsp/DSP_ALU_INST placed on site DSP48E2_X11Y115 rpm (2152, 591)  tile (362, 15) DSP_X59Y285 is outside its area constraints.
. The instances in this site are: my_dsp, .
CRITICAL WARNING: [Place 30-943] Failed to place instances in site 'DSP48E2_X11Y116'. DSP_config_DSP_inst229_inst_bhls/my_dsp/DSP_ALU_INST placed on site DSP48E2_X11Y116 rpm (2152, 600)  tile (362, 10) DSP_X59Y290 is outside its area constraints.
. The instances in this site are: my_dsp, .
CRITICAL WARNING: [Place 30-943] Failed to place instances in site 'DSP48E2_X11Y117'. DSP_config_DSP_inst229_inst_bhlo/my_dsp/DSP_ALU_INST placed on site DSP48E2_X11Y117 rpm (2152, 601)  tile (362, 10) DSP_X59Y290 is outside its area constraints.
. The instances in this site are: my_dsp, .
CRITICAL WARNING: [Place 30-943] Failed to place instances in site 'DSP48E2_X11Y118'. DSP_config_DSP_inst229_inst_bhlm/my_dsp/DSP_ALU_INST placed on site DSP48E2_X11Y118 rpm (2152, 610)  tile (362, 5) DSP_X59Y295 is outside its area constraints.
. The instances in this site are: my_dsp, .
CRITICAL WARNING: [Place 30-943] Failed to place instances in site 'DSP48E2_X11Y119'. DSP_config_DSP_inst229_inst_bhll/my_dsp/DSP_ALU_INST placed on site DSP48E2_X11Y119 rpm (2152, 611)  tile (362, 5) DSP_X59Y295 is outside its area constraints.
. The instances in this site are: my_dsp, .
CRITICAL WARNING: [Place 30-943] Failed to place instances in site 'DSP48E2_X11Y57'. DSP_config_DSP_inst229_inst_blb/my_dsp/DSP_ALU_INST placed on site DSP48E2_X11Y57 rpm (2152, 291)  tile (362, 165) DSP_X59Y140 is outside its area constraints.
. The instances in this site are: my_dsp, .
CRITICAL WARNING: [Place 30-943] Failed to place instances in site 'DSP48E2_X11Y70'. DSP_config_DSP_inst229_inst_bhvz/my_dsp/DSP_ALU_INST placed on site DSP48E2_X11Y70 rpm (2152, 362)  tile (362, 129) DSP_X59Y175 is outside its area constraints.
. The instances in this site are: my_dsp, .
CRITICAL WARNING: [Place 30-943] Failed to place instances in site 'DSP48E2_X11Y71'. DSP_config_DSP_inst229_inst_bhvv/my_dsp/DSP_ALU_INST placed on site DSP48E2_X11Y71 rpm (2152, 363)  tile (362, 129) DSP_X59Y175 is outside its area constraints.
. The instances in this site are: my_dsp, .
CRITICAL WARNING: [Place 30-943] Failed to place instances in site 'DSP48E2_X11Y72'. DSP_config_DSP_inst229_inst_bhvs/my_dsp/DSP_ALU_INST placed on site DSP48E2_X11Y72 rpm (2152, 374)  tile (362, 123) DSP_X59Y180 is outside its area constraints.
. The instances in this site are: my_dsp, .
CRITICAL WARNING: [Place 30-943] Failed to place instances in site 'DSP48E2_X11Y73'. DSP_config_DSP_inst229_inst_bhvo/my_dsp/DSP_ALU_INST placed on site DSP48E2_X11Y73 rpm (2152, 375)  tile (362, 123) DSP_X59Y180 is outside its area constraints.
. The instances in this site are: my_dsp, .
CRITICAL WARNING: [Place 30-943] Failed to place instances in site 'DSP48E2_X11Y74'. DSP_config_DSP_inst229_inst_bhvm/my_dsp/DSP_ALU_INST placed on site DSP48E2_X11Y74 rpm (2152, 384)  tile (362, 118) DSP_X59Y185 is outside its area constraints.
. The instances in this site are: my_dsp, .
CRITICAL WARNING: [Place 30-943] Failed to place instances in site 'DSP48E2_X11Y75'. DSP_config_DSP_inst229_inst_bhvl/my_dsp/DSP_ALU_INST placed on site DSP48E2_X11Y75 rpm (2152, 385)  tile (362, 118) DSP_X59Y185 is outside its area constraints.
. The instances in this site are: my_dsp, .
CRITICAL WARNING: [Place 30-943] Failed to place instances in site 'DSP48E2_X11Y76'. DSP_config_DSP_inst229_inst_bhvh/my_dsp/DSP_ALU_INST placed on site DSP48E2_X11Y76 rpm (2152, 394)  tile (362, 113) DSP_X59Y190 is outside its area constraints.
. The instances in this site are: my_dsp, .
CRITICAL WARNING: [Place 30-943] Failed to place instances in site 'DSP48E2_X11Y77'. DSP_config_DSP_inst229_inst_bhvf/my_dsp/DSP_ALU_INST placed on site DSP48E2_X11Y77 rpm (2152, 395)  tile (362, 113) DSP_X59Y190 is outside its area constraints.
. The instances in this site are: my_dsp, .
CRITICAL WARNING: [Place 30-943] Failed to place instances in site 'DSP48E2_X11Y78'. DSP_config_DSP_inst229_inst_bhve/my_dsp/DSP_ALU_INST placed on site DSP48E2_X11Y78 rpm (2152, 404)  tile (362, 108) DSP_X59Y195 is outside its area constraints.
. The instances in this site are: my_dsp, .
CRITICAL WARNING: [Place 30-943] Failed to place instances in site 'DSP48E2_X11Y79'. DSP_config_DSP_inst229_inst_bhvb/my_dsp/DSP_ALU_INST placed on site DSP48E2_X11Y79 rpm (2152, 405)  tile (362, 108) DSP_X59Y195 is outside its area constraints.
. The instances in this site are: my_dsp, .
CRITICAL WARNING: [Place 30-943] Failed to place instances in site 'DSP48E2_X11Y81'. DSP_config_DSP_inst229_inst_bhsz/my_dsp/DSP_ALU_INST placed on site DSP48E2_X11Y81 rpm (2152, 415)  tile (362, 103) DSP_X59Y200 is outside its area constraints.
. The instances in this site are: my_dsp, .
CRITICAL WARNING: [Place 30-943] Failed to place instances in site 'DSP48E2_X11Y82'. DSP_config_DSP_inst229_inst_bhsv/my_dsp/DSP_ALU_INST placed on site DSP48E2_X11Y82 rpm (2152, 424)  tile (362, 98) DSP_X59Y205 is outside its area constraints.
. The instances in this site are: my_dsp, .
CRITICAL WARNING: [Place 30-943] Failed to place instances in site 'DSP48E2_X11Y83'. DSP_config_DSP_inst229_inst_bhss/my_dsp/DSP_ALU_INST placed on site DSP48E2_X11Y83 rpm (2152, 425)  tile (362, 98) DSP_X59Y205 is outside its area constraints.
. The instances in this site are: my_dsp, .
CRITICAL WARNING: [Place 30-943] Failed to place instances in site 'DSP48E2_X11Y84'. DSP_config_DSP_inst229_inst_bhso/my_dsp/DSP_ALU_INST placed on site DSP48E2_X11Y84 rpm (2152, 436)  tile (362, 92) DSP_X59Y210 is outside its area constraints.
. The instances in this site are: my_dsp, .
CRITICAL WARNING: [Place 30-943] Failed to place instances in site 'DSP48E2_X11Y85'. DSP_config_DSP_inst229_inst_bhsm/my_dsp/DSP_ALU_INST placed on site DSP48E2_X11Y85 rpm (2152, 437)  tile (362, 92) DSP_X59Y210 is outside its area constraints.
. The instances in this site are: my_dsp, .
CRITICAL WARNING: [Place 30-943] Failed to place instances in site 'DSP48E2_X11Y86'. DSP_config_DSP_inst229_inst_bhsl/my_dsp/DSP_ALU_INST placed on site DSP48E2_X11Y86 rpm (2152, 446)  tile (362, 87) DSP_X59Y215 is outside its area constraints.
. The instances in this site are: my_dsp, .
CRITICAL WARNING: [Place 30-943] Failed to place instances in site 'DSP48E2_X11Y87'. DSP_config_DSP_inst229_inst_bhsh/my_dsp/DSP_ALU_INST placed on site DSP48E2_X11Y87 rpm (2152, 447)  tile (362, 87) DSP_X59Y215 is outside its area constraints.
. The instances in this site are: my_dsp, .
CRITICAL WARNING: [Place 30-943] Failed to place instances in site 'DSP48E2_X11Y88'. DSP_config_DSP_inst229_inst_bhsf/my_dsp/DSP_ALU_INST placed on site DSP48E2_X11Y88 rpm (2152, 456)  tile (362, 82) DSP_X59Y220 is outside its area constraints.
. The instances in this site are: my_dsp, .
CRITICAL WARNING: [Place 30-943] Failed to place instances in site 'DSP48E2_X11Y89'. DSP_config_DSP_inst229_inst_bhse/my_dsp/DSP_ALU_INST placed on site DSP48E2_X11Y89 rpm (2152, 457)  tile (362, 82) DSP_X59Y220 is outside its area constraints.
. The instances in this site are: my_dsp, .
CRITICAL WARNING: [Place 30-943] Failed to place instances in site 'DSP48E2_X11Y90'. DSP_config_DSP_inst229_inst_bhsb/my_dsp/DSP_ALU_INST placed on site DSP48E2_X11Y90 rpm (2152, 466)  tile (362, 77) DSP_X59Y225 is outside its area constraints.
. The instances in this site are: my_dsp, .
CRITICAL WARNING: [Place 30-943] Failed to place instances in site 'DSP48E2_X11Y92'. DSP_config_DSP_inst229_inst_bhoz/my_dsp/DSP_ALU_INST placed on site DSP48E2_X11Y92 rpm (2152, 476)  tile (362, 72) DSP_X59Y230 is outside its area constraints.
. The instances in this site are: my_dsp, .
CRITICAL WARNING: [Place 30-943] Failed to place instances in site 'DSP48E2_X11Y93'. DSP_config_DSP_inst229_inst_bhov/my_dsp/DSP_ALU_INST placed on site DSP48E2_X11Y93 rpm (2152, 477)  tile (362, 72) DSP_X59Y230 is outside its area constraints.
. The instances in this site are: my_dsp, .
CRITICAL WARNING: [Place 30-943] Failed to place instances in site 'DSP48E2_X11Y94'. DSP_config_DSP_inst229_inst_bhos/my_dsp/DSP_ALU_INST placed on site DSP48E2_X11Y94 rpm (2152, 486)  tile (362, 67) DSP_X59Y235 is outside its area constraints.
. The instances in this site are: my_dsp, .
CRITICAL WARNING: [Place 30-943] Failed to place instances in site 'DSP48E2_X11Y95'. DSP_config_DSP_inst229_inst_bhoo/my_dsp/DSP_ALU_INST placed on site DSP48E2_X11Y95 rpm (2152, 487)  tile (362, 67) DSP_X59Y235 is outside its area constraints.
. The instances in this site are: my_dsp, .
CRITICAL WARNING: [Place 30-943] Failed to place instances in site 'DSP48E2_X11Y96'. DSP_config_DSP_inst229_inst_bhom/my_dsp/DSP_ALU_INST placed on site DSP48E2_X11Y96 rpm (2152, 498)  tile (362, 61) DSP_X59Y240 is outside its area constraints.
. The instances in this site are: my_dsp, .
CRITICAL WARNING: [Place 30-943] Failed to place instances in site 'DSP48E2_X11Y97'. DSP_config_DSP_inst229_inst_bhol/my_dsp/DSP_ALU_INST placed on site DSP48E2_X11Y97 rpm (2152, 499)  tile (362, 61) DSP_X59Y240 is outside its area constraints.
. The instances in this site are: my_dsp, .
CRITICAL WARNING: [Place 30-943] Failed to place instances in site 'DSP48E2_X11Y98'. DSP_config_DSP_inst229_inst_bhoh/my_dsp/DSP_ALU_INST placed on site DSP48E2_X11Y98 rpm (2152, 508)  tile (362, 56) DSP_X59Y245 is outside its area constraints.
. The instances in this site are: my_dsp, .
CRITICAL WARNING: [Place 30-943] Failed to place instances in site 'DSP48E2_X11Y99'. DSP_config_DSP_inst229_inst_bhof/my_dsp/DSP_ALU_INST placed on site DSP48E2_X11Y99 rpm (2152, 509)  tile (362, 56) DSP_X59Y245 is outside its area constraints.
. The instances in this site are: my_dsp, .
CRITICAL WARNING: [Place 30-943] Failed to place instances in site 'DSP48E2_X12Y0'. DSP_config_DSP_inst229_inst_bhlh/my_dsp/DSP_ALU_INST placed on site DSP48E2_X12Y0 rpm (2320, 2)  tile (383, 309) DSP_X64Y0 is outside its area constraints.
. The instances in this site are: my_dsp, .
CRITICAL WARNING: [Place 30-943] Failed to place instances in site 'DSP48E2_X12Y1'. DSP_config_DSP_inst229_inst_bhlf/my_dsp/DSP_ALU_INST placed on site DSP48E2_X12Y1 rpm (2320, 3)  tile (383, 309) DSP_X64Y0 is outside its area constraints.
. The instances in this site are: my_dsp, .
CRITICAL WARNING: [Place 30-943] Failed to place instances in site 'DSP48E2_X12Y10'. DSP_config_DSP_inst229_inst_bhhl/my_dsp/DSP_ALU_INST placed on site DSP48E2_X12Y10 rpm (2320, 52)  tile (383, 284) DSP_X64Y25 is outside its area constraints.
. The instances in this site are: my_dsp, .
CRITICAL WARNING: [Place 30-943] Failed to place instances in site 'DSP48E2_X12Y11'. DSP_config_DSP_inst229_inst_bhhh/my_dsp/DSP_ALU_INST placed on site DSP48E2_X12Y11 rpm (2320, 53)  tile (383, 284) DSP_X64Y25 is outside its area constraints.
. The instances in this site are: my_dsp, .
CRITICAL WARNING: [Place 30-943] Failed to place instances in site 'DSP48E2_X12Y12'. DSP_config_DSP_inst229_inst_bhhf/my_dsp/DSP_ALU_INST placed on site DSP48E2_X12Y12 rpm (2320, 64)  tile (383, 278) DSP_X64Y30 is outside its area constraints.
. The instances in this site are: my_dsp, .
CRITICAL WARNING: [Place 30-943] Failed to place instances in site 'DSP48E2_X12Y13'. DSP_config_DSP_inst229_inst_bhhe/my_dsp/DSP_ALU_INST placed on site DSP48E2_X12Y13 rpm (2320, 65)  tile (383, 278) DSP_X64Y30 is outside its area constraints.
. The instances in this site are: my_dsp, .
CRITICAL WARNING: [Place 30-943] Failed to place instances in site 'DSP48E2_X12Y14'. DSP_config_DSP_inst229_inst_bhhb/my_dsp/DSP_ALU_INST placed on site DSP48E2_X12Y14 rpm (2320, 74)  tile (383, 273) DSP_X64Y35 is outside its area constraints.
. The instances in this site are: my_dsp, .
CRITICAL WARNING: [Place 30-943] Failed to place instances in site 'DSP48E2_X12Y17'. DSP_config_DSP_inst229_inst_bhfv/my_dsp/DSP_ALU_INST placed on site DSP48E2_X12Y17 rpm (2320, 85)  tile (383, 268) DSP_X64Y40 is outside its area constraints.
. The instances in this site are: my_dsp, .
CRITICAL WARNING: [Place 30-943] Failed to place instances in site 'DSP48E2_X12Y18'. DSP_config_DSP_inst229_inst_bhfs/my_dsp/DSP_ALU_INST placed on site DSP48E2_X12Y18 rpm (2320, 94)  tile (383, 263) DSP_X64Y45 is outside its area constraints.
. The instances in this site are: my_dsp, .
CRITICAL WARNING: [Place 30-943] Failed to place instances in site 'DSP48E2_X12Y2'. DSP_config_DSP_inst229_inst_bhle/my_dsp/DSP_ALU_INST placed on site DSP48E2_X12Y2 rpm (2320, 12)  tile (383, 304) DSP_X64Y5 is outside its area constraints.
. The instances in this site are: my_dsp, .
CRITICAL WARNING: [Place 30-943] Failed to place instances in site 'DSP48E2_X12Y21'. DSP_config_DSP_inst229_inst_bhfl/my_dsp/DSP_ALU_INST placed on site DSP48E2_X12Y21 rpm (2320, 105)  tile (383, 258) DSP_X64Y50 is outside its area constraints.
. The instances in this site are: my_dsp, .
CRITICAL WARNING: [Place 30-943] Failed to place instances in site 'DSP48E2_X12Y24'. DSP_config_DSP_inst229_inst_bhfe/my_dsp/DSP_ALU_INST placed on site DSP48E2_X12Y24 rpm (2320, 126)  tile (383, 247) DSP_X64Y60 is outside its area constraints.
. The instances in this site are: my_dsp, .
CRITICAL WARNING: [Place 30-943] Failed to place instances in site 'DSP48E2_X12Y27'. DSP_config_DSP_inst229_inst_bhez/my_dsp/DSP_ALU_INST placed on site DSP48E2_X12Y27 rpm (2320, 137)  tile (383, 242) DSP_X64Y65 is outside its area constraints.
. The instances in this site are: my_dsp, .
CRITICAL WARNING: [Place 30-943] Failed to place instances in site 'DSP48E2_X12Y28'. DSP_config_DSP_inst229_inst_bhev/my_dsp/DSP_ALU_INST placed on site DSP48E2_X12Y28 rpm (2320, 146)  tile (383, 237) DSP_X64Y70 is outside its area constraints.
. The instances in this site are: my_dsp, .
CRITICAL WARNING: [Place 30-943] Failed to place instances in site 'DSP48E2_X12Y29'. DSP_config_DSP_inst229_inst_bhes/my_dsp/DSP_ALU_INST placed on site DSP48E2_X12Y29 rpm (2320, 147)  tile (383, 237) DSP_X64Y70 is outside its area constraints.
. The instances in this site are: my_dsp, .
CRITICAL WARNING: [Place 30-943] Failed to place instances in site 'DSP48E2_X12Y3'. DSP_config_DSP_inst229_inst_bhlb/my_dsp/DSP_ALU_INST placed on site DSP48E2_X12Y3 rpm (2320, 13)  tile (383, 304) DSP_X64Y5 is outside its area constraints.
. The instances in this site are: my_dsp, .
CRITICAL WARNING: [Place 30-943] Failed to place instances in site 'DSP48E2_X12Y30'. DSP_config_DSP_inst229_inst_bheo/my_dsp/DSP_ALU_INST placed on site DSP48E2_X12Y30 rpm (2320, 156)  tile (383, 232) DSP_X64Y75 is outside its area constraints.
. The instances in this site are: my_dsp, .
CRITICAL WARNING: [Place 30-943] Failed to place instances in site 'DSP48E2_X12Y31'. DSP_config_DSP_inst229_inst_bhem/my_dsp/DSP_ALU_INST placed on site DSP48E2_X12Y31 rpm (2320, 157)  tile (383, 232) DSP_X64Y75 is outside its area constraints.
. The instances in this site are: my_dsp, .
CRITICAL WARNING: [Place 30-943] Failed to place instances in site 'DSP48E2_X12Y32'. DSP_config_DSP_inst229_inst_bhel/my_dsp/DSP_ALU_INST placed on site DSP48E2_X12Y32 rpm (2320, 166)  tile (383, 227) DSP_X64Y80 is outside its area constraints.
. The instances in this site are: my_dsp, .
CRITICAL WARNING: [Place 30-943] Failed to place instances in site 'DSP48E2_X12Y33'. DSP_config_DSP_inst229_inst_bheh/my_dsp/DSP_ALU_INST placed on site DSP48E2_X12Y33 rpm (2320, 167)  tile (383, 227) DSP_X64Y80 is outside its area constraints.
. The instances in this site are: my_dsp, .
CRITICAL WARNING: [Place 30-943] Failed to place instances in site 'DSP48E2_X12Y34'. DSP_config_DSP_inst229_inst_bhef/my_dsp/DSP_ALU_INST placed on site DSP48E2_X12Y34 rpm (2320, 176)  tile (383, 222) DSP_X64Y85 is outside its area constraints.
. The instances in this site are: my_dsp, .
CRITICAL WARNING: [Place 30-943] Failed to place instances in site 'DSP48E2_X12Y35'. DSP_config_DSP_inst229_inst_bhee/my_dsp/DSP_ALU_INST placed on site DSP48E2_X12Y35 rpm (2320, 177)  tile (383, 222) DSP_X64Y85 is outside its area constraints.
. The instances in this site are: my_dsp, .
CRITICAL WARNING: [Place 30-943] Failed to place instances in site 'DSP48E2_X12Y36'. DSP_config_DSP_inst229_inst_bheb/my_dsp/DSP_ALU_INST placed on site DSP48E2_X12Y36 rpm (2320, 188)  tile (383, 216) DSP_X64Y90 is outside its area constraints.
. The instances in this site are: my_dsp, .
CRITICAL WARNING: [Place 30-943] Failed to place instances in site 'DSP48E2_X12Y5'. DSP_config_DSP_inst229_inst_bhhz/my_dsp/DSP_ALU_INST placed on site DSP48E2_X12Y5 rpm (2320, 23)  tile (383, 299) DSP_X64Y10 is outside its area constraints.
. The instances in this site are: my_dsp, .
CRITICAL WARNING: [Place 30-943] Failed to place instances in site 'DSP48E2_X12Y6'. DSP_config_DSP_inst229_inst_bhhv/my_dsp/DSP_ALU_INST placed on site DSP48E2_X12Y6 rpm (2320, 32)  tile (383, 294) DSP_X64Y15 is outside its area constraints.
. The instances in this site are: my_dsp, .
CRITICAL WARNING: [Place 30-943] Failed to place instances in site 'DSP48E2_X12Y7'. DSP_config_DSP_inst229_inst_bhhs/my_dsp/DSP_ALU_INST placed on site DSP48E2_X12Y7 rpm (2320, 33)  tile (383, 294) DSP_X64Y15 is outside its area constraints.
. The instances in this site are: my_dsp, .
CRITICAL WARNING: [Place 30-943] Failed to place instances in site 'DSP48E2_X12Y8'. DSP_config_DSP_inst229_inst_bhho/my_dsp/DSP_ALU_INST placed on site DSP48E2_X12Y8 rpm (2320, 42)  tile (383, 289) DSP_X64Y20 is outside its area constraints.
. The instances in this site are: my_dsp, .
CRITICAL WARNING: [Place 30-943] Failed to place instances in site 'DSP48E2_X12Y9'. DSP_config_DSP_inst229_inst_bhhm/my_dsp/DSP_ALU_INST placed on site DSP48E2_X12Y9 rpm (2320, 43)  tile (383, 289) DSP_X64Y20 is outside its area constraints.
. The instances in this site are: my_dsp, .
CRITICAL WARNING: [Place 30-943] Failed to place instances in site 'DSP48E2_X13Y106'. DSP_config_DSP_inst229_inst_bel/my_dsp/DSP_ALU_INST placed on site DSP48E2_X13Y106 rpm (2496, 548)  tile (405, 36) DSP_X69Y265 is outside its area constraints.
. The instances in this site are: my_dsp, .
CRITICAL WARNING: [Place 30-943] Failed to place instances in site 'DSP48E2_X13Y62'. DSP_config_DSP_inst229_inst_bev/my_dsp/DSP_ALU_INST placed on site DSP48E2_X13Y62 rpm (2496, 322)  tile (405, 149) DSP_X69Y155 is outside its area constraints.
. The instances in this site are: my_dsp, .
CRITICAL WARNING: [Place 30-943] Failed to place instances in site 'DSP48E2_X13Y73'. DSP_config_DSP_inst229_inst_bes/my_dsp/DSP_ALU_INST placed on site DSP48E2_X13Y73 rpm (2496, 375)  tile (405, 123) DSP_X69Y180 is outside its area constraints.
. The instances in this site are: my_dsp, .
CRITICAL WARNING: [Place 30-943] Failed to place instances in site 'DSP48E2_X15Y0'. DSP_config_DSP_inst229_inst_bbez/my_dsp/DSP_ALU_INST placed on site DSP48E2_X15Y0 rpm (3128, 2)  tile (530, 309) DSP_X87Y0 is outside its area constraints.
. The instances in this site are: my_dsp, .
CRITICAL WARNING: [Place 30-943] Failed to place instances in site 'DSP48E2_X15Y1'. DSP_config_DSP_inst229_inst_bbev/my_dsp/DSP_ALU_INST placed on site DSP48E2_X15Y1 rpm (3128, 3)  tile (530, 309) DSP_X87Y0 is outside its area constraints.
. The instances in this site are: my_dsp, .
CRITICAL WARNING: [Place 30-943] Failed to place instances in site 'DSP48E2_X15Y12'. DSP_config_DSP_inst229_inst_bbbv/my_dsp/DSP_ALU_INST placed on site DSP48E2_X15Y12 rpm (3128, 64)  tile (530, 278) DSP_X87Y30 is outside its area constraints.
. The instances in this site are: my_dsp, .
CRITICAL WARNING: [Place 30-943] Failed to place instances in site 'DSP48E2_X15Y13'. DSP_config_DSP_inst229_inst_bbbs/my_dsp/DSP_ALU_INST placed on site DSP48E2_X15Y13 rpm (3128, 65)  tile (530, 278) DSP_X87Y30 is outside its area constraints.
. The instances in this site are: my_dsp, .
CRITICAL WARNING: [Place 30-943] Failed to place instances in site 'DSP48E2_X15Y14'. DSP_config_DSP_inst229_inst_bbbo/my_dsp/DSP_ALU_INST placed on site DSP48E2_X15Y14 rpm (3128, 74)  tile (530, 273) DSP_X87Y35 is outside its area constraints.
. The instances in this site are: my_dsp, .
CRITICAL WARNING: [Place 30-943] Failed to place instances in site 'DSP48E2_X15Y16'. DSP_config_DSP_inst229_inst_bbbl/my_dsp/DSP_ALU_INST placed on site DSP48E2_X15Y16 rpm (3128, 84)  tile (530, 268) DSP_X87Y40 is outside its area constraints.
. The instances in this site are: my_dsp, .
CRITICAL WARNING: [Place 30-943] Failed to place instances in site 'DSP48E2_X15Y17'. DSP_config_DSP_inst229_inst_bbbh/my_dsp/DSP_ALU_INST placed on site DSP48E2_X15Y17 rpm (3128, 85)  tile (530, 268) DSP_X87Y40 is outside its area constraints.
. The instances in this site are: my_dsp, .
CRITICAL WARNING: [Place 30-943] Failed to place instances in site 'DSP48E2_X15Y19'. DSP_config_DSP_inst229_inst_bbbe/my_dsp/DSP_ALU_INST placed on site DSP48E2_X15Y19 rpm (3128, 95)  tile (530, 263) DSP_X87Y45 is outside its area constraints.
. The instances in this site are: my_dsp, .
CRITICAL WARNING: [Place 30-943] Failed to place instances in site 'DSP48E2_X15Y2'. DSP_config_DSP_inst229_inst_bbes/my_dsp/DSP_ALU_INST placed on site DSP48E2_X15Y2 rpm (3128, 12)  tile (530, 304) DSP_X87Y5 is outside its area constraints.
. The instances in this site are: my_dsp, .
CRITICAL WARNING: [Place 30-943] Failed to place instances in site 'DSP48E2_X15Y3'. DSP_config_DSP_inst229_inst_bbeo/my_dsp/DSP_ALU_INST placed on site DSP48E2_X15Y3 rpm (3128, 13)  tile (530, 304) DSP_X87Y5 is outside its area constraints.
. The instances in this site are: my_dsp, .
CRITICAL WARNING: [Place 30-943] Failed to place instances in site 'DSP48E2_X15Y4'. DSP_config_DSP_inst229_inst_bbem/my_dsp/DSP_ALU_INST placed on site DSP48E2_X15Y4 rpm (3128, 22)  tile (530, 299) DSP_X87Y10 is outside its area constraints.
. The instances in this site are: my_dsp, .
CRITICAL WARNING: [Place 30-943] Failed to place instances in site 'DSP48E2_X15Y5'. DSP_config_DSP_inst229_inst_bbel/my_dsp/DSP_ALU_INST placed on site DSP48E2_X15Y5 rpm (3128, 23)  tile (530, 299) DSP_X87Y10 is outside its area constraints.
. The instances in this site are: my_dsp, .
CRITICAL WARNING: [Place 30-943] Failed to place instances in site 'DSP48E2_X15Y6'. DSP_config_DSP_inst229_inst_bbeh/my_dsp/DSP_ALU_INST placed on site DSP48E2_X15Y6 rpm (3128, 32)  tile (530, 294) DSP_X87Y15 is outside its area constraints.
. The instances in this site are: my_dsp, .
CRITICAL WARNING: [Place 30-943] Failed to place instances in site 'DSP48E2_X15Y7'. DSP_config_DSP_inst229_inst_bbef/my_dsp/DSP_ALU_INST placed on site DSP48E2_X15Y7 rpm (3128, 33)  tile (530, 294) DSP_X87Y15 is outside its area constraints.
. The instances in this site are: my_dsp, .
CRITICAL WARNING: [Place 30-943] Failed to place instances in site 'DSP48E2_X15Y8'. DSP_config_DSP_inst229_inst_bbee/my_dsp/DSP_ALU_INST placed on site DSP48E2_X15Y8 rpm (3128, 42)  tile (530, 289) DSP_X87Y20 is outside its area constraints.
. The instances in this site are: my_dsp, .
CRITICAL WARNING: [Place 30-943] Failed to place instances in site 'DSP48E2_X15Y9'. DSP_config_DSP_inst229_inst_bbeb/my_dsp/DSP_ALU_INST placed on site DSP48E2_X15Y9 rpm (3128, 43)  tile (530, 289) DSP_X87Y20 is outside its area constraints.
. The instances in this site are: my_dsp, .
CRITICAL WARNING: [Place 30-943] Failed to place instances in site 'DSP48E2_X2Y100'. DSP_config_DSP_inst229_inst_mzh/my_dsp/DSP_ALU_INST placed on site DSP48E2_X2Y100 rpm (576, 518)  tile (119, 51) DSP_X14Y250 is outside its area constraints.
. The instances in this site are: my_dsp, .
CRITICAL WARNING: [Place 30-943] Failed to place instances in site 'DSP48E2_X2Y101'. DSP_config_DSP_inst229_inst_mzf/my_dsp/DSP_ALU_INST placed on site DSP48E2_X2Y101 rpm (576, 519)  tile (119, 51) DSP_X14Y250 is outside its area constraints.
. The instances in this site are: my_dsp, .
CRITICAL WARNING: [Place 30-943] Failed to place instances in site 'DSP48E2_X2Y102'. DSP_config_DSP_inst229_inst_mze/my_dsp/DSP_ALU_INST placed on site DSP48E2_X2Y102 rpm (576, 528)  tile (119, 46) DSP_X14Y255 is outside its area constraints.
. The instances in this site are: my_dsp, .
CRITICAL WARNING: [Place 30-943] Failed to place instances in site 'DSP48E2_X2Y103'. DSP_config_DSP_inst229_inst_mzb/my_dsp/DSP_ALU_INST placed on site DSP48E2_X2Y103 rpm (576, 529)  tile (119, 46) DSP_X14Y255 is outside its area constraints.
. The instances in this site are: my_dsp, .
CRITICAL WARNING: [Place 30-943] Failed to place instances in site 'DSP48E2_X2Y94'. DSP_config_DSP_inst229_inst_mzz/my_dsp/DSP_ALU_INST placed on site DSP48E2_X2Y94 rpm (576, 486)  tile (119, 67) DSP_X14Y235 is outside its area constraints.
. The instances in this site are: my_dsp, .
CRITICAL WARNING: [Place 30-943] Failed to place instances in site 'DSP48E2_X2Y95'. DSP_config_DSP_inst229_inst_mzv/my_dsp/DSP_ALU_INST placed on site DSP48E2_X2Y95 rpm (576, 487)  tile (119, 67) DSP_X14Y235 is outside its area constraints.
. The instances in this site are: my_dsp, .
CRITICAL WARNING: [Place 30-943] Failed to place instances in site 'DSP48E2_X2Y96'. DSP_config_DSP_inst229_inst_mzs/my_dsp/DSP_ALU_INST placed on site DSP48E2_X2Y96 rpm (576, 498)  tile (119, 61) DSP_X14Y240 is outside its area constraints.
. The instances in this site are: my_dsp, .
CRITICAL WARNING: [Place 30-943] Failed to place instances in site 'DSP48E2_X2Y97'. DSP_config_DSP_inst229_inst_mzo/my_dsp/DSP_ALU_INST placed on site DSP48E2_X2Y97 rpm (576, 499)  tile (119, 61) DSP_X14Y240 is outside its area constraints.
. The instances in this site are: my_dsp, .
CRITICAL WARNING: [Place 30-943] Failed to place instances in site 'DSP48E2_X2Y98'. DSP_config_DSP_inst229_inst_mzm/my_dsp/DSP_ALU_INST placed on site DSP48E2_X2Y98 rpm (576, 508)  tile (119, 56) DSP_X14Y245 is outside its area constraints.
. The instances in this site are: my_dsp, .
CRITICAL WARNING: [Place 30-943] Failed to place instances in site 'DSP48E2_X2Y99'. DSP_config_DSP_inst229_inst_mzl/my_dsp/DSP_ALU_INST placed on site DSP48E2_X2Y99 rpm (576, 509)  tile (119, 56) DSP_X14Y245 is outside its area constraints.
. The instances in this site are: my_dsp, .
CRITICAL WARNING: [Place 30-943] Failed to place instances in site 'DSP48E2_X3Y51'. DSP_config_DSP_inst229_inst_mfz/my_dsp/DSP_ALU_INST placed on site DSP48E2_X3Y51 rpm (648, 261)  tile (128, 180) DSP_X16Y125 is outside its area constraints.
. The instances in this site are: my_dsp, .
CRITICAL WARNING: [Place 30-943] Failed to place instances in site 'DSP48E2_X3Y52'. DSP_config_DSP_inst229_inst_mfv/my_dsp/DSP_ALU_INST placed on site DSP48E2_X3Y52 rpm (648, 270)  tile (128, 175) DSP_X16Y130 is outside its area constraints.
. The instances in this site are: my_dsp, .
CRITICAL WARNING: [Place 30-943] Failed to place instances in site 'DSP48E2_X3Y53'. DSP_config_DSP_inst229_inst_mfs/my_dsp/DSP_ALU_INST placed on site DSP48E2_X3Y53 rpm (648, 271)  tile (128, 175) DSP_X16Y130 is outside its area constraints.
. The instances in this site are: my_dsp, .
CRITICAL WARNING: [Place 30-943] Failed to place instances in site 'DSP48E2_X3Y54'. DSP_config_DSP_inst229_inst_mfo/my_dsp/DSP_ALU_INST placed on site DSP48E2_X3Y54 rpm (648, 280)  tile (128, 170) DSP_X16Y135 is outside its area constraints.
. The instances in this site are: my_dsp, .
CRITICAL WARNING: [Place 30-943] Failed to place instances in site 'DSP48E2_X3Y55'. DSP_config_DSP_inst229_inst_mfm/my_dsp/DSP_ALU_INST placed on site DSP48E2_X3Y55 rpm (648, 281)  tile (128, 170) DSP_X16Y135 is outside its area constraints.
. The instances in this site are: my_dsp, .
CRITICAL WARNING: [Place 30-943] Failed to place instances in site 'DSP48E2_X3Y56'. DSP_config_DSP_inst229_inst_mfl/my_dsp/DSP_ALU_INST placed on site DSP48E2_X3Y56 rpm (648, 290)  tile (128, 165) DSP_X16Y140 is outside its area constraints.
. The instances in this site are: my_dsp, .
CRITICAL WARNING: [Place 30-943] Failed to place instances in site 'DSP48E2_X3Y57'. DSP_config_DSP_inst229_inst_mfh/my_dsp/DSP_ALU_INST placed on site DSP48E2_X3Y57 rpm (648, 291)  tile (128, 165) DSP_X16Y140 is outside its area constraints.
. The instances in this site are: my_dsp, .
CRITICAL WARNING: [Place 30-943] Failed to place instances in site 'DSP48E2_X3Y58'. DSP_config_DSP_inst229_inst_mff/my_dsp/DSP_ALU_INST placed on site DSP48E2_X3Y58 rpm (648, 300)  tile (128, 160) DSP_X16Y145 is outside its area constraints.
. The instances in this site are: my_dsp, .
CRITICAL WARNING: [Place 30-943] Failed to place instances in site 'DSP48E2_X3Y59'. DSP_config_DSP_inst229_inst_mfe/my_dsp/DSP_ALU_INST placed on site DSP48E2_X3Y59 rpm (648, 301)  tile (128, 160) DSP_X16Y145 is outside its area constraints.
. The instances in this site are: my_dsp, .
CRITICAL WARNING: [Place 30-943] Failed to place instances in site 'DSP48E2_X3Y60'. DSP_config_DSP_inst229_inst_mfb/my_dsp/DSP_ALU_INST placed on site DSP48E2_X3Y60 rpm (648, 312)  tile (128, 154) DSP_X16Y150 is outside its area constraints.
. The instances in this site are: my_dsp, .
CRITICAL WARNING: [Place 30-943] Failed to place instances in site 'DSP48E2_X3Y73'. DSP_config_DSP_inst229_inst_mbz/my_dsp/DSP_ALU_INST placed on site DSP48E2_X3Y73 rpm (648, 375)  tile (128, 123) DSP_X16Y180 is outside its area constraints.
. The instances in this site are: my_dsp, .
CRITICAL WARNING: [Place 30-943] Failed to place instances in site 'DSP48E2_X3Y74'. DSP_config_DSP_inst229_inst_mbv/my_dsp/DSP_ALU_INST placed on site DSP48E2_X3Y74 rpm (648, 384)  tile (128, 118) DSP_X16Y185 is outside its area constraints.
. The instances in this site are: my_dsp, .
CRITICAL WARNING: [Place 30-943] Failed to place instances in site 'DSP48E2_X3Y75'. DSP_config_DSP_inst229_inst_mbs/my_dsp/DSP_ALU_INST placed on site DSP48E2_X3Y75 rpm (648, 385)  tile (128, 118) DSP_X16Y185 is outside its area constraints.
. The instances in this site are: my_dsp, .
CRITICAL WARNING: [Place 30-943] Failed to place instances in site 'DSP48E2_X3Y76'. DSP_config_DSP_inst229_inst_mbo/my_dsp/DSP_ALU_INST placed on site DSP48E2_X3Y76 rpm (648, 394)  tile (128, 113) DSP_X16Y190 is outside its area constraints.
. The instances in this site are: my_dsp, .
CRITICAL WARNING: [Place 30-943] Failed to place instances in site 'DSP48E2_X3Y77'. DSP_config_DSP_inst229_inst_mbm/my_dsp/DSP_ALU_INST placed on site DSP48E2_X3Y77 rpm (648, 395)  tile (128, 113) DSP_X16Y190 is outside its area constraints.
. The instances in this site are: my_dsp, .
CRITICAL WARNING: [Place 30-943] Failed to place instances in site 'DSP48E2_X3Y78'. DSP_config_DSP_inst229_inst_mbl/my_dsp/DSP_ALU_INST placed on site DSP48E2_X3Y78 rpm (648, 404)  tile (128, 108) DSP_X16Y195 is outside its area constraints.
. The instances in this site are: my_dsp, .
CRITICAL WARNING: [Place 30-943] Failed to place instances in site 'DSP48E2_X3Y79'. DSP_config_DSP_inst229_inst_mbh/my_dsp/DSP_ALU_INST placed on site DSP48E2_X3Y79 rpm (648, 405)  tile (128, 108) DSP_X16Y195 is outside its area constraints.
. The instances in this site are: my_dsp, .
CRITICAL WARNING: [Place 30-943] Failed to place instances in site 'DSP48E2_X3Y80'. DSP_config_DSP_inst229_inst_mbf/my_dsp/DSP_ALU_INST placed on site DSP48E2_X3Y80 rpm (648, 414)  tile (128, 103) DSP_X16Y200 is outside its area constraints.
. The instances in this site are: my_dsp, .
CRITICAL WARNING: [Place 30-943] Failed to place instances in site 'DSP48E2_X3Y81'. DSP_config_DSP_inst229_inst_mbe/my_dsp/DSP_ALU_INST placed on site DSP48E2_X3Y81 rpm (648, 415)  tile (128, 103) DSP_X16Y200 is outside its area constraints.
. The instances in this site are: my_dsp, .
CRITICAL WARNING: [Place 30-943] Failed to place instances in site 'DSP48E2_X3Y82'. DSP_config_DSP_inst229_inst_mbb/my_dsp/DSP_ALU_INST placed on site DSP48E2_X3Y82 rpm (648, 424)  tile (128, 98) DSP_X16Y205 is outside its area constraints.
. The instances in this site are: my_dsp, .
CRITICAL WARNING: [Place 30-943] Failed to place instances in site 'DSP48E2_X8Y48'. DSP_config_DSP_inst229_inst_bve/my_dsp/DSP_ALU_INST placed on site DSP48E2_X8Y48 rpm (1472, 250)  tile (277, 185) DSP_X39Y120 is outside its area constraints.
. The instances in this site are: my_dsp, .
CRITICAL WARNING: [Place 30-943] Failed to place instances in site 'DSP48E2_X8Y49'. DSP_config_DSP_inst229_inst_bvb/my_dsp/DSP_ALU_INST placed on site DSP48E2_X8Y49 rpm (1472, 251)  tile (277, 185) DSP_X39Y120 is outside its area constraints.
. The instances in this site are: my_dsp, .
CRITICAL WARNING: [Place 30-943] Failed to place instances in site 'DSP48E2_X8Y61'. DSP_config_DSP_inst229_inst_bsz/my_dsp/DSP_ALU_INST placed on site DSP48E2_X8Y61 rpm (1472, 313)  tile (277, 154) DSP_X39Y150 is outside its area constraints.
. The instances in this site are: my_dsp, .
CRITICAL WARNING: [Place 30-943] Failed to place instances in site 'DSP48E2_X8Y62'. DSP_config_DSP_inst229_inst_bsv/my_dsp/DSP_ALU_INST placed on site DSP48E2_X8Y62 rpm (1472, 322)  tile (277, 149) DSP_X39Y155 is outside its area constraints.
. The instances in this site are: my_dsp, .
CRITICAL WARNING: [Place 30-943] Failed to place instances in site 'DSP48E2_X8Y63'. DSP_config_DSP_inst229_inst_bss/my_dsp/DSP_ALU_INST placed on site DSP48E2_X8Y63 rpm (1472, 323)  tile (277, 149) DSP_X39Y155 is outside its area constraints.
. The instances in this site are: my_dsp, .
CRITICAL WARNING: [Place 30-943] Failed to place instances in site 'DSP48E2_X8Y64'. DSP_config_DSP_inst229_inst_bso/my_dsp/DSP_ALU_INST placed on site DSP48E2_X8Y64 rpm (1472, 332)  tile (277, 144) DSP_X39Y160 is outside its area constraints.
. The instances in this site are: my_dsp, .
CRITICAL WARNING: [Place 30-943] Failed to place instances in site 'DSP48E2_X8Y69'. DSP_config_DSP_inst229_inst_bsm/my_dsp/DSP_ALU_INST placed on site DSP48E2_X8Y69 rpm (1472, 353)  tile (277, 134) DSP_X39Y170 is outside its area constraints.
. The instances in this site are: my_dsp, .
CRITICAL WARNING: [Place 30-943] Failed to place instances in site 'DSP48E2_X8Y70'. DSP_config_DSP_inst229_inst_bsl/my_dsp/DSP_ALU_INST placed on site DSP48E2_X8Y70 rpm (1472, 362)  tile (277, 129) DSP_X39Y175 is outside its area constraints.
. The instances in this site are: my_dsp, .
CRITICAL WARNING: [Place 30-943] Failed to place instances in site 'DSP48E2_X8Y71'. DSP_config_DSP_inst229_inst_bsh/my_dsp/DSP_ALU_INST placed on site DSP48E2_X8Y71 rpm (1472, 363)  tile (277, 129) DSP_X39Y175 is outside its area constraints.
. The instances in this site are: my_dsp, .
CRITICAL WARNING: [Place 30-943] Failed to place instances in site 'DSP48E2_X8Y72'. DSP_config_DSP_inst229_inst_bsf/my_dsp/DSP_ALU_INST placed on site DSP48E2_X8Y72 rpm (1472, 374)  tile (277, 123) DSP_X39Y180 is outside its area constraints.
. The instances in this site are: my_dsp, .
CRITICAL WARNING: [Place 30-943] Failed to place instances in site 'DSP48E2_X8Y73'. DSP_config_DSP_inst229_inst_bse/my_dsp/DSP_ALU_INST placed on site DSP48E2_X8Y73 rpm (1472, 375)  tile (277, 123) DSP_X39Y180 is outside its area constraints.
. The instances in this site are: my_dsp, .
CRITICAL WARNING: [Place 30-943] Failed to place instances in site 'DSP48E2_X8Y84'. DSP_config_DSP_inst229_inst_bsb/my_dsp/DSP_ALU_INST placed on site DSP48E2_X8Y84 rpm (1472, 436)  tile (277, 92) DSP_X39Y210 is outside its area constraints.
. The instances in this site are: my_dsp, .
CRITICAL WARNING: [Place 30-943] Failed to place instances in site 'DSP48E2_X8Y86'. DSP_config_DSP_inst229_inst_bozz/my_dsp/DSP_ALU_INST placed on site DSP48E2_X8Y86 rpm (1472, 446)  tile (277, 87) DSP_X39Y215 is outside its area constraints.
. The instances in this site are: my_dsp, .
CRITICAL WARNING: [Place 30-943] Failed to place instances in site 'DSP48E2_X8Y87'. DSP_config_DSP_inst229_inst_bozv/my_dsp/DSP_ALU_INST placed on site DSP48E2_X8Y87 rpm (1472, 447)  tile (277, 87) DSP_X39Y215 is outside its area constraints.
. The instances in this site are: my_dsp, .
CRITICAL WARNING: [Place 30-943] Failed to place instances in site 'DSP48E2_X8Y88'. DSP_config_DSP_inst229_inst_bozs/my_dsp/DSP_ALU_INST placed on site DSP48E2_X8Y88 rpm (1472, 456)  tile (277, 82) DSP_X39Y220 is outside its area constraints.
. The instances in this site are: my_dsp, .
CRITICAL WARNING: [Place 30-943] Failed to place instances in site 'DSP48E2_X8Y89'. DSP_config_DSP_inst229_inst_bozo/my_dsp/DSP_ALU_INST placed on site DSP48E2_X8Y89 rpm (1472, 457)  tile (277, 82) DSP_X39Y220 is outside its area constraints.
. The instances in this site are: my_dsp, .
CRITICAL WARNING: [Place 30-943] Failed to place instances in site 'DSP48E2_X8Y90'. DSP_config_DSP_inst229_inst_bozm/my_dsp/DSP_ALU_INST placed on site DSP48E2_X8Y90 rpm (1472, 466)  tile (277, 77) DSP_X39Y225 is outside its area constraints.
. The instances in this site are: my_dsp, .
CRITICAL WARNING: [Place 30-943] Failed to place instances in site 'DSP48E2_X8Y91'. DSP_config_DSP_inst229_inst_bozl/my_dsp/DSP_ALU_INST placed on site DSP48E2_X8Y91 rpm (1472, 467)  tile (277, 77) DSP_X39Y225 is outside its area constraints.
. The instances in this site are: my_dsp, .
CRITICAL WARNING: [Place 30-943] Failed to place instances in site 'DSP48E2_X8Y92'. DSP_config_DSP_inst229_inst_bozh/my_dsp/DSP_ALU_INST placed on site DSP48E2_X8Y92 rpm (1472, 476)  tile (277, 72) DSP_X39Y230 is outside its area constraints.
. The instances in this site are: my_dsp, .
CRITICAL WARNING: [Place 30-943] Failed to place instances in site 'DSP48E2_X8Y93'. DSP_config_DSP_inst229_inst_bozf/my_dsp/DSP_ALU_INST placed on site DSP48E2_X8Y93 rpm (1472, 477)  tile (277, 72) DSP_X39Y230 is outside its area constraints.
. The instances in this site are: my_dsp, .
CRITICAL WARNING: [Place 30-943] Failed to place instances in site 'DSP48E2_X8Y94'. DSP_config_DSP_inst229_inst_boze/my_dsp/DSP_ALU_INST placed on site DSP48E2_X8Y94 rpm (1472, 486)  tile (277, 67) DSP_X39Y235 is outside its area constraints.
. The instances in this site are: my_dsp, .
CRITICAL WARNING: [Place 30-943] Failed to place instances in site 'DSP48E2_X8Y95'. DSP_config_DSP_inst229_inst_bozb/my_dsp/DSP_ALU_INST placed on site DSP48E2_X8Y95 rpm (1472, 487)  tile (277, 67) DSP_X39Y235 is outside its area constraints.
. The instances in this site are: my_dsp, .
CRITICAL WARNING: [Place 30-943] Failed to place instances in site 'DSP48E2_X9Y65'. DSP_config_DSP_inst229_inst_bobz/my_dsp/DSP_ALU_INST placed on site DSP48E2_X9Y65 rpm (1872, 333)  tile (327, 144) DSP_X51Y160 is outside its area constraints.
. The instances in this site are: my_dsp, .
CRITICAL WARNING: [Place 30-943] Failed to place instances in site 'RAMB36_X0Y33'. BRAM_config_BRAM_SDP_inst617_inst_oz/my_sdpram placed on site RAMB36_X0Y33 rpm (224, 344)  tile (75, 139) BRAM_X6Y165 is outside its area constraints.
. The instances in this site are: my_sdpram, .
CRITICAL WARNING: [Place 30-943] Failed to place instances in site 'RAMB36_X0Y34'. BRAM_config_BRAM_SDP_inst617_inst_ov/my_sdpram placed on site RAMB36_X0Y34 rpm (224, 354)  tile (75, 134) BRAM_X6Y170 is outside its area constraints.
. The instances in this site are: my_sdpram, .
CRITICAL WARNING: [Place 30-943] Failed to place instances in site 'RAMB36_X0Y35'. BRAM_config_BRAM_SDP_inst617_inst_os/my_sdpram placed on site RAMB36_X0Y35 rpm (224, 364)  tile (75, 129) BRAM_X6Y175 is outside its area constraints.
. The instances in this site are: my_sdpram, .
CRITICAL WARNING: [Place 30-943] Failed to place instances in site 'RAMB36_X0Y46'. BRAM_config_BRAM_SDP_inst617_inst_oo/my_sdpram placed on site RAMB36_X0Y46 rpm (224, 478)  tile (75, 72) BRAM_X6Y230 is outside its area constraints.
. The instances in this site are: my_sdpram, .
CRITICAL WARNING: [Place 30-943] Failed to place instances in site 'RAMB36_X0Y57'. BRAM_config_BRAM_SDP_inst617_inst_om/my_sdpram placed on site RAMB36_X0Y57 rpm (224, 592)  tile (75, 15) BRAM_X6Y285 is outside its area constraints.
. The instances in this site are: my_sdpram, .
CRITICAL WARNING: [Place 30-943] Failed to place instances in site 'RAMB36_X1Y26'. BRAM_config_BRAM_SDP_inst617_inst_of/my_sdpram placed on site RAMB36_X1Y26 rpm (400, 272)  tile (97, 175) BRAM_X10Y130 is outside its area constraints.
. The instances in this site are: my_sdpram, .
CRITICAL WARNING: [Place 30-943] Failed to place instances in site 'RAMB36_X1Y37'. BRAM_config_BRAM_SDP_inst617_inst_oe/my_sdpram placed on site RAMB36_X1Y37 rpm (400, 386)  tile (97, 118) BRAM_X10Y185 is outside its area constraints.
. The instances in this site are: my_sdpram, .
CRITICAL WARNING: [Place 30-943] Failed to place instances in site 'RAMB36_X1Y48'. BRAM_config_BRAM_SDP_inst617_inst_ob/my_sdpram placed on site RAMB36_X1Y48 rpm (400, 500)  tile (97, 61) BRAM_X10Y240 is outside its area constraints.
. The instances in this site are: my_sdpram, .
CRITICAL WARNING: [Place 30-943] Failed to place instances in site 'RAMB36_X3Y41'. BRAM_config_BRAM_SDP_inst617_inst_lz/my_sdpram placed on site RAMB36_X3Y41 rpm (1168, 426)  tile (193, 98) BRAM_X32Y205 is outside its area constraints.
. The instances in this site are: my_sdpram, .
CRITICAL WARNING: [Place 30-943] Failed to place instances in site 'RAMB36_X3Y50'. BRAM_config_BRAM_SDP_inst617_inst_lb/my_sdpram placed on site RAMB36_X3Y50 rpm (1168, 520)  tile (193, 51) BRAM_X32Y250 is outside its area constraints.
. The instances in this site are: my_sdpram, .
CRITICAL WARNING: [Place 30-943] Failed to place instances in site 'RAMB36_X4Y26'. BRAM_config_BRAM_SDP_inst617_inst_hov/my_sdpram placed on site RAMB36_X4Y26 rpm (1400, 272)  tile (268, 175) BRAM_X38Y130 is outside its area constraints.
. The instances in this site are: my_sdpram, .
CRITICAL WARNING: [Place 30-943] Failed to place instances in site 'RAMB36_X4Y27'. BRAM_config_BRAM_SDP_inst617_inst_hos/my_sdpram placed on site RAMB36_X4Y27 rpm (1400, 282)  tile (268, 170) BRAM_X38Y135 is outside its area constraints.
. The instances in this site are: my_sdpram, .
CRITICAL WARNING: [Place 30-943] Failed to place instances in site 'RAMB36_X4Y30'. BRAM_config_BRAM_SDP_inst617_inst_hol/my_sdpram placed on site RAMB36_X4Y30 rpm (1400, 314)  tile (268, 154) BRAM_X38Y150 is outside its area constraints.
. The instances in this site are: my_sdpram, .
CRITICAL WARNING: [Place 30-943] Failed to place instances in site 'RAMB36_X4Y33'. BRAM_config_BRAM_SDP_inst617_inst_hoe/my_sdpram placed on site RAMB36_X4Y33 rpm (1400, 344)  tile (268, 139) BRAM_X38Y165 is outside its area constraints.
. The instances in this site are: my_sdpram, .
CRITICAL WARNING: [Place 30-943] Failed to place instances in site 'RAMB36_X4Y47'. BRAM_config_BRAM_SDP_inst617_inst_hlz/my_sdpram placed on site RAMB36_X4Y47 rpm (1400, 488)  tile (268, 67) BRAM_X38Y235 is outside its area constraints.
. The instances in this site are: my_sdpram, .
CRITICAL WARNING: [Place 30-943] Failed to place instances in site 'RAMB36_X4Y49'. BRAM_config_BRAM_SDP_inst617_inst_hls/my_sdpram placed on site RAMB36_X4Y49 rpm (1400, 510)  tile (268, 56) BRAM_X38Y245 is outside its area constraints.
. The instances in this site are: my_sdpram, .
CRITICAL WARNING: [Place 30-943] Failed to place instances in site 'RAMB36_X4Y50'. BRAM_config_BRAM_SDP_inst617_inst_hlo/my_sdpram placed on site RAMB36_X4Y50 rpm (1400, 520)  tile (268, 51) BRAM_X38Y250 is outside its area constraints.
. The instances in this site are: my_sdpram, .
CRITICAL WARNING: [Place 30-943] Failed to place instances in site 'RAMB36_X4Y51'. BRAM_config_BRAM_SDP_inst617_inst_hlm/my_sdpram placed on site RAMB36_X4Y51 rpm (1400, 530)  tile (268, 46) BRAM_X38Y255 is outside its area constraints.
. The instances in this site are: my_sdpram, .
CRITICAL WARNING: [Place 30-943] Failed to place instances in site 'RAMB36_X4Y52'. BRAM_config_BRAM_SDP_inst617_inst_hll/my_sdpram placed on site RAMB36_X4Y52 rpm (1400, 540)  tile (268, 41) BRAM_X38Y260 is outside its area constraints.
. The instances in this site are: my_sdpram, .
CRITICAL WARNING: [Place 30-943] Failed to place instances in site 'RAMB36_X4Y53'. BRAM_config_BRAM_SDP_inst617_inst_hlh/my_sdpram placed on site RAMB36_X4Y53 rpm (1400, 550)  tile (268, 36) BRAM_X38Y265 is outside its area constraints.
. The instances in this site are: my_sdpram, .
CRITICAL WARNING: [Place 30-943] Failed to place instances in site 'RAMB36_X4Y54'. BRAM_config_BRAM_SDP_inst617_inst_hlf/my_sdpram placed on site RAMB36_X4Y54 rpm (1400, 562)  tile (268, 30) BRAM_X38Y270 is outside its area constraints.
. The instances in this site are: my_sdpram, .
CRITICAL WARNING: [Place 30-943] Failed to place instances in site 'RAMB36_X4Y55'. BRAM_config_BRAM_SDP_inst617_inst_hle/my_sdpram placed on site RAMB36_X4Y55 rpm (1400, 572)  tile (268, 25) BRAM_X38Y275 is outside its area constraints.
. The instances in this site are: my_sdpram, .
CRITICAL WARNING: [Place 30-943] Failed to place instances in site 'RAMB36_X4Y56'. BRAM_config_BRAM_SDP_inst617_inst_hlb/my_sdpram placed on site RAMB36_X4Y56 rpm (1400, 582)  tile (268, 20) BRAM_X38Y280 is outside its area constraints.
. The instances in this site are: my_sdpram, .
CRITICAL WARNING: [Place 30-943] Failed to place instances in site 'RAMB36_X5Y20'. BRAM_config_BRAM_SDP_inst617_inst_hez/my_sdpram placed on site RAMB36_X5Y20 rpm (1904, 210)  tile (331, 206) BRAM_X53Y100 is outside its area constraints.
. The instances in this site are: my_sdpram, .
CRITICAL WARNING: [Place 30-943] Failed to place instances in site 'RAMB36_X5Y21'. BRAM_config_BRAM_SDP_inst617_inst_hev/my_sdpram placed on site RAMB36_X5Y21 rpm (1904, 220)  tile (331, 201) BRAM_X53Y105 is outside its area constraints.
. The instances in this site are: my_sdpram, .
CRITICAL WARNING: [Place 30-943] Failed to place instances in site 'RAMB36_X5Y22'. BRAM_config_BRAM_SDP_inst617_inst_hes/my_sdpram placed on site RAMB36_X5Y22 rpm (1904, 230)  tile (331, 196) BRAM_X53Y110 is outside its area constraints.
. The instances in this site are: my_sdpram, .
CRITICAL WARNING: [Place 30-943] Failed to place instances in site 'RAMB36_X5Y23'. BRAM_config_BRAM_SDP_inst617_inst_heo/my_sdpram placed on site RAMB36_X5Y23 rpm (1904, 240)  tile (331, 191) BRAM_X53Y115 is outside its area constraints.
. The instances in this site are: my_sdpram, .
CRITICAL WARNING: [Place 30-943] Failed to place instances in site 'RAMB36_X5Y24'. BRAM_config_BRAM_SDP_inst617_inst_hem/my_sdpram placed on site RAMB36_X5Y24 rpm (1904, 252)  tile (331, 185) BRAM_X53Y120 is outside its area constraints.
. The instances in this site are: my_sdpram, .
CRITICAL WARNING: [Place 30-943] Failed to place instances in site 'RAMB36_X5Y25'. BRAM_config_BRAM_SDP_inst617_inst_hel/my_sdpram placed on site RAMB36_X5Y25 rpm (1904, 262)  tile (331, 180) BRAM_X53Y125 is outside its area constraints.
. The instances in this site are: my_sdpram, .
CRITICAL WARNING: [Place 30-943] Failed to place instances in site 'RAMB36_X5Y26'. BRAM_config_BRAM_SDP_inst617_inst_heh/my_sdpram placed on site RAMB36_X5Y26 rpm (1904, 272)  tile (331, 175) BRAM_X53Y130 is outside its area constraints.
. The instances in this site are: my_sdpram, .
CRITICAL WARNING: [Place 30-943] Failed to place instances in site 'RAMB36_X5Y27'. BRAM_config_BRAM_SDP_inst617_inst_hef/my_sdpram placed on site RAMB36_X5Y27 rpm (1904, 282)  tile (331, 170) BRAM_X53Y135 is outside its area constraints.
. The instances in this site are: my_sdpram, .
CRITICAL WARNING: [Place 30-943] Failed to place instances in site 'RAMB36_X5Y28'. BRAM_config_BRAM_SDP_inst617_inst_hee/my_sdpram placed on site RAMB36_X5Y28 rpm (1904, 292)  tile (331, 165) BRAM_X53Y140 is outside its area constraints.
. The instances in this site are: my_sdpram, .
CRITICAL WARNING: [Place 30-943] Failed to place instances in site 'RAMB36_X5Y29'. BRAM_config_BRAM_SDP_inst617_inst_heb/my_sdpram placed on site RAMB36_X5Y29 rpm (1904, 302)  tile (331, 160) BRAM_X53Y145 is outside its area constraints.
. The instances in this site are: my_sdpram, .
CRITICAL WARNING: [Place 30-943] Failed to place instances in site 'RAMB36_X6Y17'. BRAM_config_BRAM_SDP_inst617_inst_fov/my_sdpram placed on site RAMB36_X6Y17 rpm (1976, 178)  tile (340, 222) BRAM_X55Y85 is outside its area constraints.
. The instances in this site are: my_sdpram, .
CRITICAL WARNING: [Place 30-943] Failed to place instances in site 'RAMB36_X6Y18'. BRAM_config_BRAM_SDP_inst617_inst_fos/my_sdpram placed on site RAMB36_X6Y18 rpm (1976, 190)  tile (340, 216) BRAM_X55Y90 is outside its area constraints.
. The instances in this site are: my_sdpram, .
CRITICAL WARNING: [Place 30-943] Failed to place instances in site 'RAMB36_X6Y21'. BRAM_config_BRAM_SDP_inst617_inst_fol/my_sdpram placed on site RAMB36_X6Y21 rpm (1976, 220)  tile (340, 201) BRAM_X55Y105 is outside its area constraints.
. The instances in this site are: my_sdpram, .
CRITICAL WARNING: [Place 30-943] Failed to place instances in site 'RAMB36_X7Y11'. BRAM_config_BRAM_SDP_inst617_inst_fez/my_sdpram placed on site RAMB36_X7Y11 rpm (2424, 116)  tile (396, 253) BRAM_X68Y55 is outside its area constraints.
. The instances in this site are: my_sdpram, .
CRITICAL WARNING: [Place 30-943] Failed to place instances in site 'RAMB36_X7Y12'. BRAM_config_BRAM_SDP_inst617_inst_fev/my_sdpram placed on site RAMB36_X7Y12 rpm (2424, 128)  tile (396, 247) BRAM_X68Y60 is outside its area constraints.
. The instances in this site are: my_sdpram, .
CRITICAL WARNING: [Place 30-943] Failed to place instances in site 'RAMB36_X7Y13'. BRAM_config_BRAM_SDP_inst617_inst_fes/my_sdpram placed on site RAMB36_X7Y13 rpm (2424, 138)  tile (396, 242) BRAM_X68Y65 is outside its area constraints.
. The instances in this site are: my_sdpram, .
CRITICAL WARNING: [Place 30-943] Failed to place instances in site 'RAMB36_X7Y14'. BRAM_config_BRAM_SDP_inst617_inst_feo/my_sdpram placed on site RAMB36_X7Y14 rpm (2424, 148)  tile (396, 237) BRAM_X68Y70 is outside its area constraints.
. The instances in this site are: my_sdpram, .
CRITICAL WARNING: [Place 30-943] Failed to place instances in site 'RAMB36_X7Y15'. BRAM_config_BRAM_SDP_inst617_inst_fem/my_sdpram placed on site RAMB36_X7Y15 rpm (2424, 158)  tile (396, 232) BRAM_X68Y75 is outside its area constraints.
. The instances in this site are: my_sdpram, .
CRITICAL WARNING: [Place 30-943] Failed to place instances in site 'RAMB36_X7Y16'. BRAM_config_BRAM_SDP_inst617_inst_fel/my_sdpram placed on site RAMB36_X7Y16 rpm (2424, 168)  tile (396, 227) BRAM_X68Y80 is outside its area constraints.
. The instances in this site are: my_sdpram, .
CRITICAL WARNING: [Place 30-943] Failed to place instances in site 'RAMB36_X7Y17'. BRAM_config_BRAM_SDP_inst617_inst_feh/my_sdpram placed on site RAMB36_X7Y17 rpm (2424, 178)  tile (396, 222) BRAM_X68Y85 is outside its area constraints.
. The instances in this site are: my_sdpram, .
CRITICAL WARNING: [Place 30-943] Failed to place instances in site 'RAMB36_X7Y18'. BRAM_config_BRAM_SDP_inst617_inst_fef/my_sdpram placed on site RAMB36_X7Y18 rpm (2424, 190)  tile (396, 216) BRAM_X68Y90 is outside its area constraints.
. The instances in this site are: my_sdpram, .
CRITICAL WARNING: [Place 30-943] Failed to place instances in site 'RAMB36_X7Y19'. BRAM_config_BRAM_SDP_inst617_inst_fee/my_sdpram placed on site RAMB36_X7Y19 rpm (2424, 200)  tile (396, 211) BRAM_X68Y95 is outside its area constraints.
. The instances in this site are: my_sdpram, .
CRITICAL WARNING: [Place 30-943] Failed to place instances in site 'RAMB36_X7Y20'. BRAM_config_BRAM_SDP_inst617_inst_feb/my_sdpram placed on site RAMB36_X7Y20 rpm (2424, 210)  tile (396, 206) BRAM_X68Y100 is outside its area constraints.
. The instances in this site are: my_sdpram, .
CRITICAL WARNING: [Place 30-943] Failed to place instances in site 'RAMB36_X7Y34'. BRAM_config_BRAM_SDP_inst617_inst_ez/my_sdpram placed on site RAMB36_X7Y34 rpm (2424, 354)  tile (396, 134) BRAM_X68Y170 is outside its area constraints.
. The instances in this site are: my_sdpram, .
CRITICAL WARNING: [Place 30-943] Failed to place instances in site 'RAMB36_X7Y35'. BRAM_config_BRAM_SDP_inst617_inst_ev/my_sdpram placed on site RAMB36_X7Y35 rpm (2424, 364)  tile (396, 129) BRAM_X68Y175 is outside its area constraints.
. The instances in this site are: my_sdpram, .
CRITICAL WARNING: [Place 30-943] Failed to place instances in site 'RAMB36_X7Y36'. BRAM_config_BRAM_SDP_inst617_inst_es/my_sdpram placed on site RAMB36_X7Y36 rpm (2424, 376)  tile (396, 123) BRAM_X68Y180 is outside its area constraints.
. The instances in this site are: my_sdpram, .
CRITICAL WARNING: [Place 30-943] Failed to place instances in site 'RAMB36_X7Y37'. BRAM_config_BRAM_SDP_inst617_inst_eo/my_sdpram placed on site RAMB36_X7Y37 rpm (2424, 386)  tile (396, 118) BRAM_X68Y185 is outside its area constraints.
. The instances in this site are: my_sdpram, .
CRITICAL WARNING: [Place 30-943] Failed to place instances in site 'RAMB36_X7Y38'. BRAM_config_BRAM_SDP_inst617_inst_em/my_sdpram placed on site RAMB36_X7Y38 rpm (2424, 396)  tile (396, 113) BRAM_X68Y190 is outside its area constraints.
. The instances in this site are: my_sdpram, .
CRITICAL WARNING: [Place 30-943] Failed to place instances in site 'RAMB36_X7Y39'. BRAM_config_BRAM_SDP_inst617_inst_el/my_sdpram placed on site RAMB36_X7Y39 rpm (2424, 406)  tile (396, 108) BRAM_X68Y195 is outside its area constraints.
. The instances in this site are: my_sdpram, .
CRITICAL WARNING: [Place 30-943] Failed to place instances in site 'RAMB36_X7Y40'. BRAM_config_BRAM_SDP_inst617_inst_eh/my_sdpram placed on site RAMB36_X7Y40 rpm (2424, 416)  tile (396, 103) BRAM_X68Y200 is outside its area constraints.
. The instances in this site are: my_sdpram, .
CRITICAL WARNING: [Place 30-943] Failed to place instances in site 'RAMB36_X7Y41'. BRAM_config_BRAM_SDP_inst617_inst_ef/my_sdpram placed on site RAMB36_X7Y41 rpm (2424, 426)  tile (396, 98) BRAM_X68Y205 is outside its area constraints.
. The instances in this site are: my_sdpram, .
CRITICAL WARNING: [Place 30-943] Failed to place instances in site 'RAMB36_X7Y42'. BRAM_config_BRAM_SDP_inst617_inst_ee/my_sdpram placed on site RAMB36_X7Y42 rpm (2424, 438)  tile (396, 92) BRAM_X68Y210 is outside its area constraints.
. The instances in this site are: my_sdpram, .
CRITICAL WARNING: [Place 30-943] Failed to place instances in site 'RAMB36_X7Y43'. BRAM_config_BRAM_SDP_inst617_inst_eb/my_sdpram placed on site RAMB36_X7Y43 rpm (2424, 448)  tile (396, 87) BRAM_X68Y215 is outside its area constraints.
. The instances in this site are: my_sdpram, .
INFO: [#UNDEF] Number of sites successfully placed '2203'.
INFO: [Place 30-948] Number of instances successfully placed 2203.
INFO: [#UNDEF] Failed to place 197 macros
Phase 2 Global Placement | Checksum: 25556ed7f

Time (s): cpu = 00:14:19 ; elapsed = 00:08:29 . Memory (MB): peak = 8097.387 ; gain = 1413.988 ; free physical = 308 ; free virtual = 19296
ERROR: [Place 30-99] Placer failed with error: 'Failed to place macro locations.'
Please review all ERROR, CRITICAL WARNING, and WARNING messages during placement to understand the cause for failure.
Ending Placer Task | Checksum: c05b1791

Time (s): cpu = 00:14:20 ; elapsed = 00:08:30 . Memory (MB): peak = 8097.387 ; gain = 1413.988 ; free physical = 505 ; free virtual = 19493
INFO: [Common 17-83] Releasing license: Implementation
16 Infos, 0 Warnings, 197 Critical Warnings and 2 Errors encountered.
place_design failed
ERROR: [Common 17-69] Command failed: Placer could not place all instances
exit
INFO: [Common 17-206] Exiting Vivado at Fri Jul 14 23:36:52 2023...
