#-----------------------------------------------------------
# Vivado v2021.1 (64-bit)
# SW Build 3247384 on Thu Jun 10 19:36:07 MDT 2021
# IP Build 3246043 on Fri Jun 11 00:30:35 MDT 2021
# Start of session at: Sat Jul 15 15:42:21 2023
# Process ID: 30222
# Current directory: /home/aaa/Desktop/all_testcases/Design_2
# Command line: vivado -mode tcl -so place_route.tcl
# Log file: /home/aaa/Desktop/all_testcases/Design_2/vivado.log
# Journal file: /home/aaa/Desktop/all_testcases/Design_2/vivado.jou
#-----------------------------------------------------------
source place_route.tcl
# open_checkpoint ./design.dcp
Command: open_checkpoint ./design.dcp

Starting open_checkpoint Task

Time (s): cpu = 00:00:00.07 ; elapsed = 00:00:00.08 . Memory (MB): peak = 2116.680 ; gain = 2.969 ; free physical = 6230 ; free virtual = 24773
INFO: [Device 21-403] Loading part xcvu3p-ffvc1517-1-i
Netlist sorting complete. Time (s): cpu = 00:00:02 ; elapsed = 00:00:02 . Memory (MB): peak = 3257.844 ; gain = 0.000 ; free physical = 5003 ; free virtual = 23666
INFO: [Netlist 29-17] Analyzing 2100 Unisim elements for replacement
INFO: [Netlist 29-28] Unisim Transformation completed in 16 CPU seconds
WARNING: [Netlist 29-43] Netlist 'Design_1_65_STDB' is not ideal for floorplanning, since the cellview 'Design_1_65_STDB' defined in file 'Design_1_65_STDB.v' contains large number of primitives.  Please consider enabling hierarchy in synthesis if you want to do floorplanning.
INFO: [Project 1-479] Netlist was created with Vivado 2021.1
INFO: [Project 1-570] Preparing netlist for logic optimization
INFO: [Timing 38-478] Restoring timing data from binary archive.
INFO: [Timing 38-479] Binary timing data restore complete.
INFO: [Project 1-856] Restoring constraints from binary archive.
INFO: [Constraints 18-5170] The checkpoint was created with non-default parameter values which do not match the current Vivado settings.  Mismatching parameters are:
  general.maxThreads
INFO: [Project 1-853] Binary constraint restore complete.
Netlist sorting complete. Time (s): cpu = 00:00:00.06 ; elapsed = 00:00:00.05 . Memory (MB): peak = 4343.750 ; gain = 0.000 ; free physical = 4235 ; free virtual = 22900
INFO: [Project 1-111] Unisim Transformation Summary:
  A total of 2100 instances were transformed.
  DSP48E2 => DSP48E2 (DSP_ALU, DSP_A_B_DATA, DSP_C_DATA, DSP_MULTIPLIER, DSP_M_DATA, DSP_OUTPUT, DSP_PREADD, DSP_PREADD_DATA): 1824 instances
  IBUF => IBUF (IBUFCTRL, INBUF): 276 instances

INFO: [Project 1-604] Checkpoint was created with Vivado v2021.1 (64-bit) build 3247384
open_checkpoint: Time (s): cpu = 00:01:38 ; elapsed = 00:01:55 . Memory (MB): peak = 4343.750 ; gain = 2233.008 ; free physical = 4235 ; free virtual = 22900
# set_param place.timingDriven false
# place_design  -macro_placement macroplacement.pl -verbose
Command: place_design -macro_placement macroplacement.pl -verbose
Attempting to get a license for feature 'Implementation' and/or device 'xcvu3p'
INFO: [Common 17-349] Got license for feature 'Implementation' and/or device 'xcvu3p'
INFO: [Timing 38-35] Done setting XDC timing constraints.
INFO: [DRC 23-27] Running DRC with 8 threads
INFO: [Vivado_Tcl 4-198] DRC finished with 0 Errors
INFO: [Vivado_Tcl 4-199] Please refer to the DRC report (report_drc) for more information.
Running DRC as a precondition to command place_design
INFO: [DRC 23-27] Running DRC with 8 threads
INFO: [Vivado_Tcl 4-198] DRC finished with 0 Errors
INFO: [Vivado_Tcl 4-199] Please refer to the DRC report (report_drc) for more information.

Starting Placer Task
INFO: [Place 30-611] Multithreading enabled for place_design using a maximum of 8 CPUs

Phase 1 Placer Initialization

Phase 1.1 Placer Initialization Netlist Sorting
Netlist sorting complete. Time (s): cpu = 00:00:00.06 ; elapsed = 00:00:00.06 . Memory (MB): peak = 6708.750 ; gain = 0.000 ; free physical = 1886 ; free virtual = 20552
Phase 1.1 Placer Initialization Netlist Sorting | Checksum: d7341d87

Time (s): cpu = 00:00:00.15 ; elapsed = 00:00:00.16 . Memory (MB): peak = 6708.750 ; gain = 0.000 ; free physical = 1886 ; free virtual = 20552
Netlist sorting complete. Time (s): cpu = 00:00:00.05 ; elapsed = 00:00:00.06 . Memory (MB): peak = 6708.750 ; gain = 0.000 ; free physical = 1898 ; free virtual = 20563

Phase 1.2 IO Placement/ Clock Placement/ Build Placer Device
Phase 1.2 IO Placement/ Clock Placement/ Build Placer Device | Checksum: 15e3d78a8

Time (s): cpu = 00:01:42 ; elapsed = 00:01:32 . Memory (MB): peak = 6774.621 ; gain = 65.871 ; free physical = 1828 ; free virtual = 20494

Phase 1.3 Build Placer Netlist Model
Phase 1.3 Build Placer Netlist Model | Checksum: 23da6ff4c

Time (s): cpu = 00:02:04 ; elapsed = 00:01:56 . Memory (MB): peak = 7257.809 ; gain = 549.059 ; free physical = 1393 ; free virtual = 20059

Phase 1.4 Constrain Clocks/Macros
Phase 1.4 Constrain Clocks/Macros | Checksum: 23da6ff4c

Time (s): cpu = 00:02:05 ; elapsed = 00:01:57 . Memory (MB): peak = 7257.809 ; gain = 549.059 ; free physical = 1389 ; free virtual = 20055
Phase 1 Placer Initialization | Checksum: 23da6ff4c

Time (s): cpu = 00:02:05 ; elapsed = 00:01:58 . Memory (MB): peak = 7257.809 ; gain = 549.059 ; free physical = 1352 ; free virtual = 20018

Phase 2 Global Placement

Phase 2.1 Floorplanning

Phase 2.1.1 Partition Driven Placement

Phase 2.1.1.1 PBP: Partition Driven Placement
Phase 2.1.1.1 PBP: Partition Driven Placement | Checksum: 24a687a7e

Time (s): cpu = 00:10:36 ; elapsed = 00:05:38 . Memory (MB): peak = 8110.957 ; gain = 1402.207 ; free physical = 765 ; free virtual = 19441

Phase 2.1.1.2 PBP: Clock Region Placement
Phase 2.1.1.2 PBP: Clock Region Placement | Checksum: 149b03f23

Time (s): cpu = 00:11:01 ; elapsed = 00:06:04 . Memory (MB): peak = 8110.957 ; gain = 1402.207 ; free physical = 678 ; free virtual = 19354

Phase 2.1.1.3 PBP: Discrete Incremental
Phase 2.1.1.3 PBP: Discrete Incremental | Checksum: 15158c720

Time (s): cpu = 00:11:08 ; elapsed = 00:06:11 . Memory (MB): peak = 8110.957 ; gain = 1402.207 ; free physical = 664 ; free virtual = 19340

Phase 2.1.1.4 PBP: Compute Congestion
Phase 2.1.1.4 PBP: Compute Congestion | Checksum: 15158c720

Time (s): cpu = 00:11:14 ; elapsed = 00:06:15 . Memory (MB): peak = 8142.973 ; gain = 1434.223 ; free physical = 632 ; free virtual = 19308

Phase 2.1.1.5 PBP: Macro Placement
Phase 2.1.1.5 PBP: Macro Placement | Checksum: 11fa9d3f6

Time (s): cpu = 00:11:36 ; elapsed = 00:06:37 . Memory (MB): peak = 8142.973 ; gain = 1434.223 ; free physical = 459 ; free virtual = 19135

Phase 2.1.1.6 PBP: Add part constraints
Phase 2.1.1.6 PBP: Add part constraints | Checksum: 11fa9d3f6

Time (s): cpu = 00:11:40 ; elapsed = 00:06:41 . Memory (MB): peak = 8142.973 ; gain = 1434.223 ; free physical = 353 ; free virtual = 19029
Phase 2.1.1 Partition Driven Placement | Checksum: 11fa9d3f6

Time (s): cpu = 00:11:42 ; elapsed = 00:06:43 . Memory (MB): peak = 8142.973 ; gain = 1434.223 ; free physical = 687 ; free virtual = 19363
Phase 2.1 Floorplanning | Checksum: 11fa9d3f6

Time (s): cpu = 00:11:43 ; elapsed = 00:06:45 . Memory (MB): peak = 8142.973 ; gain = 1434.223 ; free physical = 687 ; free virtual = 19363

Phase 2.2 Update Timing before SLR Path Opt
Phase 2.2 Update Timing before SLR Path Opt | Checksum: 11fa9d3f6

Time (s): cpu = 00:11:45 ; elapsed = 00:06:46 . Memory (MB): peak = 8142.973 ; gain = 1434.223 ; free physical = 687 ; free virtual = 19363

Phase 2.3 Post-Processing in Floorplanning
Phase 2.3 Post-Processing in Floorplanning | Checksum: 11fa9d3f6

Time (s): cpu = 00:11:46 ; elapsed = 00:06:47 . Memory (MB): peak = 8142.973 ; gain = 1434.223 ; free physical = 687 ; free virtual = 19363
INFO: [Place 30-2096]  
INFO: [Place 30-950] Reading placement information from file: macroplacement.pl.
INFO: [Place 30-949] Number of instances to place 2320.
CRITICAL WARNING: [Place 30-943] Failed to place instances in site 'DSP48E2_X0Y61'. DSP_config_DSP_inst426_inst_vvv/my_dsp/DSP_ALU_INST placed on site DSP48E2_X0Y61 rpm (96, 313)  tile (59, 154) DSP_X1Y150 is outside its area constraints.
. The instances in this site are: my_dsp, .
CRITICAL WARNING: [Place 30-943] Failed to place instances in site 'DSP48E2_X0Y62'. DSP_config_DSP_inst426_inst_vvs/my_dsp/DSP_ALU_INST placed on site DSP48E2_X0Y62 rpm (96, 322)  tile (59, 149) DSP_X1Y155 is outside its area constraints.
. The instances in this site are: my_dsp, .
CRITICAL WARNING: [Place 30-943] Failed to place instances in site 'DSP48E2_X0Y63'. DSP_config_DSP_inst426_inst_vvo/my_dsp/DSP_ALU_INST placed on site DSP48E2_X0Y63 rpm (96, 323)  tile (59, 149) DSP_X1Y155 is outside its area constraints.
. The instances in this site are: my_dsp, .
CRITICAL WARNING: [Place 30-943] Failed to place instances in site 'DSP48E2_X0Y65'. DSP_config_DSP_inst426_inst_vvl/my_dsp/DSP_ALU_INST placed on site DSP48E2_X0Y65 rpm (96, 333)  tile (59, 144) DSP_X1Y160 is outside its area constraints.
. The instances in this site are: my_dsp, .
CRITICAL WARNING: [Place 30-943] Failed to place instances in site 'DSP48E2_X0Y66'. DSP_config_DSP_inst426_inst_vvh/my_dsp/DSP_ALU_INST placed on site DSP48E2_X0Y66 rpm (96, 342)  tile (59, 139) DSP_X1Y165 is outside its area constraints.
. The instances in this site are: my_dsp, .
CRITICAL WARNING: [Place 30-943] Failed to place instances in site 'DSP48E2_X0Y67'. DSP_config_DSP_inst426_inst_vvf/my_dsp/DSP_ALU_INST placed on site DSP48E2_X0Y67 rpm (96, 343)  tile (59, 139) DSP_X1Y165 is outside its area constraints.
. The instances in this site are: my_dsp, .
CRITICAL WARNING: [Place 30-943] Failed to place instances in site 'DSP48E2_X0Y68'. DSP_config_DSP_inst426_inst_vve/my_dsp/DSP_ALU_INST placed on site DSP48E2_X0Y68 rpm (96, 352)  tile (59, 134) DSP_X1Y170 is outside its area constraints.
. The instances in this site are: my_dsp, .
CRITICAL WARNING: [Place 30-943] Failed to place instances in site 'DSP48E2_X11Y13'. DSP_config_DSP_inst426_inst_bll/my_dsp/DSP_ALU_INST placed on site DSP48E2_X11Y13 rpm (2152, 65)  tile (362, 278) DSP_X59Y30 is outside its area constraints.
. The instances in this site are: my_dsp, .
CRITICAL WARNING: [Place 30-943] Failed to place instances in site 'DSP48E2_X11Y24'. DSP_config_DSP_inst426_inst_blh/my_dsp/DSP_ALU_INST placed on site DSP48E2_X11Y24 rpm (2152, 126)  tile (362, 247) DSP_X59Y60 is outside its area constraints.
. The instances in this site are: my_dsp, .
CRITICAL WARNING: [Place 30-943] Failed to place instances in site 'DSP48E2_X11Y35'. DSP_config_DSP_inst426_inst_blf/my_dsp/DSP_ALU_INST placed on site DSP48E2_X11Y35 rpm (2152, 177)  tile (362, 222) DSP_X59Y85 is outside its area constraints.
. The instances in this site are: my_dsp, .
CRITICAL WARNING: [Place 30-943] Failed to place instances in site 'DSP48E2_X11Y46'. DSP_config_DSP_inst426_inst_ble/my_dsp/DSP_ALU_INST placed on site DSP48E2_X11Y46 rpm (2152, 238)  tile (362, 191) DSP_X59Y115 is outside its area constraints.
. The instances in this site are: my_dsp, .
CRITICAL WARNING: [Place 30-943] Failed to place instances in site 'DSP48E2_X11Y57'. DSP_config_DSP_inst426_inst_blb/my_dsp/DSP_ALU_INST placed on site DSP48E2_X11Y57 rpm (2152, 291)  tile (362, 165) DSP_X59Y140 is outside its area constraints.
. The instances in this site are: my_dsp, .
CRITICAL WARNING: [Place 30-943] Failed to place instances in site 'DSP48E2_X11Y6'. DSP_config_DSP_inst426_inst_blm/my_dsp/DSP_ALU_INST placed on site DSP48E2_X11Y6 rpm (2152, 32)  tile (362, 294) DSP_X59Y15 is outside its area constraints.
. The instances in this site are: my_dsp, .
CRITICAL WARNING: [Place 30-943] Failed to place instances in site 'DSP48E2_X13Y51'. DSP_config_DSP_inst426_inst_bez/my_dsp/DSP_ALU_INST placed on site DSP48E2_X13Y51 rpm (2496, 261)  tile (405, 180) DSP_X69Y125 is outside its area constraints.
. The instances in this site are: my_dsp, .
CRITICAL WARNING: [Place 30-943] Failed to place instances in site 'DSP48E2_X13Y62'. DSP_config_DSP_inst426_inst_bev/my_dsp/DSP_ALU_INST placed on site DSP48E2_X13Y62 rpm (2496, 322)  tile (405, 149) DSP_X69Y155 is outside its area constraints.
. The instances in this site are: my_dsp, .
CRITICAL WARNING: [Place 30-943] Failed to place instances in site 'DSP48E2_X14Y19'. DSP_config_DSP_inst426_inst_bee/my_dsp/DSP_ALU_INST placed on site DSP48E2_X14Y19 rpm (2728, 95)  tile (480, 263) DSP_X75Y45 is outside its area constraints.
. The instances in this site are: my_dsp, .
CRITICAL WARNING: [Place 30-943] Failed to place instances in site 'DSP48E2_X14Y30'. DSP_config_DSP_inst426_inst_beb/my_dsp/DSP_ALU_INST placed on site DSP48E2_X14Y30 rpm (2728, 156)  tile (480, 232) DSP_X75Y75 is outside its area constraints.
. The instances in this site are: my_dsp, .
CRITICAL WARNING: [Place 30-943] Failed to place instances in site 'DSP48E2_X14Y8'. DSP_config_DSP_inst426_inst_bef/my_dsp/DSP_ALU_INST placed on site DSP48E2_X14Y8 rpm (2728, 42)  tile (480, 289) DSP_X75Y20 is outside its area constraints.
. The instances in this site are: my_dsp, .
CRITICAL WARNING: [Place 30-943] Failed to place instances in site 'DSP48E2_X1Y100'. DSP_config_DSP_inst426_inst_sll/my_dsp/DSP_ALU_INST placed on site DSP48E2_X1Y100 rpm (472, 518)  tile (106, 51) DSP_X11Y250 is outside its area constraints.
. The instances in this site are: my_dsp, .
CRITICAL WARNING: [Place 30-943] Failed to place instances in site 'DSP48E2_X1Y101'. DSP_config_DSP_inst426_inst_slh/my_dsp/DSP_ALU_INST placed on site DSP48E2_X1Y101 rpm (472, 519)  tile (106, 51) DSP_X11Y250 is outside its area constraints.
. The instances in this site are: my_dsp, .
CRITICAL WARNING: [Place 30-943] Failed to place instances in site 'DSP48E2_X1Y102'. DSP_config_DSP_inst426_inst_slf/my_dsp/DSP_ALU_INST placed on site DSP48E2_X1Y102 rpm (472, 528)  tile (106, 46) DSP_X11Y255 is outside its area constraints.
. The instances in this site are: my_dsp, .
CRITICAL WARNING: [Place 30-943] Failed to place instances in site 'DSP48E2_X1Y103'. DSP_config_DSP_inst426_inst_sle/my_dsp/DSP_ALU_INST placed on site DSP48E2_X1Y103 rpm (472, 529)  tile (106, 46) DSP_X11Y255 is outside its area constraints.
. The instances in this site are: my_dsp, .
CRITICAL WARNING: [Place 30-943] Failed to place instances in site 'DSP48E2_X1Y104'. DSP_config_DSP_inst426_inst_slb/my_dsp/DSP_ALU_INST placed on site DSP48E2_X1Y104 rpm (472, 538)  tile (106, 41) DSP_X11Y260 is outside its area constraints.
. The instances in this site are: my_dsp, .
CRITICAL WARNING: [Place 30-943] Failed to place instances in site 'DSP48E2_X1Y106'. DSP_config_DSP_inst426_inst_shz/my_dsp/DSP_ALU_INST placed on site DSP48E2_X1Y106 rpm (472, 548)  tile (106, 36) DSP_X11Y265 is outside its area constraints.
. The instances in this site are: my_dsp, .
CRITICAL WARNING: [Place 30-943] Failed to place instances in site 'DSP48E2_X1Y107'. DSP_config_DSP_inst426_inst_shv/my_dsp/DSP_ALU_INST placed on site DSP48E2_X1Y107 rpm (472, 549)  tile (106, 36) DSP_X11Y265 is outside its area constraints.
. The instances in this site are: my_dsp, .
CRITICAL WARNING: [Place 30-943] Failed to place instances in site 'DSP48E2_X1Y108'. DSP_config_DSP_inst426_inst_shs/my_dsp/DSP_ALU_INST placed on site DSP48E2_X1Y108 rpm (472, 560)  tile (106, 30) DSP_X11Y270 is outside its area constraints.
. The instances in this site are: my_dsp, .
CRITICAL WARNING: [Place 30-943] Failed to place instances in site 'DSP48E2_X1Y109'. DSP_config_DSP_inst426_inst_sho/my_dsp/DSP_ALU_INST placed on site DSP48E2_X1Y109 rpm (472, 561)  tile (106, 30) DSP_X11Y270 is outside its area constraints.
. The instances in this site are: my_dsp, .
CRITICAL WARNING: [Place 30-943] Failed to place instances in site 'DSP48E2_X1Y110'. DSP_config_DSP_inst426_inst_shm/my_dsp/DSP_ALU_INST placed on site DSP48E2_X1Y110 rpm (472, 570)  tile (106, 25) DSP_X11Y275 is outside its area constraints.
. The instances in this site are: my_dsp, .
CRITICAL WARNING: [Place 30-943] Failed to place instances in site 'DSP48E2_X1Y111'. DSP_config_DSP_inst426_inst_shl/my_dsp/DSP_ALU_INST placed on site DSP48E2_X1Y111 rpm (472, 571)  tile (106, 25) DSP_X11Y275 is outside its area constraints.
. The instances in this site are: my_dsp, .
CRITICAL WARNING: [Place 30-943] Failed to place instances in site 'DSP48E2_X1Y112'. DSP_config_DSP_inst426_inst_shh/my_dsp/DSP_ALU_INST placed on site DSP48E2_X1Y112 rpm (472, 580)  tile (106, 20) DSP_X11Y280 is outside its area constraints.
. The instances in this site are: my_dsp, .
CRITICAL WARNING: [Place 30-943] Failed to place instances in site 'DSP48E2_X1Y113'. DSP_config_DSP_inst426_inst_shf/my_dsp/DSP_ALU_INST placed on site DSP48E2_X1Y113 rpm (472, 581)  tile (106, 20) DSP_X11Y280 is outside its area constraints.
. The instances in this site are: my_dsp, .
CRITICAL WARNING: [Place 30-943] Failed to place instances in site 'DSP48E2_X1Y114'. DSP_config_DSP_inst426_inst_she/my_dsp/DSP_ALU_INST placed on site DSP48E2_X1Y114 rpm (472, 590)  tile (106, 15) DSP_X11Y285 is outside its area constraints.
. The instances in this site are: my_dsp, .
CRITICAL WARNING: [Place 30-943] Failed to place instances in site 'DSP48E2_X1Y115'. DSP_config_DSP_inst426_inst_shb/my_dsp/DSP_ALU_INST placed on site DSP48E2_X1Y115 rpm (472, 591)  tile (106, 15) DSP_X11Y285 is outside its area constraints.
. The instances in this site are: my_dsp, .
CRITICAL WARNING: [Place 30-943] Failed to place instances in site 'DSP48E2_X1Y118'. DSP_config_DSP_inst426_inst_sfv/my_dsp/DSP_ALU_INST placed on site DSP48E2_X1Y118 rpm (472, 610)  tile (106, 5) DSP_X11Y295 is outside its area constraints.
. The instances in this site are: my_dsp, .
CRITICAL WARNING: [Place 30-943] Failed to place instances in site 'DSP48E2_X1Y119'. DSP_config_DSP_inst426_inst_sfs/my_dsp/DSP_ALU_INST placed on site DSP48E2_X1Y119 rpm (472, 611)  tile (106, 5) DSP_X11Y295 is outside its area constraints.
. The instances in this site are: my_dsp, .
CRITICAL WARNING: [Place 30-943] Failed to place instances in site 'DSP48E2_X1Y73'. DSP_config_DSP_inst426_inst_soz/my_dsp/DSP_ALU_INST placed on site DSP48E2_X1Y73 rpm (472, 375)  tile (106, 123) DSP_X11Y180 is outside its area constraints.
. The instances in this site are: my_dsp, .
CRITICAL WARNING: [Place 30-943] Failed to place instances in site 'DSP48E2_X1Y74'. DSP_config_DSP_inst426_inst_sov/my_dsp/DSP_ALU_INST placed on site DSP48E2_X1Y74 rpm (472, 384)  tile (106, 118) DSP_X11Y185 is outside its area constraints.
. The instances in this site are: my_dsp, .
CRITICAL WARNING: [Place 30-943] Failed to place instances in site 'DSP48E2_X1Y75'. DSP_config_DSP_inst426_inst_sos/my_dsp/DSP_ALU_INST placed on site DSP48E2_X1Y75 rpm (472, 385)  tile (106, 118) DSP_X11Y185 is outside its area constraints.
. The instances in this site are: my_dsp, .
CRITICAL WARNING: [Place 30-943] Failed to place instances in site 'DSP48E2_X1Y76'. DSP_config_DSP_inst426_inst_soo/my_dsp/DSP_ALU_INST placed on site DSP48E2_X1Y76 rpm (472, 394)  tile (106, 113) DSP_X11Y190 is outside its area constraints.
. The instances in this site are: my_dsp, .
CRITICAL WARNING: [Place 30-943] Failed to place instances in site 'DSP48E2_X1Y77'. DSP_config_DSP_inst426_inst_som/my_dsp/DSP_ALU_INST placed on site DSP48E2_X1Y77 rpm (472, 395)  tile (106, 113) DSP_X11Y190 is outside its area constraints.
. The instances in this site are: my_dsp, .
CRITICAL WARNING: [Place 30-943] Failed to place instances in site 'DSP48E2_X1Y78'. DSP_config_DSP_inst426_inst_sol/my_dsp/DSP_ALU_INST placed on site DSP48E2_X1Y78 rpm (472, 404)  tile (106, 108) DSP_X11Y195 is outside its area constraints.
. The instances in this site are: my_dsp, .
CRITICAL WARNING: [Place 30-943] Failed to place instances in site 'DSP48E2_X1Y79'. DSP_config_DSP_inst426_inst_soh/my_dsp/DSP_ALU_INST placed on site DSP48E2_X1Y79 rpm (472, 405)  tile (106, 108) DSP_X11Y195 is outside its area constraints.
. The instances in this site are: my_dsp, .
CRITICAL WARNING: [Place 30-943] Failed to place instances in site 'DSP48E2_X1Y80'. DSP_config_DSP_inst426_inst_sof/my_dsp/DSP_ALU_INST placed on site DSP48E2_X1Y80 rpm (472, 414)  tile (106, 103) DSP_X11Y200 is outside its area constraints.
. The instances in this site are: my_dsp, .
CRITICAL WARNING: [Place 30-943] Failed to place instances in site 'DSP48E2_X1Y81'. DSP_config_DSP_inst426_inst_soe/my_dsp/DSP_ALU_INST placed on site DSP48E2_X1Y81 rpm (472, 415)  tile (106, 103) DSP_X11Y200 is outside its area constraints.
. The instances in this site are: my_dsp, .
CRITICAL WARNING: [Place 30-943] Failed to place instances in site 'DSP48E2_X1Y82'. DSP_config_DSP_inst426_inst_sob/my_dsp/DSP_ALU_INST placed on site DSP48E2_X1Y82 rpm (472, 424)  tile (106, 98) DSP_X11Y205 is outside its area constraints.
. The instances in this site are: my_dsp, .
CRITICAL WARNING: [Place 30-943] Failed to place instances in site 'DSP48E2_X1Y95'. DSP_config_DSP_inst426_inst_slz/my_dsp/DSP_ALU_INST placed on site DSP48E2_X1Y95 rpm (472, 487)  tile (106, 67) DSP_X11Y235 is outside its area constraints.
. The instances in this site are: my_dsp, .
CRITICAL WARNING: [Place 30-943] Failed to place instances in site 'DSP48E2_X1Y96'. DSP_config_DSP_inst426_inst_slv/my_dsp/DSP_ALU_INST placed on site DSP48E2_X1Y96 rpm (472, 498)  tile (106, 61) DSP_X11Y240 is outside its area constraints.
. The instances in this site are: my_dsp, .
CRITICAL WARNING: [Place 30-943] Failed to place instances in site 'DSP48E2_X1Y97'. DSP_config_DSP_inst426_inst_sls/my_dsp/DSP_ALU_INST placed on site DSP48E2_X1Y97 rpm (472, 499)  tile (106, 61) DSP_X11Y240 is outside its area constraints.
. The instances in this site are: my_dsp, .
CRITICAL WARNING: [Place 30-943] Failed to place instances in site 'DSP48E2_X1Y98'. DSP_config_DSP_inst426_inst_slo/my_dsp/DSP_ALU_INST placed on site DSP48E2_X1Y98 rpm (472, 508)  tile (106, 56) DSP_X11Y245 is outside its area constraints.
. The instances in this site are: my_dsp, .
CRITICAL WARNING: [Place 30-943] Failed to place instances in site 'DSP48E2_X1Y99'. DSP_config_DSP_inst426_inst_slm/my_dsp/DSP_ALU_INST placed on site DSP48E2_X1Y99 rpm (472, 509)  tile (106, 56) DSP_X11Y245 is outside its area constraints.
. The instances in this site are: my_dsp, .
CRITICAL WARNING: [Place 30-943] Failed to place instances in site 'DSP48E2_X2Y31'. DSP_config_DSP_inst426_inst_ozz/my_dsp/DSP_ALU_INST placed on site DSP48E2_X2Y31 rpm (576, 157)  tile (119, 232) DSP_X14Y75 is outside its area constraints.
. The instances in this site are: my_dsp, .
CRITICAL WARNING: [Place 30-943] Failed to place instances in site 'DSP48E2_X2Y32'. DSP_config_DSP_inst426_inst_ozv/my_dsp/DSP_ALU_INST placed on site DSP48E2_X2Y32 rpm (576, 166)  tile (119, 227) DSP_X14Y80 is outside its area constraints.
. The instances in this site are: my_dsp, .
CRITICAL WARNING: [Place 30-943] Failed to place instances in site 'DSP48E2_X2Y33'. DSP_config_DSP_inst426_inst_ozs/my_dsp/DSP_ALU_INST placed on site DSP48E2_X2Y33 rpm (576, 167)  tile (119, 227) DSP_X14Y80 is outside its area constraints.
. The instances in this site are: my_dsp, .
CRITICAL WARNING: [Place 30-943] Failed to place instances in site 'DSP48E2_X2Y34'. DSP_config_DSP_inst426_inst_ozo/my_dsp/DSP_ALU_INST placed on site DSP48E2_X2Y34 rpm (576, 176)  tile (119, 222) DSP_X14Y85 is outside its area constraints.
. The instances in this site are: my_dsp, .
CRITICAL WARNING: [Place 30-943] Failed to place instances in site 'DSP48E2_X2Y35'. DSP_config_DSP_inst426_inst_ozm/my_dsp/DSP_ALU_INST placed on site DSP48E2_X2Y35 rpm (576, 177)  tile (119, 222) DSP_X14Y85 is outside its area constraints.
. The instances in this site are: my_dsp, .
CRITICAL WARNING: [Place 30-943] Failed to place instances in site 'DSP48E2_X2Y36'. DSP_config_DSP_inst426_inst_ozl/my_dsp/DSP_ALU_INST placed on site DSP48E2_X2Y36 rpm (576, 188)  tile (119, 216) DSP_X14Y90 is outside its area constraints.
. The instances in this site are: my_dsp, .
CRITICAL WARNING: [Place 30-943] Failed to place instances in site 'DSP48E2_X2Y37'. DSP_config_DSP_inst426_inst_ozh/my_dsp/DSP_ALU_INST placed on site DSP48E2_X2Y37 rpm (576, 189)  tile (119, 216) DSP_X14Y90 is outside its area constraints.
. The instances in this site are: my_dsp, .
CRITICAL WARNING: [Place 30-943] Failed to place instances in site 'DSP48E2_X2Y38'. DSP_config_DSP_inst426_inst_ozf/my_dsp/DSP_ALU_INST placed on site DSP48E2_X2Y38 rpm (576, 198)  tile (119, 211) DSP_X14Y95 is outside its area constraints.
. The instances in this site are: my_dsp, .
CRITICAL WARNING: [Place 30-943] Failed to place instances in site 'DSP48E2_X2Y39'. DSP_config_DSP_inst426_inst_oze/my_dsp/DSP_ALU_INST placed on site DSP48E2_X2Y39 rpm (576, 199)  tile (119, 211) DSP_X14Y95 is outside its area constraints.
. The instances in this site are: my_dsp, .
CRITICAL WARNING: [Place 30-943] Failed to place instances in site 'DSP48E2_X2Y40'. DSP_config_DSP_inst426_inst_ozb/my_dsp/DSP_ALU_INST placed on site DSP48E2_X2Y40 rpm (576, 208)  tile (119, 206) DSP_X14Y100 is outside its area constraints.
. The instances in this site are: my_dsp, .
CRITICAL WARNING: [Place 30-943] Failed to place instances in site 'DSP48E2_X3Y10'. DSP_config_DSP_inst426_inst_obz/my_dsp/DSP_ALU_INST placed on site DSP48E2_X3Y10 rpm (648, 52)  tile (128, 284) DSP_X16Y25 is outside its area constraints.
. The instances in this site are: my_dsp, .
CRITICAL WARNING: [Place 30-943] Failed to place instances in site 'DSP48E2_X3Y11'. DSP_config_DSP_inst426_inst_obv/my_dsp/DSP_ALU_INST placed on site DSP48E2_X3Y11 rpm (648, 53)  tile (128, 284) DSP_X16Y25 is outside its area constraints.
. The instances in this site are: my_dsp, .
CRITICAL WARNING: [Place 30-943] Failed to place instances in site 'DSP48E2_X3Y12'. DSP_config_DSP_inst426_inst_obs/my_dsp/DSP_ALU_INST placed on site DSP48E2_X3Y12 rpm (648, 64)  tile (128, 278) DSP_X16Y30 is outside its area constraints.
. The instances in this site are: my_dsp, .
CRITICAL WARNING: [Place 30-943] Failed to place instances in site 'DSP48E2_X3Y13'. DSP_config_DSP_inst426_inst_obo/my_dsp/DSP_ALU_INST placed on site DSP48E2_X3Y13 rpm (648, 65)  tile (128, 278) DSP_X16Y30 is outside its area constraints.
. The instances in this site are: my_dsp, .
CRITICAL WARNING: [Place 30-943] Failed to place instances in site 'DSP48E2_X3Y14'. DSP_config_DSP_inst426_inst_obm/my_dsp/DSP_ALU_INST placed on site DSP48E2_X3Y14 rpm (648, 74)  tile (128, 273) DSP_X16Y35 is outside its area constraints.
. The instances in this site are: my_dsp, .
CRITICAL WARNING: [Place 30-943] Failed to place instances in site 'DSP48E2_X3Y15'. DSP_config_DSP_inst426_inst_obl/my_dsp/DSP_ALU_INST placed on site DSP48E2_X3Y15 rpm (648, 75)  tile (128, 273) DSP_X16Y35 is outside its area constraints.
. The instances in this site are: my_dsp, .
CRITICAL WARNING: [Place 30-943] Failed to place instances in site 'DSP48E2_X3Y16'. DSP_config_DSP_inst426_inst_obh/my_dsp/DSP_ALU_INST placed on site DSP48E2_X3Y16 rpm (648, 84)  tile (128, 268) DSP_X16Y40 is outside its area constraints.
. The instances in this site are: my_dsp, .
CRITICAL WARNING: [Place 30-943] Failed to place instances in site 'DSP48E2_X3Y17'. DSP_config_DSP_inst426_inst_obf/my_dsp/DSP_ALU_INST placed on site DSP48E2_X3Y17 rpm (648, 85)  tile (128, 268) DSP_X16Y40 is outside its area constraints.
. The instances in this site are: my_dsp, .
CRITICAL WARNING: [Place 30-943] Failed to place instances in site 'DSP48E2_X3Y18'. DSP_config_DSP_inst426_inst_obe/my_dsp/DSP_ALU_INST placed on site DSP48E2_X3Y18 rpm (648, 94)  tile (128, 263) DSP_X16Y45 is outside its area constraints.
. The instances in this site are: my_dsp, .
CRITICAL WARNING: [Place 30-943] Failed to place instances in site 'DSP48E2_X3Y19'. DSP_config_DSP_inst426_inst_obb/my_dsp/DSP_ALU_INST placed on site DSP48E2_X3Y19 rpm (648, 95)  tile (128, 263) DSP_X16Y45 is outside its area constraints.
. The instances in this site are: my_dsp, .
CRITICAL WARNING: [Place 30-943] Failed to place instances in site 'DSP48E2_X3Y22'. DSP_config_DSP_inst426_inst_mzz/my_dsp/DSP_ALU_INST placed on site DSP48E2_X3Y22 rpm (648, 114)  tile (128, 253) DSP_X16Y55 is outside its area constraints.
. The instances in this site are: my_dsp, .
CRITICAL WARNING: [Place 30-943] Failed to place instances in site 'DSP48E2_X3Y23'. DSP_config_DSP_inst426_inst_mzv/my_dsp/DSP_ALU_INST placed on site DSP48E2_X3Y23 rpm (648, 115)  tile (128, 253) DSP_X16Y55 is outside its area constraints.
. The instances in this site are: my_dsp, .
CRITICAL WARNING: [Place 30-943] Failed to place instances in site 'DSP48E2_X3Y24'. DSP_config_DSP_inst426_inst_mzs/my_dsp/DSP_ALU_INST placed on site DSP48E2_X3Y24 rpm (648, 126)  tile (128, 247) DSP_X16Y60 is outside its area constraints.
. The instances in this site are: my_dsp, .
CRITICAL WARNING: [Place 30-943] Failed to place instances in site 'DSP48E2_X3Y25'. DSP_config_DSP_inst426_inst_mzo/my_dsp/DSP_ALU_INST placed on site DSP48E2_X3Y25 rpm (648, 127)  tile (128, 247) DSP_X16Y60 is outside its area constraints.
. The instances in this site are: my_dsp, .
CRITICAL WARNING: [Place 30-943] Failed to place instances in site 'DSP48E2_X3Y26'. DSP_config_DSP_inst426_inst_mzm/my_dsp/DSP_ALU_INST placed on site DSP48E2_X3Y26 rpm (648, 136)  tile (128, 242) DSP_X16Y65 is outside its area constraints.
. The instances in this site are: my_dsp, .
CRITICAL WARNING: [Place 30-943] Failed to place instances in site 'DSP48E2_X3Y27'. DSP_config_DSP_inst426_inst_mzl/my_dsp/DSP_ALU_INST placed on site DSP48E2_X3Y27 rpm (648, 137)  tile (128, 242) DSP_X16Y65 is outside its area constraints.
. The instances in this site are: my_dsp, .
CRITICAL WARNING: [Place 30-943] Failed to place instances in site 'DSP48E2_X3Y28'. DSP_config_DSP_inst426_inst_mzh/my_dsp/DSP_ALU_INST placed on site DSP48E2_X3Y28 rpm (648, 146)  tile (128, 237) DSP_X16Y70 is outside its area constraints.
. The instances in this site are: my_dsp, .
CRITICAL WARNING: [Place 30-943] Failed to place instances in site 'DSP48E2_X3Y29'. DSP_config_DSP_inst426_inst_mzf/my_dsp/DSP_ALU_INST placed on site DSP48E2_X3Y29 rpm (648, 147)  tile (128, 237) DSP_X16Y70 is outside its area constraints.
. The instances in this site are: my_dsp, .
CRITICAL WARNING: [Place 30-943] Failed to place instances in site 'DSP48E2_X3Y30'. DSP_config_DSP_inst426_inst_mze/my_dsp/DSP_ALU_INST placed on site DSP48E2_X3Y30 rpm (648, 156)  tile (128, 232) DSP_X16Y75 is outside its area constraints.
. The instances in this site are: my_dsp, .
CRITICAL WARNING: [Place 30-943] Failed to place instances in site 'DSP48E2_X3Y31'. DSP_config_DSP_inst426_inst_mzb/my_dsp/DSP_ALU_INST placed on site DSP48E2_X3Y31 rpm (648, 157)  tile (128, 232) DSP_X16Y75 is outside its area constraints.
. The instances in this site are: my_dsp, .
CRITICAL WARNING: [Place 30-943] Failed to place instances in site 'DSP48E2_X3Y66'. DSP_config_DSP_inst426_inst_mmz/my_dsp/DSP_ALU_INST placed on site DSP48E2_X3Y66 rpm (648, 342)  tile (128, 139) DSP_X16Y165 is outside its area constraints.
. The instances in this site are: my_dsp, .
CRITICAL WARNING: [Place 30-943] Failed to place instances in site 'DSP48E2_X3Y69'. DSP_config_DSP_inst426_inst_mmo/my_dsp/DSP_ALU_INST placed on site DSP48E2_X3Y69 rpm (648, 353)  tile (128, 134) DSP_X16Y170 is outside its area constraints.
. The instances in this site are: my_dsp, .
CRITICAL WARNING: [Place 30-943] Failed to place instances in site 'DSP48E2_X3Y70'. DSP_config_DSP_inst426_inst_mmm/my_dsp/DSP_ALU_INST placed on site DSP48E2_X3Y70 rpm (648, 362)  tile (128, 129) DSP_X16Y175 is outside its area constraints.
. The instances in this site are: my_dsp, .
CRITICAL WARNING: [Place 30-943] Failed to place instances in site 'DSP48E2_X3Y71'. DSP_config_DSP_inst426_inst_mml/my_dsp/DSP_ALU_INST placed on site DSP48E2_X3Y71 rpm (648, 363)  tile (128, 129) DSP_X16Y175 is outside its area constraints.
. The instances in this site are: my_dsp, .
CRITICAL WARNING: [Place 30-943] Failed to place instances in site 'DSP48E2_X4Y1'. DSP_config_DSP_inst426_inst_mbz/my_dsp/DSP_ALU_INST placed on site DSP48E2_X4Y1 rpm (792, 3)  tile (146, 309) DSP_X20Y0 is outside its area constraints.
. The instances in this site are: my_dsp, .
CRITICAL WARNING: [Place 30-943] Failed to place instances in site 'DSP48E2_X4Y10'. DSP_config_DSP_inst426_inst_mbb/my_dsp/DSP_ALU_INST placed on site DSP48E2_X4Y10 rpm (792, 52)  tile (146, 284) DSP_X20Y25 is outside its area constraints.
. The instances in this site are: my_dsp, .
CRITICAL WARNING: [Place 30-943] Failed to place instances in site 'DSP48E2_X4Y2'. DSP_config_DSP_inst426_inst_mbv/my_dsp/DSP_ALU_INST placed on site DSP48E2_X4Y2 rpm (792, 12)  tile (146, 304) DSP_X20Y5 is outside its area constraints.
. The instances in this site are: my_dsp, .
CRITICAL WARNING: [Place 30-943] Failed to place instances in site 'DSP48E2_X4Y3'. DSP_config_DSP_inst426_inst_mbs/my_dsp/DSP_ALU_INST placed on site DSP48E2_X4Y3 rpm (792, 13)  tile (146, 304) DSP_X20Y5 is outside its area constraints.
. The instances in this site are: my_dsp, .
CRITICAL WARNING: [Place 30-943] Failed to place instances in site 'DSP48E2_X4Y4'. DSP_config_DSP_inst426_inst_mbo/my_dsp/DSP_ALU_INST placed on site DSP48E2_X4Y4 rpm (792, 22)  tile (146, 299) DSP_X20Y10 is outside its area constraints.
. The instances in this site are: my_dsp, .
CRITICAL WARNING: [Place 30-943] Failed to place instances in site 'DSP48E2_X4Y5'. DSP_config_DSP_inst426_inst_mbm/my_dsp/DSP_ALU_INST placed on site DSP48E2_X4Y5 rpm (792, 23)  tile (146, 299) DSP_X20Y10 is outside its area constraints.
. The instances in this site are: my_dsp, .
CRITICAL WARNING: [Place 30-943] Failed to place instances in site 'DSP48E2_X4Y6'. DSP_config_DSP_inst426_inst_mbl/my_dsp/DSP_ALU_INST placed on site DSP48E2_X4Y6 rpm (792, 32)  tile (146, 294) DSP_X20Y15 is outside its area constraints.
. The instances in this site are: my_dsp, .
CRITICAL WARNING: [Place 30-943] Failed to place instances in site 'DSP48E2_X4Y7'. DSP_config_DSP_inst426_inst_mbh/my_dsp/DSP_ALU_INST placed on site DSP48E2_X4Y7 rpm (792, 33)  tile (146, 294) DSP_X20Y15 is outside its area constraints.
. The instances in this site are: my_dsp, .
CRITICAL WARNING: [Place 30-943] Failed to place instances in site 'DSP48E2_X4Y8'. DSP_config_DSP_inst426_inst_mbf/my_dsp/DSP_ALU_INST placed on site DSP48E2_X4Y8 rpm (792, 42)  tile (146, 289) DSP_X20Y20 is outside its area constraints.
. The instances in this site are: my_dsp, .
CRITICAL WARNING: [Place 30-943] Failed to place instances in site 'DSP48E2_X4Y9'. DSP_config_DSP_inst426_inst_mbe/my_dsp/DSP_ALU_INST placed on site DSP48E2_X4Y9 rpm (792, 43)  tile (146, 289) DSP_X20Y20 is outside its area constraints.
. The instances in this site are: my_dsp, .
CRITICAL WARNING: [Place 30-943] Failed to place instances in site 'DSP48E2_X5Y15'. DSP_config_DSP_inst426_inst_hvz/my_dsp/DSP_ALU_INST placed on site DSP48E2_X5Y15 rpm (896, 75)  tile (159, 273) DSP_X23Y35 is outside its area constraints.
. The instances in this site are: my_dsp, .
CRITICAL WARNING: [Place 30-943] Failed to place instances in site 'DSP48E2_X5Y16'. DSP_config_DSP_inst426_inst_hvv/my_dsp/DSP_ALU_INST placed on site DSP48E2_X5Y16 rpm (896, 84)  tile (159, 268) DSP_X23Y40 is outside its area constraints.
. The instances in this site are: my_dsp, .
CRITICAL WARNING: [Place 30-943] Failed to place instances in site 'DSP48E2_X5Y17'. DSP_config_DSP_inst426_inst_hvs/my_dsp/DSP_ALU_INST placed on site DSP48E2_X5Y17 rpm (896, 85)  tile (159, 268) DSP_X23Y40 is outside its area constraints.
. The instances in this site are: my_dsp, .
CRITICAL WARNING: [Place 30-943] Failed to place instances in site 'DSP48E2_X5Y18'. DSP_config_DSP_inst426_inst_hvo/my_dsp/DSP_ALU_INST placed on site DSP48E2_X5Y18 rpm (896, 94)  tile (159, 263) DSP_X23Y45 is outside its area constraints.
. The instances in this site are: my_dsp, .
CRITICAL WARNING: [Place 30-943] Failed to place instances in site 'DSP48E2_X5Y19'. DSP_config_DSP_inst426_inst_hvm/my_dsp/DSP_ALU_INST placed on site DSP48E2_X5Y19 rpm (896, 95)  tile (159, 263) DSP_X23Y45 is outside its area constraints.
. The instances in this site are: my_dsp, .
CRITICAL WARNING: [Place 30-943] Failed to place instances in site 'DSP48E2_X5Y20'. DSP_config_DSP_inst426_inst_hvl/my_dsp/DSP_ALU_INST placed on site DSP48E2_X5Y20 rpm (896, 104)  tile (159, 258) DSP_X23Y50 is outside its area constraints.
. The instances in this site are: my_dsp, .
CRITICAL WARNING: [Place 30-943] Failed to place instances in site 'DSP48E2_X5Y21'. DSP_config_DSP_inst426_inst_hvh/my_dsp/DSP_ALU_INST placed on site DSP48E2_X5Y21 rpm (896, 105)  tile (159, 258) DSP_X23Y50 is outside its area constraints.
. The instances in this site are: my_dsp, .
CRITICAL WARNING: [Place 30-943] Failed to place instances in site 'DSP48E2_X5Y22'. DSP_config_DSP_inst426_inst_hvf/my_dsp/DSP_ALU_INST placed on site DSP48E2_X5Y22 rpm (896, 114)  tile (159, 253) DSP_X23Y55 is outside its area constraints.
. The instances in this site are: my_dsp, .
CRITICAL WARNING: [Place 30-943] Failed to place instances in site 'DSP48E2_X5Y23'. DSP_config_DSP_inst426_inst_hve/my_dsp/DSP_ALU_INST placed on site DSP48E2_X5Y23 rpm (896, 115)  tile (159, 253) DSP_X23Y55 is outside its area constraints.
. The instances in this site are: my_dsp, .
CRITICAL WARNING: [Place 30-943] Failed to place instances in site 'DSP48E2_X5Y24'. DSP_config_DSP_inst426_inst_hvb/my_dsp/DSP_ALU_INST placed on site DSP48E2_X5Y24 rpm (896, 126)  tile (159, 247) DSP_X23Y60 is outside its area constraints.
. The instances in this site are: my_dsp, .
CRITICAL WARNING: [Place 30-943] Failed to place instances in site 'DSP48E2_X5Y26'. DSP_config_DSP_inst426_inst_hsz/my_dsp/DSP_ALU_INST placed on site DSP48E2_X5Y26 rpm (896, 136)  tile (159, 242) DSP_X23Y65 is outside its area constraints.
. The instances in this site are: my_dsp, .
CRITICAL WARNING: [Place 30-943] Failed to place instances in site 'DSP48E2_X5Y27'. DSP_config_DSP_inst426_inst_hsv/my_dsp/DSP_ALU_INST placed on site DSP48E2_X5Y27 rpm (896, 137)  tile (159, 242) DSP_X23Y65 is outside its area constraints.
. The instances in this site are: my_dsp, .
CRITICAL WARNING: [Place 30-943] Failed to place instances in site 'DSP48E2_X5Y28'. DSP_config_DSP_inst426_inst_hss/my_dsp/DSP_ALU_INST placed on site DSP48E2_X5Y28 rpm (896, 146)  tile (159, 237) DSP_X23Y70 is outside its area constraints.
. The instances in this site are: my_dsp, .
CRITICAL WARNING: [Place 30-943] Failed to place instances in site 'DSP48E2_X5Y29'. DSP_config_DSP_inst426_inst_hso/my_dsp/DSP_ALU_INST placed on site DSP48E2_X5Y29 rpm (896, 147)  tile (159, 237) DSP_X23Y70 is outside its area constraints.
. The instances in this site are: my_dsp, .
CRITICAL WARNING: [Place 30-943] Failed to place instances in site 'DSP48E2_X5Y30'. DSP_config_DSP_inst426_inst_hsm/my_dsp/DSP_ALU_INST placed on site DSP48E2_X5Y30 rpm (896, 156)  tile (159, 232) DSP_X23Y75 is outside its area constraints.
. The instances in this site are: my_dsp, .
CRITICAL WARNING: [Place 30-943] Failed to place instances in site 'DSP48E2_X5Y31'. DSP_config_DSP_inst426_inst_hsl/my_dsp/DSP_ALU_INST placed on site DSP48E2_X5Y31 rpm (896, 157)  tile (159, 232) DSP_X23Y75 is outside its area constraints.
. The instances in this site are: my_dsp, .
CRITICAL WARNING: [Place 30-943] Failed to place instances in site 'DSP48E2_X5Y32'. DSP_config_DSP_inst426_inst_hsh/my_dsp/DSP_ALU_INST placed on site DSP48E2_X5Y32 rpm (896, 166)  tile (159, 227) DSP_X23Y80 is outside its area constraints.
. The instances in this site are: my_dsp, .
CRITICAL WARNING: [Place 30-943] Failed to place instances in site 'DSP48E2_X5Y33'. DSP_config_DSP_inst426_inst_hsf/my_dsp/DSP_ALU_INST placed on site DSP48E2_X5Y33 rpm (896, 167)  tile (159, 227) DSP_X23Y80 is outside its area constraints.
. The instances in this site are: my_dsp, .
CRITICAL WARNING: [Place 30-943] Failed to place instances in site 'DSP48E2_X5Y34'. DSP_config_DSP_inst426_inst_hse/my_dsp/DSP_ALU_INST placed on site DSP48E2_X5Y34 rpm (896, 176)  tile (159, 222) DSP_X23Y85 is outside its area constraints.
. The instances in this site are: my_dsp, .
CRITICAL WARNING: [Place 30-943] Failed to place instances in site 'DSP48E2_X5Y35'. DSP_config_DSP_inst426_inst_hsb/my_dsp/DSP_ALU_INST placed on site DSP48E2_X5Y35 rpm (896, 177)  tile (159, 222) DSP_X23Y85 is outside its area constraints.
. The instances in this site are: my_dsp, .
CRITICAL WARNING: [Place 30-943] Failed to place instances in site 'DSP48E2_X5Y38'. DSP_config_DSP_inst426_inst_hov/my_dsp/DSP_ALU_INST placed on site DSP48E2_X5Y38 rpm (896, 198)  tile (159, 211) DSP_X23Y95 is outside its area constraints.
. The instances in this site are: my_dsp, .
CRITICAL WARNING: [Place 30-943] Failed to place instances in site 'DSP48E2_X5Y39'. DSP_config_DSP_inst426_inst_hos/my_dsp/DSP_ALU_INST placed on site DSP48E2_X5Y39 rpm (896, 199)  tile (159, 211) DSP_X23Y95 is outside its area constraints.
. The instances in this site are: my_dsp, .
CRITICAL WARNING: [Place 30-943] Failed to place instances in site 'DSP48E2_X5Y40'. DSP_config_DSP_inst426_inst_hoo/my_dsp/DSP_ALU_INST placed on site DSP48E2_X5Y40 rpm (896, 208)  tile (159, 206) DSP_X23Y100 is outside its area constraints.
. The instances in this site are: my_dsp, .
CRITICAL WARNING: [Place 30-943] Failed to place instances in site 'DSP48E2_X5Y41'. DSP_config_DSP_inst426_inst_hom/my_dsp/DSP_ALU_INST placed on site DSP48E2_X5Y41 rpm (896, 209)  tile (159, 206) DSP_X23Y100 is outside its area constraints.
. The instances in this site are: my_dsp, .
CRITICAL WARNING: [Place 30-943] Failed to place instances in site 'DSP48E2_X5Y42'. DSP_config_DSP_inst426_inst_hol/my_dsp/DSP_ALU_INST placed on site DSP48E2_X5Y42 rpm (896, 218)  tile (159, 201) DSP_X23Y105 is outside its area constraints.
. The instances in this site are: my_dsp, .
CRITICAL WARNING: [Place 30-943] Failed to place instances in site 'DSP48E2_X5Y43'. DSP_config_DSP_inst426_inst_hoh/my_dsp/DSP_ALU_INST placed on site DSP48E2_X5Y43 rpm (896, 219)  tile (159, 201) DSP_X23Y105 is outside its area constraints.
. The instances in this site are: my_dsp, .
CRITICAL WARNING: [Place 30-943] Failed to place instances in site 'DSP48E2_X5Y44'. DSP_config_DSP_inst426_inst_hof/my_dsp/DSP_ALU_INST placed on site DSP48E2_X5Y44 rpm (896, 228)  tile (159, 196) DSP_X23Y110 is outside its area constraints.
. The instances in this site are: my_dsp, .
CRITICAL WARNING: [Place 30-943] Failed to place instances in site 'DSP48E2_X5Y45'. DSP_config_DSP_inst426_inst_hoe/my_dsp/DSP_ALU_INST placed on site DSP48E2_X5Y45 rpm (896, 229)  tile (159, 196) DSP_X23Y110 is outside its area constraints.
. The instances in this site are: my_dsp, .
CRITICAL WARNING: [Place 30-943] Failed to place instances in site 'DSP48E2_X7Y100'. DSP_config_DSP_inst426_inst_bzzo/my_dsp/DSP_ALU_INST placed on site DSP48E2_X7Y100 rpm (1240, 518)  tile (202, 51) DSP_X33Y250 is outside its area constraints.
. The instances in this site are: my_dsp, .
CRITICAL WARNING: [Place 30-943] Failed to place instances in site 'DSP48E2_X7Y101'. DSP_config_DSP_inst426_inst_bzzm/my_dsp/DSP_ALU_INST placed on site DSP48E2_X7Y101 rpm (1240, 519)  tile (202, 51) DSP_X33Y250 is outside its area constraints.
. The instances in this site are: my_dsp, .
CRITICAL WARNING: [Place 30-943] Failed to place instances in site 'DSP48E2_X7Y102'. DSP_config_DSP_inst426_inst_bzzl/my_dsp/DSP_ALU_INST placed on site DSP48E2_X7Y102 rpm (1240, 528)  tile (202, 46) DSP_X33Y255 is outside its area constraints.
. The instances in this site are: my_dsp, .
CRITICAL WARNING: [Place 30-943] Failed to place instances in site 'DSP48E2_X7Y103'. DSP_config_DSP_inst426_inst_bzzh/my_dsp/DSP_ALU_INST placed on site DSP48E2_X7Y103 rpm (1240, 529)  tile (202, 46) DSP_X33Y255 is outside its area constraints.
. The instances in this site are: my_dsp, .
CRITICAL WARNING: [Place 30-943] Failed to place instances in site 'DSP48E2_X7Y104'. DSP_config_DSP_inst426_inst_bzzf/my_dsp/DSP_ALU_INST placed on site DSP48E2_X7Y104 rpm (1240, 538)  tile (202, 41) DSP_X33Y260 is outside its area constraints.
. The instances in this site are: my_dsp, .
CRITICAL WARNING: [Place 30-943] Failed to place instances in site 'DSP48E2_X7Y105'. DSP_config_DSP_inst426_inst_bzze/my_dsp/DSP_ALU_INST placed on site DSP48E2_X7Y105 rpm (1240, 539)  tile (202, 41) DSP_X33Y260 is outside its area constraints.
. The instances in this site are: my_dsp, .
CRITICAL WARNING: [Place 30-943] Failed to place instances in site 'DSP48E2_X7Y106'. DSP_config_DSP_inst426_inst_bzzb/my_dsp/DSP_ALU_INST placed on site DSP48E2_X7Y106 rpm (1240, 548)  tile (202, 36) DSP_X33Y265 is outside its area constraints.
. The instances in this site are: my_dsp, .
CRITICAL WARNING: [Place 30-943] Failed to place instances in site 'DSP48E2_X7Y97'. DSP_config_DSP_inst426_inst_bzzz/my_dsp/DSP_ALU_INST placed on site DSP48E2_X7Y97 rpm (1240, 499)  tile (202, 61) DSP_X33Y240 is outside its area constraints.
. The instances in this site are: my_dsp, .
CRITICAL WARNING: [Place 30-943] Failed to place instances in site 'DSP48E2_X7Y98'. DSP_config_DSP_inst426_inst_bzzv/my_dsp/DSP_ALU_INST placed on site DSP48E2_X7Y98 rpm (1240, 508)  tile (202, 56) DSP_X33Y245 is outside its area constraints.
. The instances in this site are: my_dsp, .
CRITICAL WARNING: [Place 30-943] Failed to place instances in site 'DSP48E2_X7Y99'. DSP_config_DSP_inst426_inst_bzzs/my_dsp/DSP_ALU_INST placed on site DSP48E2_X7Y99 rpm (1240, 509)  tile (202, 56) DSP_X33Y245 is outside its area constraints.
. The instances in this site are: my_dsp, .
CRITICAL WARNING: [Place 30-943] Failed to place instances in site 'DSP48E2_X8Y48'. DSP_config_DSP_inst426_inst_bzhl/my_dsp/DSP_ALU_INST placed on site DSP48E2_X8Y48 rpm (1472, 250)  tile (277, 185) DSP_X39Y120 is outside its area constraints.
. The instances in this site are: my_dsp, .
CRITICAL WARNING: [Place 30-943] Failed to place instances in site 'DSP48E2_X8Y49'. DSP_config_DSP_inst426_inst_bzhh/my_dsp/DSP_ALU_INST placed on site DSP48E2_X8Y49 rpm (1472, 251)  tile (277, 185) DSP_X39Y120 is outside its area constraints.
. The instances in this site are: my_dsp, .
CRITICAL WARNING: [Place 30-943] Failed to place instances in site 'DSP48E2_X8Y50'. DSP_config_DSP_inst426_inst_bzhf/my_dsp/DSP_ALU_INST placed on site DSP48E2_X8Y50 rpm (1472, 260)  tile (277, 180) DSP_X39Y125 is outside its area constraints.
. The instances in this site are: my_dsp, .
CRITICAL WARNING: [Place 30-943] Failed to place instances in site 'DSP48E2_X8Y51'. DSP_config_DSP_inst426_inst_bzhe/my_dsp/DSP_ALU_INST placed on site DSP48E2_X8Y51 rpm (1472, 261)  tile (277, 180) DSP_X39Y125 is outside its area constraints.
. The instances in this site are: my_dsp, .
CRITICAL WARNING: [Place 30-943] Failed to place instances in site 'DSP48E2_X8Y52'. DSP_config_DSP_inst426_inst_bzhb/my_dsp/DSP_ALU_INST placed on site DSP48E2_X8Y52 rpm (1472, 270)  tile (277, 175) DSP_X39Y130 is outside its area constraints.
. The instances in this site are: my_dsp, .
CRITICAL WARNING: [Place 30-943] Failed to place instances in site 'DSP48E2_X8Y54'. DSP_config_DSP_inst426_inst_bzfz/my_dsp/DSP_ALU_INST placed on site DSP48E2_X8Y54 rpm (1472, 280)  tile (277, 170) DSP_X39Y135 is outside its area constraints.
. The instances in this site are: my_dsp, .
CRITICAL WARNING: [Place 30-943] Failed to place instances in site 'DSP48E2_X8Y55'. DSP_config_DSP_inst426_inst_bzfv/my_dsp/DSP_ALU_INST placed on site DSP48E2_X8Y55 rpm (1472, 281)  tile (277, 170) DSP_X39Y135 is outside its area constraints.
. The instances in this site are: my_dsp, .
CRITICAL WARNING: [Place 30-943] Failed to place instances in site 'DSP48E2_X8Y56'. DSP_config_DSP_inst426_inst_bzfs/my_dsp/DSP_ALU_INST placed on site DSP48E2_X8Y56 rpm (1472, 290)  tile (277, 165) DSP_X39Y140 is outside its area constraints.
. The instances in this site are: my_dsp, .
CRITICAL WARNING: [Place 30-943] Failed to place instances in site 'DSP48E2_X8Y57'. DSP_config_DSP_inst426_inst_bzfo/my_dsp/DSP_ALU_INST placed on site DSP48E2_X8Y57 rpm (1472, 291)  tile (277, 165) DSP_X39Y140 is outside its area constraints.
. The instances in this site are: my_dsp, .
CRITICAL WARNING: [Place 30-943] Failed to place instances in site 'DSP48E2_X8Y58'. DSP_config_DSP_inst426_inst_bzfm/my_dsp/DSP_ALU_INST placed on site DSP48E2_X8Y58 rpm (1472, 300)  tile (277, 160) DSP_X39Y145 is outside its area constraints.
. The instances in this site are: my_dsp, .
CRITICAL WARNING: [Place 30-943] Failed to place instances in site 'DSP48E2_X8Y59'. DSP_config_DSP_inst426_inst_bzfl/my_dsp/DSP_ALU_INST placed on site DSP48E2_X8Y59 rpm (1472, 301)  tile (277, 160) DSP_X39Y145 is outside its area constraints.
. The instances in this site are: my_dsp, .
CRITICAL WARNING: [Place 30-943] Failed to place instances in site 'DSP48E2_X8Y60'. DSP_config_DSP_inst426_inst_bzfh/my_dsp/DSP_ALU_INST placed on site DSP48E2_X8Y60 rpm (1472, 312)  tile (277, 154) DSP_X39Y150 is outside its area constraints.
. The instances in this site are: my_dsp, .
CRITICAL WARNING: [Place 30-943] Failed to place instances in site 'DSP48E2_X8Y61'. DSP_config_DSP_inst426_inst_bzff/my_dsp/DSP_ALU_INST placed on site DSP48E2_X8Y61 rpm (1472, 313)  tile (277, 154) DSP_X39Y150 is outside its area constraints.
. The instances in this site are: my_dsp, .
CRITICAL WARNING: [Place 30-943] Failed to place instances in site 'DSP48E2_X8Y62'. DSP_config_DSP_inst426_inst_bzfe/my_dsp/DSP_ALU_INST placed on site DSP48E2_X8Y62 rpm (1472, 322)  tile (277, 149) DSP_X39Y155 is outside its area constraints.
. The instances in this site are: my_dsp, .
CRITICAL WARNING: [Place 30-943] Failed to place instances in site 'DSP48E2_X8Y63'. DSP_config_DSP_inst426_inst_bzfb/my_dsp/DSP_ALU_INST placed on site DSP48E2_X8Y63 rpm (1472, 323)  tile (277, 149) DSP_X39Y155 is outside its area constraints.
. The instances in this site are: my_dsp, .
CRITICAL WARNING: [Place 30-943] Failed to place instances in site 'DSP48E2_X8Y65'. DSP_config_DSP_inst426_inst_bzez/my_dsp/DSP_ALU_INST placed on site DSP48E2_X8Y65 rpm (1472, 333)  tile (277, 144) DSP_X39Y160 is outside its area constraints.
. The instances in this site are: my_dsp, .
CRITICAL WARNING: [Place 30-943] Failed to place instances in site 'DSP48E2_X8Y68'. DSP_config_DSP_inst426_inst_bzeo/my_dsp/DSP_ALU_INST placed on site DSP48E2_X8Y68 rpm (1472, 352)  tile (277, 134) DSP_X39Y170 is outside its area constraints.
. The instances in this site are: my_dsp, .
CRITICAL WARNING: [Place 30-943] Failed to place instances in site 'DSP48E2_X8Y69'. DSP_config_DSP_inst426_inst_bzem/my_dsp/DSP_ALU_INST placed on site DSP48E2_X8Y69 rpm (1472, 353)  tile (277, 134) DSP_X39Y170 is outside its area constraints.
. The instances in this site are: my_dsp, .
CRITICAL WARNING: [Place 30-943] Failed to place instances in site 'DSP48E2_X8Y71'. DSP_config_DSP_inst426_inst_bzeh/my_dsp/DSP_ALU_INST placed on site DSP48E2_X8Y71 rpm (1472, 363)  tile (277, 129) DSP_X39Y175 is outside its area constraints.
. The instances in this site are: my_dsp, .
CRITICAL WARNING: [Place 30-943] Failed to place instances in site 'DSP48E2_X8Y72'. DSP_config_DSP_inst426_inst_bzef/my_dsp/DSP_ALU_INST placed on site DSP48E2_X8Y72 rpm (1472, 374)  tile (277, 123) DSP_X39Y180 is outside its area constraints.
. The instances in this site are: my_dsp, .
CRITICAL WARNING: [Place 30-943] Failed to place instances in site 'DSP48E2_X8Y74'. DSP_config_DSP_inst426_inst_bzeb/my_dsp/DSP_ALU_INST placed on site DSP48E2_X8Y74 rpm (1472, 384)  tile (277, 118) DSP_X39Y185 is outside its area constraints.
. The instances in this site are: my_dsp, .
CRITICAL WARNING: [Place 30-943] Failed to place instances in site 'DSP48E2_X8Y76'. DSP_config_DSP_inst426_inst_bzbz/my_dsp/DSP_ALU_INST placed on site DSP48E2_X8Y76 rpm (1472, 394)  tile (277, 113) DSP_X39Y190 is outside its area constraints.
. The instances in this site are: my_dsp, .
CRITICAL WARNING: [Place 30-943] Failed to place instances in site 'DSP48E2_X8Y77'. DSP_config_DSP_inst426_inst_bzbv/my_dsp/DSP_ALU_INST placed on site DSP48E2_X8Y77 rpm (1472, 395)  tile (277, 113) DSP_X39Y190 is outside its area constraints.
. The instances in this site are: my_dsp, .
CRITICAL WARNING: [Place 30-943] Failed to place instances in site 'DSP48E2_X8Y78'. DSP_config_DSP_inst426_inst_bzbs/my_dsp/DSP_ALU_INST placed on site DSP48E2_X8Y78 rpm (1472, 404)  tile (277, 108) DSP_X39Y195 is outside its area constraints.
. The instances in this site are: my_dsp, .
CRITICAL WARNING: [Place 30-943] Failed to place instances in site 'DSP48E2_X8Y79'. DSP_config_DSP_inst426_inst_bzbo/my_dsp/DSP_ALU_INST placed on site DSP48E2_X8Y79 rpm (1472, 405)  tile (277, 108) DSP_X39Y195 is outside its area constraints.
. The instances in this site are: my_dsp, .
CRITICAL WARNING: [Place 30-943] Failed to place instances in site 'DSP48E2_X8Y80'. DSP_config_DSP_inst426_inst_bzbm/my_dsp/DSP_ALU_INST placed on site DSP48E2_X8Y80 rpm (1472, 414)  tile (277, 103) DSP_X39Y200 is outside its area constraints.
. The instances in this site are: my_dsp, .
CRITICAL WARNING: [Place 30-943] Failed to place instances in site 'DSP48E2_X8Y81'. DSP_config_DSP_inst426_inst_bzbl/my_dsp/DSP_ALU_INST placed on site DSP48E2_X8Y81 rpm (1472, 415)  tile (277, 103) DSP_X39Y200 is outside its area constraints.
. The instances in this site are: my_dsp, .
CRITICAL WARNING: [Place 30-943] Failed to place instances in site 'DSP48E2_X8Y82'. DSP_config_DSP_inst426_inst_bzbh/my_dsp/DSP_ALU_INST placed on site DSP48E2_X8Y82 rpm (1472, 424)  tile (277, 98) DSP_X39Y205 is outside its area constraints.
. The instances in this site are: my_dsp, .
CRITICAL WARNING: [Place 30-943] Failed to place instances in site 'DSP48E2_X8Y83'. DSP_config_DSP_inst426_inst_bzbf/my_dsp/DSP_ALU_INST placed on site DSP48E2_X8Y83 rpm (1472, 425)  tile (277, 98) DSP_X39Y205 is outside its area constraints.
. The instances in this site are: my_dsp, .
CRITICAL WARNING: [Place 30-943] Failed to place instances in site 'DSP48E2_X8Y84'. DSP_config_DSP_inst426_inst_bzbe/my_dsp/DSP_ALU_INST placed on site DSP48E2_X8Y84 rpm (1472, 436)  tile (277, 92) DSP_X39Y210 is outside its area constraints.
. The instances in this site are: my_dsp, .
CRITICAL WARNING: [Place 30-943] Failed to place instances in site 'DSP48E2_X8Y85'. DSP_config_DSP_inst426_inst_bzbb/my_dsp/DSP_ALU_INST placed on site DSP48E2_X8Y85 rpm (1472, 437)  tile (277, 92) DSP_X39Y210 is outside its area constraints.
. The instances in this site are: my_dsp, .
CRITICAL WARNING: [Place 30-943] Failed to place instances in site 'DSP48E2_X9Y11'. DSP_config_DSP_inst426_inst_bov/my_dsp/DSP_ALU_INST placed on site DSP48E2_X9Y11 rpm (1872, 53)  tile (327, 284) DSP_X51Y25 is outside its area constraints.
. The instances in this site are: my_dsp, .
CRITICAL WARNING: [Place 30-943] Failed to place instances in site 'DSP48E2_X9Y22'. DSP_config_DSP_inst426_inst_bos/my_dsp/DSP_ALU_INST placed on site DSP48E2_X9Y22 rpm (1872, 114)  tile (327, 253) DSP_X51Y55 is outside its area constraints.
. The instances in this site are: my_dsp, .
CRITICAL WARNING: [Place 30-943] Failed to place instances in site 'DSP48E2_X9Y33'. DSP_config_DSP_inst426_inst_boo/my_dsp/DSP_ALU_INST placed on site DSP48E2_X9Y33 rpm (1872, 167)  tile (327, 227) DSP_X51Y80 is outside its area constraints.
. The instances in this site are: my_dsp, .
CRITICAL WARNING: [Place 30-943] Failed to place instances in site 'DSP48E2_X9Y55'. DSP_config_DSP_inst426_inst_bol/my_dsp/DSP_ALU_INST placed on site DSP48E2_X9Y55 rpm (1872, 281)  tile (327, 170) DSP_X51Y135 is outside its area constraints.
. The instances in this site are: my_dsp, .
CRITICAL WARNING: [Place 30-943] Failed to place instances in site 'RAMB36_X1Y21'. BRAM_config_BRAM_SDP_inst0_inst_oz/my_sdpram placed on site RAMB36_X1Y21 rpm (400, 220)  tile (97, 201) BRAM_X10Y105 is outside its area constraints.
. The instances in this site are: my_sdpram, .
CRITICAL WARNING: [Place 30-943] Failed to place instances in site 'RAMB36_X1Y22'. BRAM_config_BRAM_SDP_inst0_inst_ov/my_sdpram placed on site RAMB36_X1Y22 rpm (400, 230)  tile (97, 196) BRAM_X10Y110 is outside its area constraints.
. The instances in this site are: my_sdpram, .
CRITICAL WARNING: [Place 30-943] Failed to place instances in site 'RAMB36_X1Y23'. BRAM_config_BRAM_SDP_inst0_inst_os/my_sdpram placed on site RAMB36_X1Y23 rpm (400, 240)  tile (97, 191) BRAM_X10Y115 is outside its area constraints.
. The instances in this site are: my_sdpram, .
CRITICAL WARNING: [Place 30-943] Failed to place instances in site 'RAMB36_X1Y24'. BRAM_config_BRAM_SDP_inst0_inst_oo/my_sdpram placed on site RAMB36_X1Y24 rpm (400, 252)  tile (97, 185) BRAM_X10Y120 is outside its area constraints.
. The instances in this site are: my_sdpram, .
CRITICAL WARNING: [Place 30-943] Failed to place instances in site 'RAMB36_X1Y33'. BRAM_config_BRAM_SDP_inst0_inst_om/my_sdpram placed on site RAMB36_X1Y33 rpm (400, 344)  tile (97, 139) BRAM_X10Y165 is outside its area constraints.
. The instances in this site are: my_sdpram, .
CRITICAL WARNING: [Place 30-943] Failed to place instances in site 'RAMB36_X1Y34'. BRAM_config_BRAM_SDP_inst0_inst_ol/my_sdpram placed on site RAMB36_X1Y34 rpm (400, 354)  tile (97, 134) BRAM_X10Y170 is outside its area constraints.
. The instances in this site are: my_sdpram, .
CRITICAL WARNING: [Place 30-943] Failed to place instances in site 'RAMB36_X1Y35'. BRAM_config_BRAM_SDP_inst0_inst_oh/my_sdpram placed on site RAMB36_X1Y35 rpm (400, 364)  tile (97, 129) BRAM_X10Y175 is outside its area constraints.
. The instances in this site are: my_sdpram, .
CRITICAL WARNING: [Place 30-943] Failed to place instances in site 'RAMB36_X2Y57'. BRAM_config_BRAM_SDP_inst0_inst_mhv/my_sdpram placed on site RAMB36_X2Y57 rpm (720, 592)  tile (137, 15) BRAM_X19Y285 is outside its area constraints.
. The instances in this site are: my_sdpram, .
CRITICAL WARNING: [Place 30-943] Failed to place instances in site 'RAMB36_X4Y13'. BRAM_config_BRAM_SDP_inst0_inst_hv/my_sdpram placed on site RAMB36_X4Y13 rpm (1400, 138)  tile (268, 242) BRAM_X38Y65 is outside its area constraints.
. The instances in this site are: my_sdpram, .
CRITICAL WARNING: [Place 30-943] Failed to place instances in site 'RAMB36_X4Y24'. BRAM_config_BRAM_SDP_inst0_inst_hs/my_sdpram placed on site RAMB36_X4Y24 rpm (1400, 252)  tile (268, 185) BRAM_X38Y120 is outside its area constraints.
. The instances in this site are: my_sdpram, .
CRITICAL WARNING: [Place 30-943] Failed to place instances in site 'RAMB36_X5Y43'. BRAM_config_BRAM_SDP_inst0_inst_fzz/my_sdpram placed on site RAMB36_X5Y43 rpm (1904, 448)  tile (331, 87) BRAM_X53Y215 is outside its area constraints.
. The instances in this site are: my_sdpram, .
CRITICAL WARNING: [Place 30-943] Failed to place instances in site 'RAMB36_X5Y44'. BRAM_config_BRAM_SDP_inst0_inst_fzv/my_sdpram placed on site RAMB36_X5Y44 rpm (1904, 458)  tile (331, 82) BRAM_X53Y220 is outside its area constraints.
. The instances in this site are: my_sdpram, .
CRITICAL WARNING: [Place 30-943] Failed to place instances in site 'RAMB36_X5Y45'. BRAM_config_BRAM_SDP_inst0_inst_fzs/my_sdpram placed on site RAMB36_X5Y45 rpm (1904, 468)  tile (331, 77) BRAM_X53Y225 is outside its area constraints.
. The instances in this site are: my_sdpram, .
CRITICAL WARNING: [Place 30-943] Failed to place instances in site 'RAMB36_X5Y46'. BRAM_config_BRAM_SDP_inst0_inst_fzo/my_sdpram placed on site RAMB36_X5Y46 rpm (1904, 478)  tile (331, 72) BRAM_X53Y230 is outside its area constraints.
. The instances in this site are: my_sdpram, .
CRITICAL WARNING: [Place 30-943] Failed to place instances in site 'RAMB36_X5Y47'. BRAM_config_BRAM_SDP_inst0_inst_fzm/my_sdpram placed on site RAMB36_X5Y47 rpm (1904, 488)  tile (331, 67) BRAM_X53Y235 is outside its area constraints.
. The instances in this site are: my_sdpram, .
CRITICAL WARNING: [Place 30-943] Failed to place instances in site 'RAMB36_X5Y48'. BRAM_config_BRAM_SDP_inst0_inst_fzl/my_sdpram placed on site RAMB36_X5Y48 rpm (1904, 500)  tile (331, 61) BRAM_X53Y240 is outside its area constraints.
. The instances in this site are: my_sdpram, .
CRITICAL WARNING: [Place 30-943] Failed to place instances in site 'RAMB36_X5Y49'. BRAM_config_BRAM_SDP_inst0_inst_fzh/my_sdpram placed on site RAMB36_X5Y49 rpm (1904, 510)  tile (331, 56) BRAM_X53Y245 is outside its area constraints.
. The instances in this site are: my_sdpram, .
CRITICAL WARNING: [Place 30-943] Failed to place instances in site 'RAMB36_X5Y50'. BRAM_config_BRAM_SDP_inst0_inst_fzf/my_sdpram placed on site RAMB36_X5Y50 rpm (1904, 520)  tile (331, 51) BRAM_X53Y250 is outside its area constraints.
. The instances in this site are: my_sdpram, .
CRITICAL WARNING: [Place 30-943] Failed to place instances in site 'RAMB36_X5Y51'. BRAM_config_BRAM_SDP_inst0_inst_fze/my_sdpram placed on site RAMB36_X5Y51 rpm (1904, 530)  tile (331, 46) BRAM_X53Y255 is outside its area constraints.
. The instances in this site are: my_sdpram, .
CRITICAL WARNING: [Place 30-943] Failed to place instances in site 'RAMB36_X5Y52'. BRAM_config_BRAM_SDP_inst0_inst_fzb/my_sdpram placed on site RAMB36_X5Y52 rpm (1904, 540)  tile (331, 41) BRAM_X53Y260 is outside its area constraints.
. The instances in this site are: my_sdpram, .
CRITICAL WARNING: [Place 30-943] Failed to place instances in site 'RAMB36_X7Y25'. BRAM_config_BRAM_SDP_inst0_inst_fbo/my_sdpram placed on site RAMB36_X7Y25 rpm (2424, 262)  tile (396, 180) BRAM_X68Y125 is outside its area constraints.
. The instances in this site are: my_sdpram, .
CRITICAL WARNING: [Place 30-943] Failed to place instances in site 'RAMB36_X7Y26'. BRAM_config_BRAM_SDP_inst0_inst_fbm/my_sdpram placed on site RAMB36_X7Y26 rpm (2424, 272)  tile (396, 175) BRAM_X68Y130 is outside its area constraints.
. The instances in this site are: my_sdpram, .
CRITICAL WARNING: [Place 30-943] Failed to place instances in site 'RAMB36_X7Y28'. BRAM_config_BRAM_SDP_inst0_inst_fbh/my_sdpram placed on site RAMB36_X7Y28 rpm (2424, 292)  tile (396, 165) BRAM_X68Y140 is outside its area constraints.
. The instances in this site are: my_sdpram, .
CRITICAL WARNING: [Place 30-943] Failed to place instances in site 'RAMB36_X7Y29'. BRAM_config_BRAM_SDP_inst0_inst_fbf/my_sdpram placed on site RAMB36_X7Y29 rpm (2424, 302)  tile (396, 160) BRAM_X68Y145 is outside its area constraints.
. The instances in this site are: my_sdpram, .
CRITICAL WARNING: [Place 30-943] Failed to place instances in site 'RAMB36_X7Y31'. BRAM_config_BRAM_SDP_inst0_inst_fbb/my_sdpram placed on site RAMB36_X7Y31 rpm (2424, 324)  tile (396, 149) BRAM_X68Y155 is outside its area constraints.
. The instances in this site are: my_sdpram, .
CRITICAL WARNING: [Place 30-943] Failed to place instances in site 'RAMB36_X7Y34'. BRAM_config_BRAM_SDP_inst0_inst_ez/my_sdpram placed on site RAMB36_X7Y34 rpm (2424, 354)  tile (396, 134) BRAM_X68Y170 is outside its area constraints.
. The instances in this site are: my_sdpram, .
CRITICAL WARNING: [Place 30-943] Failed to place instances in site 'RAMB36_X8Y18'. BRAM_config_BRAM_SDP_inst0_inst_boz/my_sdpram placed on site RAMB36_X8Y18 rpm (2656, 190)  tile (471, 216) BRAM_X74Y90 is outside its area constraints.
. The instances in this site are: my_sdpram, .
CRITICAL WARNING: [Place 30-943] Failed to place instances in site 'RAMB36_X8Y21'. BRAM_config_BRAM_SDP_inst0_inst_boo/my_sdpram placed on site RAMB36_X8Y21 rpm (2656, 220)  tile (471, 201) BRAM_X74Y105 is outside its area constraints.
. The instances in this site are: my_sdpram, .
CRITICAL WARNING: [Place 30-943] Failed to place instances in site 'RAMB36_X8Y22'. BRAM_config_BRAM_SDP_inst0_inst_bom/my_sdpram placed on site RAMB36_X8Y22 rpm (2656, 230)  tile (471, 196) BRAM_X74Y110 is outside its area constraints.
. The instances in this site are: my_sdpram, .
CRITICAL WARNING: [Place 30-943] Failed to place instances in site 'RAMB36_X9Y0'. BRAM_config_BRAM_SDP_inst0_inst_bhb/my_sdpram placed on site RAMB36_X9Y0 rpm (3160, 4)  tile (534, 309) BRAM_X89Y0 is outside its area constraints.
. The instances in this site are: my_sdpram, .
CRITICAL WARNING: [Place 30-943] Failed to place instances in site 'RAMB36_X9Y10'. BRAM_config_BRAM_SDP_inst0_inst_bfe/my_sdpram placed on site RAMB36_X9Y10 rpm (3160, 106)  tile (534, 258) BRAM_X89Y50 is outside its area constraints.
. The instances in this site are: my_sdpram, .
CRITICAL WARNING: [Place 30-943] Failed to place instances in site 'RAMB36_X9Y3'. BRAM_config_BRAM_SDP_inst0_inst_bfv/my_sdpram placed on site RAMB36_X9Y3 rpm (3160, 34)  tile (534, 294) BRAM_X89Y15 is outside its area constraints.
. The instances in this site are: my_sdpram, .
CRITICAL WARNING: [Place 30-943] Failed to place instances in site 'RAMB36_X9Y4'. BRAM_config_BRAM_SDP_inst0_inst_bfs/my_sdpram placed on site RAMB36_X9Y4 rpm (3160, 44)  tile (534, 289) BRAM_X89Y20 is outside its area constraints.
. The instances in this site are: my_sdpram, .
CRITICAL WARNING: [Place 30-943] Failed to place instances in site 'RAMB36_X9Y7'. BRAM_config_BRAM_SDP_inst0_inst_bfl/my_sdpram placed on site RAMB36_X9Y7 rpm (3160, 76)  tile (534, 273) BRAM_X89Y35 is outside its area constraints.
. The instances in this site are: my_sdpram, .
INFO: [#UNDEF] Number of sites successfully placed '2119'.
INFO: [Place 30-948] Number of instances successfully placed 2119.
INFO: [#UNDEF] Failed to place 201 macros
Phase 2 Global Placement | Checksum: 22059cc38

Time (s): cpu = 00:12:04 ; elapsed = 00:07:06 . Memory (MB): peak = 8142.973 ; gain = 1434.223 ; free physical = 535 ; free virtual = 19212
ERROR: [Place 30-99] Placer failed with error: 'Failed to place macro locations.'
Please review all ERROR, CRITICAL WARNING, and WARNING messages during placement to understand the cause for failure.
Ending Placer Task | Checksum: 61bd7638

Time (s): cpu = 00:12:05 ; elapsed = 00:07:07 . Memory (MB): peak = 8142.973 ; gain = 1434.223 ; free physical = 738 ; free virtual = 19414
INFO: [Common 17-83] Releasing license: Implementation
16 Infos, 0 Warnings, 201 Critical Warnings and 2 Errors encountered.
place_design failed
ERROR: [Common 17-69] Command failed: Placer could not place all instances
